#
# There is insufficient memory for the Java Runtime Environment to continue.
# Native memory allocation (malloc) failed to allocate 1631216 bytes for Chunk::new
# Possible reasons:
#   The system is out of physical RAM or swap space
#   The process is running with CompressedOops enabled, and the Java Heap may be blocking the growth of the native heap
# Possible solutions:
#   Reduce memory load on the system
#   Increase physical memory or swap space
#   Check if swap backing store is full
#   Decrease Java heap size (-Xmx/-Xms)
#   Decrease number of Java threads
#   Decrease Java thread stack sizes (-Xss)
#   Set larger code cache with -XX:ReservedCodeCacheSize=
#   JVM is running with Unscaled Compressed Oops mode in which the Java heap is
#     placed in the first 4GB address space. The Java Heap base address is the
#     maximum limit for the native heap growth. Please use -XX:HeapBaseMinAddress
#     to set the Java Heap base and to place the Java Heap above 4GB virtual address.
# This output file may be truncated or incomplete.
#
#  Out of Memory Error (./open/src/hotspot/share/memory/arena.cpp:197), pid=25716, tid=26544
#
# JRE version: Java(TM) SE Runtime Environment 18.9 (11.0.19+9) (build 11.0.19+9-LTS-224)
# Java VM: Java HotSpot(TM) 64-Bit Server VM 18.9 (11.0.19+9-LTS-224, mixed mode, tiered, compressed oops, g1 gc, windows-amd64)
# No core dump will be written. Minidumps are not enabled by default on client versions of Windows
#

---------------  S U M M A R Y ------------

Command Line: -XX:MaxMetaspaceSize=512m --add-opens=java.base/java.util=ALL-UNNAMED --add-opens=java.base/java.lang=ALL-UNNAMED --add-opens=java.base/java.lang.invoke=ALL-UNNAMED --add-opens=java.base/java.util=ALL-UNNAMED --add-opens=java.prefs/java.util.prefs=ALL-UNNAMED --add-opens=java.prefs/java.util.prefs=ALL-UNNAMED --add-opens=java.base/java.nio.charset=ALL-UNNAMED --add-opens=java.base/java.net=ALL-UNNAMED --add-opens=java.base/java.util.concurrent.atomic=ALL-UNNAMED -Xmx2048m -Dfile.encoding=windows-1252 -Duser.country=US -Duser.language=en -Duser.variant org.gradle.launcher.daemon.bootstrap.GradleDaemon 7.5.1

Host: 11th Gen Intel(R) Core(TM) i7-1165G7 @ 2.80GHz, 8 cores, 15G,  Windows 10 , 64 bit Build 19041 (10.0.19041.1)
Time: Fri Jan 19 20:07:46 2024 Pakistan Standard Time elapsed time: 128.051834 seconds (0d 0h 2m 8s)

---------------  T H R E A D  ---------------

Current thread (0x000001ce850dd000):  JavaThread "C2 CompilerThread0" daemon [_thread_in_native, id=26544, stack(0x00000072ea300000,0x00000072ea400000)]


Current CompileTask:
C2: 128051 6188   !   4       java.net.URLClassLoader$1::run (81 bytes)

Stack: [0x00000072ea300000,0x00000072ea400000]
Native frames: (J=compiled Java code, j=interpreted, Vv=VM code, C=native code)
V  [jvm.dll+0x65fe1a]
V  [jvm.dll+0x7a2bbf]
V  [jvm.dll+0x7a4289]
V  [jvm.dll+0x7a4923]
V  [jvm.dll+0x258a25]
V  [jvm.dll+0xb29cc]
V  [jvm.dll+0xb2f8c]
V  [jvm.dll+0x3670df]
V  [jvm.dll+0x1a25f4]
V  [jvm.dll+0x21187d]
V  [jvm.dll+0x2106f8]
V  [jvm.dll+0x18c841]
V  [jvm.dll+0x220989]
V  [jvm.dll+0x21ecac]
V  [jvm.dll+0x766921]
V  [jvm.dll+0x75f2e4]
V  [jvm.dll+0x65ecc5]
C  [ucrtbase.dll+0x21542]
C  [KERNEL32.DLL+0x16fd4]
C  [ntdll.dll+0x4cf31]


---------------  P R O C E S S  ---------------

Threads class SMR info:
_java_thread_list=0x000001ce87c916b0, length=78, elements={
0x000001cee6753800, 0x000001ce8484b800, 0x000001ce8484c800, 0x000001ce8508e000,
0x000001ce85092800, 0x000001ce850d8800, 0x000001ce850dd000, 0x000001ce850e2000,
0x000001ce850e6000, 0x000001ce851d0800, 0x000001ce87172000, 0x000001ce86513800,
0x000001ce86826800, 0x000001ce8527b000, 0x000001ce873ae800, 0x000001ce87181000,
0x000001ce86c9d000, 0x000001ce8725e000, 0x000001ce860e8800, 0x000001ce860eb000,
0x000001ce860e9000, 0x000001ce860ea000, 0x000001ce860eb800, 0x000001ce860e7000,
0x000001ce860e6000, 0x000001ce860ec800, 0x000001ce860e7800, 0x000001ce8745f000,
0x000001ce8745c000, 0x000001ce87460000, 0x000001ce8745c800, 0x000001ce8745d800,
0x000001ce8745e800, 0x000001ce87461800, 0x000001ce873e9000, 0x000001ce873ec000,
0x000001ce873eb800, 0x000001ce873ed000, 0x000001ce873e7800, 0x000001ce873ee000,
0x000001ce873e8000, 0x000001ce873ee800, 0x000001ce873e9800, 0x000001ce873f0800,
0x000001ce873ef800, 0x000001ce873ea800, 0x000001ce873f1000, 0x000001ce873f2000,
0x000001ce873f6000, 0x000001ce873f2800, 0x000001ce873f3800, 0x000001ce873f4800,
0x000001ce873f5000, 0x000001ce87b93800, 0x000001ce87b96800, 0x000001ce87b97800,
0x000001ce87b96000, 0x000001ce87b92800, 0x000001ce87b9a000, 0x000001ce87b95000,
0x000001ce87b94000, 0x000001ce87b98800, 0x000001ce87b9b800, 0x000001ce87b9c800,
0x000001ce87b9d000, 0x000001ce87b9f000, 0x000001ce87b99000, 0x000001ce87b9e000,
0x000001ce87ba0800, 0x000001ce87b9f800, 0x000001ce87b9a800, 0x000001ce87ba1800,
0x000001ce861a1800, 0x000001ce861a2800, 0x000001ce861a3000, 0x000001ce8619d800,
0x000001ce861a4000, 0x000001ce861a5000
}

Java Threads: ( => current thread )
  0x000001cee6753800 JavaThread "main" [_thread_blocked, id=23868, stack(0x00000072e9700000,0x00000072e9800000)]
  0x000001ce8484b800 JavaThread "Reference Handler" daemon [_thread_blocked, id=22740, stack(0x00000072e9e00000,0x00000072e9f00000)]
  0x000001ce8484c800 JavaThread "Finalizer" daemon [_thread_blocked, id=24456, stack(0x00000072e9f00000,0x00000072ea000000)]
  0x000001ce8508e000 JavaThread "Signal Dispatcher" daemon [_thread_blocked, id=26112, stack(0x00000072ea000000,0x00000072ea100000)]
  0x000001ce85092800 JavaThread "Attach Listener" daemon [_thread_blocked, id=26116, stack(0x00000072ea100000,0x00000072ea200000)]
  0x000001ce850d8800 JavaThread "Service Thread" daemon [_thread_blocked, id=1016, stack(0x00000072ea200000,0x00000072ea300000)]
=>0x000001ce850dd000 JavaThread "C2 CompilerThread0" daemon [_thread_in_native, id=26544, stack(0x00000072ea300000,0x00000072ea400000)]
  0x000001ce850e2000 JavaThread "C1 CompilerThread0" daemon [_thread_blocked, id=26344, stack(0x00000072ea400000,0x00000072ea500000)]
  0x000001ce850e6000 JavaThread "Sweeper thread" daemon [_thread_blocked, id=8988, stack(0x00000072ea500000,0x00000072ea600000)]
  0x000001ce851d0800 JavaThread "Common-Cleaner" daemon [_thread_blocked, id=24452, stack(0x00000072ea600000,0x00000072ea700000)]
  0x000001ce87172000 JavaThread "Daemon health stats" [_thread_blocked, id=5716, stack(0x00000072eae00000,0x00000072eaf00000)]
  0x000001ce86513800 JavaThread "Incoming local TCP Connector on port 63748" [_thread_in_native, id=12668, stack(0x00000072ead00000,0x00000072eae00000)]
  0x000001ce86826800 JavaThread "Daemon periodic checks" [_thread_blocked, id=8812, stack(0x00000072eaf00000,0x00000072eb000000)]
  0x000001ce8527b000 JavaThread "Daemon" [_thread_blocked, id=6952, stack(0x00000072eb000000,0x00000072eb100000)]
  0x000001ce873ae800 JavaThread "Handler for socket connection from /127.0.0.1:63748 to /127.0.0.1:63749" [_thread_in_native, id=3864, stack(0x00000072eb100000,0x00000072eb200000)]
  0x000001ce87181000 JavaThread "Cancel handler" [_thread_blocked, id=25720, stack(0x00000072eb200000,0x00000072eb300000)]
  0x000001ce86c9d000 JavaThread "Daemon worker" [_thread_blocked, id=23220, stack(0x00000072eb300000,0x00000072eb400000)]
  0x000001ce8725e000 JavaThread "Asynchronous log dispatcher for DefaultDaemonConnection: socket connection from /127.0.0.1:63748 to /127.0.0.1:63749" [_thread_blocked, id=24372, stack(0x00000072eb400000,0x00000072eb500000)]
  0x000001ce860e8800 JavaThread "Daemon client event forwarder" [_thread_blocked, id=18644, stack(0x00000072eb600000,0x00000072eb700000)]
  0x000001ce860eb000 JavaThread "Cache worker for journal cache (C:\Users\Ayaz khalid\.gradle\caches\journal-1)" [_thread_blocked, id=3884, stack(0x00000072eb700000,0x00000072eb800000)]
  0x000001ce860e9000 JavaThread "File lock request listener" [_thread_in_native, id=20772, stack(0x00000072eb800000,0x00000072eb900000)]
  0x000001ce860ea000 JavaThread "Cache worker for file hash cache (C:\Users\Ayaz khalid\.gradle\caches\7.5.1\fileHashes)" [_thread_blocked, id=9488, stack(0x00000072eb900000,0x00000072eba00000)]
  0x000001ce860eb800 JavaThread "File lock release action executor" [_thread_blocked, id=25464, stack(0x00000072ebd00000,0x00000072ebe00000)]
  0x000001ce860e7000 JavaThread "File watcher server" daemon [_thread_in_native, id=24336, stack(0x00000072ebe00000,0x00000072ebf00000)]
  0x000001ce860e6000 JavaThread "File watcher consumer" daemon [_thread_blocked, id=21596, stack(0x00000072ebf00000,0x00000072ec000000)]
  0x000001ce860ec800 JavaThread "Cache worker for checksums cache (D:\Ayaz Khalid\Live-Projects\BMServicesPlayStoreLive\android\.gradle\7.5.1\checksums)" [_thread_blocked, id=22988, stack(0x00000072ec000000,0x00000072ec100000)]
  0x000001ce860e7800 JavaThread "Cache worker for cache directory md-rule (C:\Users\Ayaz khalid\.gradle\caches\7.5.1\md-rule)" [_thread_blocked, id=23524, stack(0x00000072ec100000,0x00000072ec200000)]
  0x000001ce8745f000 JavaThread "Cache worker for file content cache (C:\Users\Ayaz khalid\.gradle\caches\7.5.1\fileContent)" [_thread_blocked, id=20488, stack(0x00000072ec200000,0x00000072ec300000)]
  0x000001ce8745c000 JavaThread "Cache worker for file hash cache (D:\Ayaz Khalid\Live-Projects\BMServicesPlayStoreLive\android\.gradle\7.5.1\fileHashes)" [_thread_blocked, id=23920, stack(0x00000072ec300000,0x00000072ec400000)]
  0x000001ce87460000 JavaThread "Cache worker for cache directory md-supplier (C:\Users\Ayaz khalid\.gradle\caches\7.5.1\md-supplier)" [_thread_blocked, id=17688, stack(0x00000072ec400000,0x00000072ec500000)]
  0x000001ce8745c800 JavaThread "Cache worker for execution history cache (C:\Users\Ayaz khalid\.gradle\caches\7.5.1\executionHistory)" [_thread_blocked, id=16276, stack(0x00000072ec500000,0x00000072ec600000)]
  0x000001ce8745d800 JavaThread "jar transforms" [_thread_blocked, id=26340, stack(0x00000072ec800000,0x00000072ec900000)]
  0x000001ce8745e800 JavaThread "jar transforms Thread 2" [_thread_blocked, id=15796, stack(0x00000072ec700000,0x00000072ec800000)]
  0x000001ce87461800 JavaThread "jar transforms Thread 3" [_thread_blocked, id=10272, stack(0x00000072ec900000,0x00000072eca00000)]
  0x000001ce873e9000 JavaThread "jar transforms Thread 4" [_thread_blocked, id=24840, stack(0x00000072eca00000,0x00000072ecb00000)]
  0x000001ce873ec000 JavaThread "Cache worker for kotlin-dsl (C:\Users\Ayaz khalid\.gradle\caches\7.5.1\kotlin-dsl)" [_thread_blocked, id=15932, stack(0x00000072e9400000,0x00000072e9500000)]
  0x000001ce873eb800 JavaThread "jar transforms Thread 5" [_thread_blocked, id=12496, stack(0x00000072e9500000,0x00000072e9600000)]
  0x000001ce873ed000 JavaThread "File lock release action executor Thread 2" [_thread_blocked, id=24660, stack(0x00000072e9600000,0x00000072e9700000)]
  0x000001ce873e7800 JavaThread "jar transforms Thread 6" [_thread_blocked, id=25656, stack(0x00000072eb500000,0x00000072eb600000)]
  0x000001ce873ee000 JavaThread "Cache worker for dependencies-accessors (D:\Ayaz Khalid\Live-Projects\BMServicesPlayStoreLive\android\.gradle\7.5.1\dependencies-accessors)" [_thread_blocked, id=26504, stack(0x00000072ecc00000,0x00000072ecd00000)]
  0x000001ce873e8000 JavaThread "Cache worker for Build Output Cleanup Cache (D:\Ayaz Khalid\Live-Projects\BMServicesPlayStoreLive\node_modules\react-native-gradle-plugin\.gradle\buildOutputCleanup)" [_thread_blocked, id=12544, stack(0x00000072ecd00000,0x00000072ece00000)]
  0x000001ce873ee800 JavaThread "jar transforms Thread 7" [_thread_blocked, id=8440, stack(0x00000072ece00000,0x00000072ecf00000)]
  0x000001ce873e9800 JavaThread "Unconstrained build operations" [_thread_blocked, id=23480, stack(0x00000072ed000000,0x00000072ed100000)]
  0x000001ce873f0800 JavaThread "Unconstrained build operations Thread 2" [_thread_blocked, id=10656, stack(0x00000072ed100000,0x00000072ed200000)]
  0x000001ce873ef800 JavaThread "Unconstrained build operations Thread 3" [_thread_blocked, id=22276, stack(0x00000072ed200000,0x00000072ed300000)]
  0x000001ce873ea800 JavaThread "Unconstrained build operations Thread 4" [_thread_blocked, id=24000, stack(0x00000072ed300000,0x00000072ed400000)]
  0x000001ce873f1000 JavaThread "Unconstrained build operations Thread 5" [_thread_blocked, id=17356, stack(0x00000072ed400000,0x00000072ed500000)]
  0x000001ce873f2000 JavaThread "Unconstrained build operations Thread 6" [_thread_blocked, id=9728, stack(0x00000072ed500000,0x00000072ed600000)]
  0x000001ce873f6000 JavaThread "Unconstrained build operations Thread 7" [_thread_blocked, id=14592, stack(0x00000072ed600000,0x00000072ed700000)]
  0x000001ce873f2800 JavaThread "Unconstrained build operations Thread 8" [_thread_blocked, id=19772, stack(0x00000072ed700000,0x00000072ed800000)]
  0x000001ce873f3800 JavaThread "Unconstrained build operations Thread 9" [_thread_blocked, id=14180, stack(0x00000072ed800000,0x00000072ed900000)]
  0x000001ce873f4800 JavaThread "Unconstrained build operations Thread 10" [_thread_blocked, id=2636, stack(0x00000072ed900000,0x00000072eda00000)]
  0x000001ce873f5000 JavaThread "Unconstrained build operations Thread 11" [_thread_blocked, id=3964, stack(0x00000072eda00000,0x00000072edb00000)]
  0x000001ce87b93800 JavaThread "Unconstrained build operations Thread 12" [_thread_blocked, id=20500, stack(0x00000072edb00000,0x00000072edc00000)]
  0x000001ce87b96800 JavaThread "Unconstrained build operations Thread 13" [_thread_blocked, id=14948, stack(0x00000072edc00000,0x00000072edd00000)]
  0x000001ce87b97800 JavaThread "Unconstrained build operations Thread 14" [_thread_blocked, id=3848, stack(0x00000072edd00000,0x00000072ede00000)]
  0x000001ce87b96000 JavaThread "Unconstrained build operations Thread 15" [_thread_blocked, id=20260, stack(0x00000072ede00000,0x00000072edf00000)]
  0x000001ce87b92800 JavaThread "Unconstrained build operations Thread 16" [_thread_blocked, id=7740, stack(0x00000072edf00000,0x00000072ee000000)]
  0x000001ce87b9a000 JavaThread "Unconstrained build operations Thread 17" [_thread_blocked, id=25256, stack(0x00000072ee000000,0x00000072ee100000)]
  0x000001ce87b95000 JavaThread "Unconstrained build operations Thread 18" [_thread_blocked, id=17092, stack(0x00000072ee100000,0x00000072ee200000)]
  0x000001ce87b94000 JavaThread "Unconstrained build operations Thread 19" [_thread_blocked, id=24928, stack(0x00000072ee200000,0x00000072ee300000)]
  0x000001ce87b98800 JavaThread "Unconstrained build operations Thread 20" [_thread_blocked, id=21456, stack(0x00000072ee300000,0x00000072ee400000)]
  0x000001ce87b9b800 JavaThread "Unconstrained build operations Thread 21" [_thread_blocked, id=23780, stack(0x00000072ee400000,0x00000072ee500000)]
  0x000001ce87b9c800 JavaThread "Unconstrained build operations Thread 22" [_thread_blocked, id=6368, stack(0x00000072ee500000,0x00000072ee600000)]
  0x000001ce87b9d000 JavaThread "Unconstrained build operations Thread 23" [_thread_blocked, id=25268, stack(0x00000072ee600000,0x00000072ee700000)]
  0x000001ce87b9f000 JavaThread "Unconstrained build operations Thread 24" [_thread_blocked, id=18496, stack(0x00000072ee700000,0x00000072ee800000)]
  0x000001ce87b99000 JavaThread "Unconstrained build operations Thread 25" [_thread_blocked, id=15440, stack(0x00000072ee800000,0x00000072ee900000)]
  0x000001ce87b9e000 JavaThread "Unconstrained build operations Thread 26" [_thread_blocked, id=23956, stack(0x00000072ee900000,0x00000072eea00000)]
  0x000001ce87ba0800 JavaThread "Unconstrained build operations Thread 27" [_thread_blocked, id=3892, stack(0x00000072eea00000,0x00000072eeb00000)]
  0x000001ce87b9f800 JavaThread "Unconstrained build operations Thread 28" [_thread_blocked, id=20108, stack(0x00000072eeb00000,0x00000072eec00000)]
  0x000001ce87b9a800 JavaThread "Unconstrained build operations Thread 29" [_thread_blocked, id=20444, stack(0x00000072eec00000,0x00000072eed00000)]
  0x000001ce87ba1800 JavaThread "Unconstrained build operations Thread 30" [_thread_blocked, id=23308, stack(0x00000072eed00000,0x00000072eee00000)]
  0x000001ce861a1800 JavaThread "Unconstrained build operations Thread 31" [_thread_blocked, id=12760, stack(0x00000072eee00000,0x00000072eef00000)]
  0x000001ce861a2800 JavaThread "Unconstrained build operations Thread 32" [_thread_blocked, id=25232, stack(0x00000072eef00000,0x00000072ef000000)]
  0x000001ce861a3000 JavaThread "Unconstrained build operations Thread 33" [_thread_blocked, id=8800, stack(0x00000072ef000000,0x00000072ef100000)]
  0x000001ce8619d800 JavaThread "jar transforms Thread 8" [_thread_blocked, id=26008, stack(0x00000072ecf00000,0x00000072ed000000)]
  0x000001ce861a4000 JavaThread "build event listener" [_thread_blocked, id=19004, stack(0x00000072ef200000,0x00000072ef300000)]
  0x000001ce861a5000 JavaThread "Memory manager" [_thread_blocked, id=3460, stack(0x00000072ef100000,0x00000072ef200000)]

Other Threads:
  0x000001ce84845800 VMThread "VM Thread" [stack: 0x00000072e9d00000,0x00000072e9e00000] [id=24164]
  0x000001ce8527d000 WatcherThread [stack: 0x00000072ea700000,0x00000072ea800000] [id=23800]
  0x000001cee6767800 GCTaskThread "GC Thread#0" [stack: 0x00000072e9800000,0x00000072e9900000] [id=22560]
  0x000001ce86361800 GCTaskThread "GC Thread#1" [stack: 0x00000072ea800000,0x00000072ea900000] [id=3696]
  0x000001ce86644800 GCTaskThread "GC Thread#2" [stack: 0x00000072ea900000,0x00000072eaa00000] [id=26280]
  0x000001ce85de4000 GCTaskThread "GC Thread#3" [stack: 0x00000072eaa00000,0x00000072eab00000] [id=26160]
  0x000001ce8541b800 GCTaskThread "GC Thread#4" [stack: 0x00000072eab00000,0x00000072eac00000] [id=22604]
  0x000001ce866b6000 GCTaskThread "GC Thread#5" [stack: 0x00000072eac00000,0x00000072ead00000] [id=25872]
  0x000001ce85ea9800 GCTaskThread "GC Thread#6" [stack: 0x00000072eba00000,0x00000072ebb00000] [id=22692]
  0x000001ce8591b000 GCTaskThread "GC Thread#7" [stack: 0x00000072ebb00000,0x00000072ebc00000] [id=3248]
  0x000001cee679c000 ConcurrentGCThread "G1 Main Marker" [stack: 0x00000072e9900000,0x00000072e9a00000] [id=19068]
  0x000001cee679d000 ConcurrentGCThread "G1 Conc#0" [stack: 0x00000072e9a00000,0x00000072e9b00000] [id=22564]
  0x000001ce864a7000 ConcurrentGCThread "G1 Conc#1" [stack: 0x00000072ebc00000,0x00000072ebd00000] [id=988]
  0x000001cee682e000 ConcurrentGCThread "G1 Refine#0" [stack: 0x00000072e9b00000,0x00000072e9c00000] [id=26056]
  0x000001ce846d8800 ConcurrentGCThread "G1 Young RemSet Sampling" [stack: 0x00000072e9c00000,0x00000072e9d00000] [id=6896]

Threads with active compile tasks:
C2 CompilerThread0   128070 6188   !   4       java.net.URLClassLoader$1::run (81 bytes)

VM state:not at safepoint (normal execution)

VM Mutex/Monitor currently owned by a thread: None

Heap address: 0x0000000080000000, size: 2048 MB, Compressed Oops mode: 32-bit
Narrow klass base: 0x0000000000000000, Narrow klass shift: 3
Compressed class space size: 528482304 Address: 0x0000000100000000

Heap:
 garbage-first heap   total 260096K, used 126573K [0x0000000080000000, 0x0000000100000000)
  region size 1024K, 93 young (95232K), 10 survivors (10240K)
 Metaspace       used 63425K, capacity 65169K, committed 65280K, reserved 573440K
  class space    used 8384K, capacity 9123K, committed 9216K, reserved 516096K
Heap Regions: E=young(eden), S=young(survivor), O=old, HS=humongous(starts), HC=humongous(continues), CS=collection set, F=free, A=archive, TAMS=top-at-mark-start (previous, next)
|   0|0x0000000080000000, 0x0000000080100000, 0x0000000080100000|100%| O|  |TAMS 0x0000000080100000, 0x0000000080000000| Untracked 
|   1|0x0000000080100000, 0x0000000080200000, 0x0000000080200000|100%| O|  |TAMS 0x0000000080200000, 0x0000000080100000| Untracked 
|   2|0x0000000080200000, 0x0000000080300000, 0x0000000080300000|100%| O|  |TAMS 0x0000000080300000, 0x0000000080200000| Untracked 
|   3|0x0000000080300000, 0x0000000080400000, 0x0000000080400000|100%|HS|  |TAMS 0x0000000080400000, 0x0000000080300000| Complete 
|   4|0x0000000080400000, 0x0000000080500000, 0x0000000080500000|100%|HC|  |TAMS 0x0000000080500000, 0x0000000080400000| Complete 
|   5|0x0000000080500000, 0x0000000080600000, 0x0000000080600000|100%|HC|  |TAMS 0x0000000080600000, 0x0000000080500000| Complete 
|   6|0x0000000080600000, 0x0000000080700000, 0x0000000080700000|100%| O|  |TAMS 0x0000000080700000, 0x0000000080600000| Untracked 
|   7|0x0000000080700000, 0x0000000080800000, 0x0000000080800000|100%| O|  |TAMS 0x0000000080800000, 0x0000000080700000| Untracked 
|   8|0x0000000080800000, 0x0000000080900000, 0x0000000080900000|100%| O|  |TAMS 0x0000000080900000, 0x0000000080800000| Untracked 
|   9|0x0000000080900000, 0x0000000080a00000, 0x0000000080a00000|100%| O|  |TAMS 0x0000000080a00000, 0x0000000080900000| Untracked 
|  10|0x0000000080a00000, 0x0000000080b00000, 0x0000000080b00000|100%| O|  |TAMS 0x0000000080b00000, 0x0000000080a00000| Untracked 
|  11|0x0000000080b00000, 0x0000000080c00000, 0x0000000080c00000|100%| O|  |TAMS 0x0000000080c00000, 0x0000000080b00000| Untracked 
|  12|0x0000000080c00000, 0x0000000080d00000, 0x0000000080d00000|100%| O|  |TAMS 0x0000000080d00000, 0x0000000080c00000| Untracked 
|  13|0x0000000080d00000, 0x0000000080e00000, 0x0000000080e00000|100%| O|  |TAMS 0x0000000080e00000, 0x0000000080d00000| Untracked 
|  14|0x0000000080e00000, 0x0000000080f00000, 0x0000000080f00000|100%| O|  |TAMS 0x0000000080f00000, 0x0000000080e00000| Untracked 
|  15|0x0000000080f00000, 0x0000000081000000, 0x0000000081000000|100%| O|  |TAMS 0x0000000081000000, 0x0000000080f00000| Untracked 
|  16|0x0000000081000000, 0x0000000081100000, 0x0000000081100000|100%| O|  |TAMS 0x0000000081100000, 0x0000000081000000| Untracked 
|  17|0x0000000081100000, 0x0000000081200000, 0x0000000081200000|100%| O|  |TAMS 0x0000000081200000, 0x0000000081100000| Untracked 
|  18|0x0000000081200000, 0x0000000081300000, 0x0000000081300000|100%|HS|  |TAMS 0x0000000081300000, 0x0000000081200000| Complete 
|  19|0x0000000081300000, 0x0000000081400000, 0x0000000081400000|100%|HS|  |TAMS 0x0000000081400000, 0x0000000081300000| Complete 
|  20|0x0000000081400000, 0x0000000081500000, 0x0000000081500000|100%|HC|  |TAMS 0x0000000081500000, 0x0000000081400000| Complete 
|  21|0x0000000081500000, 0x0000000081600000, 0x0000000081600000|100%|HC|  |TAMS 0x0000000081600000, 0x0000000081500000| Complete 
|  22|0x0000000081600000, 0x0000000081700000, 0x0000000081700000|100%| O|  |TAMS 0x0000000081700000, 0x0000000081600000| Untracked 
|  23|0x0000000081700000, 0x0000000081800000, 0x0000000081800000|100%| O|  |TAMS 0x0000000081800000, 0x0000000081700000| Untracked 
|  24|0x0000000081800000, 0x0000000081900000, 0x0000000081900000|100%| O|  |TAMS 0x0000000081900000, 0x0000000081800000| Untracked 
|  25|0x0000000081900000, 0x0000000081a00000, 0x0000000081a00000|100%| O|  |TAMS 0x0000000081a00000, 0x0000000081900000| Untracked 
|  26|0x0000000081a00000, 0x0000000081b00000, 0x0000000081b00000|100%| O|  |TAMS 0x0000000081b00000, 0x0000000081a00000| Untracked 
|  27|0x0000000081b00000, 0x0000000081c00000, 0x0000000081c00000|100%| O|  |TAMS 0x0000000081c00000, 0x0000000081b00000| Untracked 
|  28|0x0000000081c00000, 0x0000000081d00000, 0x0000000081d00000|100%| O|  |TAMS 0x0000000081d00000, 0x0000000081c00000| Untracked 
|  29|0x0000000081d00000, 0x0000000081e00000, 0x0000000081e00000|100%| O|  |TAMS 0x0000000081e00000, 0x0000000081d00000| Untracked 
|  30|0x0000000081e00000, 0x0000000081f00000, 0x0000000081f00000|100%| O|  |TAMS 0x0000000081f00000, 0x0000000081e00000| Untracked 
|  31|0x0000000081f00000, 0x0000000082000000, 0x0000000082000000|100%| O|  |TAMS 0x0000000082000000, 0x0000000081f00000| Untracked 
|  32|0x0000000082000000, 0x000000008204dc00, 0x0000000082100000| 30%| O|  |TAMS 0x000000008204dc00, 0x0000000082000000| Untracked 
|  33|0x0000000082100000, 0x0000000082100000, 0x0000000082200000|  0%| F|  |TAMS 0x0000000082100000, 0x0000000082100000| Untracked 
|  34|0x0000000082200000, 0x0000000082200000, 0x0000000082300000|  0%| F|  |TAMS 0x0000000082200000, 0x0000000082200000| Untracked 
|  35|0x0000000082300000, 0x0000000082300000, 0x0000000082400000|  0%| F|  |TAMS 0x0000000082300000, 0x0000000082300000| Untracked 
|  36|0x0000000082400000, 0x0000000082400000, 0x0000000082500000|  0%| F|  |TAMS 0x0000000082400000, 0x0000000082400000| Untracked 
|  37|0x0000000082500000, 0x0000000082500000, 0x0000000082600000|  0%| F|  |TAMS 0x0000000082500000, 0x0000000082500000| Untracked 
|  38|0x0000000082600000, 0x0000000082600000, 0x0000000082700000|  0%| F|  |TAMS 0x0000000082600000, 0x0000000082600000| Untracked 
|  39|0x0000000082700000, 0x0000000082700000, 0x0000000082800000|  0%| F|  |TAMS 0x0000000082700000, 0x0000000082700000| Untracked 
|  40|0x0000000082800000, 0x0000000082800000, 0x0000000082900000|  0%| F|  |TAMS 0x0000000082800000, 0x0000000082800000| Untracked 
|  41|0x0000000082900000, 0x0000000082900000, 0x0000000082a00000|  0%| F|  |TAMS 0x0000000082900000, 0x0000000082900000| Untracked 
|  42|0x0000000082a00000, 0x0000000082a00000, 0x0000000082b00000|  0%| F|  |TAMS 0x0000000082a00000, 0x0000000082a00000| Untracked 
|  43|0x0000000082b00000, 0x0000000082b00000, 0x0000000082c00000|  0%| F|  |TAMS 0x0000000082b00000, 0x0000000082b00000| Untracked 
|  44|0x0000000082c00000, 0x0000000082c00000, 0x0000000082d00000|  0%| F|  |TAMS 0x0000000082c00000, 0x0000000082c00000| Untracked 
|  45|0x0000000082d00000, 0x0000000082d00000, 0x0000000082e00000|  0%| F|  |TAMS 0x0000000082d00000, 0x0000000082d00000| Untracked 
|  46|0x0000000082e00000, 0x0000000082e00000, 0x0000000082f00000|  0%| F|  |TAMS 0x0000000082e00000, 0x0000000082e00000| Untracked 
|  47|0x0000000082f00000, 0x0000000082f00000, 0x0000000083000000|  0%| F|  |TAMS 0x0000000082f00000, 0x0000000082f00000| Untracked 
|  48|0x0000000083000000, 0x0000000083000000, 0x0000000083100000|  0%| F|  |TAMS 0x0000000083000000, 0x0000000083000000| Untracked 
|  49|0x0000000083100000, 0x0000000083100000, 0x0000000083200000|  0%| F|  |TAMS 0x0000000083100000, 0x0000000083100000| Untracked 
|  50|0x0000000083200000, 0x0000000083200000, 0x0000000083300000|  0%| F|  |TAMS 0x0000000083200000, 0x0000000083200000| Untracked 
|  51|0x0000000083300000, 0x0000000083300000, 0x0000000083400000|  0%| F|  |TAMS 0x0000000083300000, 0x0000000083300000| Untracked 
|  52|0x0000000083400000, 0x0000000083400000, 0x0000000083500000|  0%| F|  |TAMS 0x0000000083400000, 0x0000000083400000| Untracked 
|  53|0x0000000083500000, 0x0000000083500000, 0x0000000083600000|  0%| F|  |TAMS 0x0000000083500000, 0x0000000083500000| Untracked 
|  54|0x0000000083600000, 0x0000000083600000, 0x0000000083700000|  0%| F|  |TAMS 0x0000000083600000, 0x0000000083600000| Untracked 
|  55|0x0000000083700000, 0x0000000083700000, 0x0000000083800000|  0%| F|  |TAMS 0x0000000083700000, 0x0000000083700000| Untracked 
|  56|0x0000000083800000, 0x0000000083800000, 0x0000000083900000|  0%| F|  |TAMS 0x0000000083800000, 0x0000000083800000| Untracked 
|  57|0x0000000083900000, 0x0000000083900000, 0x0000000083a00000|  0%| F|  |TAMS 0x0000000083900000, 0x0000000083900000| Untracked 
|  58|0x0000000083a00000, 0x0000000083a00000, 0x0000000083b00000|  0%| F|  |TAMS 0x0000000083a00000, 0x0000000083a00000| Untracked 
|  59|0x0000000083b00000, 0x0000000083b00000, 0x0000000083c00000|  0%| F|  |TAMS 0x0000000083b00000, 0x0000000083b00000| Untracked 
|  60|0x0000000083c00000, 0x0000000083c00000, 0x0000000083d00000|  0%| F|  |TAMS 0x0000000083c00000, 0x0000000083c00000| Untracked 
|  61|0x0000000083d00000, 0x0000000083d00000, 0x0000000083e00000|  0%| F|  |TAMS 0x0000000083d00000, 0x0000000083d00000| Untracked 
|  62|0x0000000083e00000, 0x0000000083e00000, 0x0000000083f00000|  0%| F|  |TAMS 0x0000000083e00000, 0x0000000083e00000| Untracked 
|  63|0x0000000083f00000, 0x0000000083f00000, 0x0000000084000000|  0%| F|  |TAMS 0x0000000083f00000, 0x0000000083f00000| Untracked 
|  64|0x0000000084000000, 0x0000000084000000, 0x0000000084100000|  0%| F|  |TAMS 0x0000000084000000, 0x0000000084000000| Untracked 
|  65|0x0000000084100000, 0x0000000084100000, 0x0000000084200000|  0%| F|  |TAMS 0x0000000084100000, 0x0000000084100000| Untracked 
|  66|0x0000000084200000, 0x0000000084200000, 0x0000000084300000|  0%| F|  |TAMS 0x0000000084200000, 0x0000000084200000| Untracked 
|  67|0x0000000084300000, 0x0000000084300000, 0x0000000084400000|  0%| F|  |TAMS 0x0000000084300000, 0x0000000084300000| Untracked 
|  68|0x0000000084400000, 0x0000000084400000, 0x0000000084500000|  0%| F|  |TAMS 0x0000000084400000, 0x0000000084400000| Untracked 
|  69|0x0000000084500000, 0x0000000084500000, 0x0000000084600000|  0%| F|  |TAMS 0x0000000084500000, 0x0000000084500000| Untracked 
|  70|0x0000000084600000, 0x0000000084600000, 0x0000000084700000|  0%| F|  |TAMS 0x0000000084600000, 0x0000000084600000| Untracked 
|  71|0x0000000084700000, 0x0000000084700000, 0x0000000084800000|  0%| F|  |TAMS 0x0000000084700000, 0x0000000084700000| Untracked 
|  72|0x0000000084800000, 0x0000000084800000, 0x0000000084900000|  0%| F|  |TAMS 0x0000000084800000, 0x0000000084800000| Untracked 
|  73|0x0000000084900000, 0x0000000084900000, 0x0000000084a00000|  0%| F|  |TAMS 0x0000000084900000, 0x0000000084900000| Untracked 
|  74|0x0000000084a00000, 0x0000000084a00000, 0x0000000084b00000|  0%| F|  |TAMS 0x0000000084a00000, 0x0000000084a00000| Untracked 
|  75|0x0000000084b00000, 0x0000000084b00000, 0x0000000084c00000|  0%| F|  |TAMS 0x0000000084b00000, 0x0000000084b00000| Untracked 
|  76|0x0000000084c00000, 0x0000000084c00000, 0x0000000084d00000|  0%| F|  |TAMS 0x0000000084c00000, 0x0000000084c00000| Untracked 
|  77|0x0000000084d00000, 0x0000000084d00000, 0x0000000084e00000|  0%| F|  |TAMS 0x0000000084d00000, 0x0000000084d00000| Untracked 
|  78|0x0000000084e00000, 0x0000000084e00000, 0x0000000084f00000|  0%| F|  |TAMS 0x0000000084e00000, 0x0000000084e00000| Untracked 
|  79|0x0000000084f00000, 0x0000000084f00000, 0x0000000085000000|  0%| F|  |TAMS 0x0000000084f00000, 0x0000000084f00000| Untracked 
|  80|0x0000000085000000, 0x0000000085000000, 0x0000000085100000|  0%| F|  |TAMS 0x0000000085000000, 0x0000000085000000| Untracked 
|  81|0x0000000085100000, 0x0000000085100000, 0x0000000085200000|  0%| F|  |TAMS 0x0000000085100000, 0x0000000085100000| Untracked 
|  82|0x0000000085200000, 0x0000000085200000, 0x0000000085300000|  0%| F|  |TAMS 0x0000000085200000, 0x0000000085200000| Untracked 
|  83|0x0000000085300000, 0x0000000085300000, 0x0000000085400000|  0%| F|  |TAMS 0x0000000085300000, 0x0000000085300000| Untracked 
|  84|0x0000000085400000, 0x0000000085400000, 0x0000000085500000|  0%| F|  |TAMS 0x0000000085400000, 0x0000000085400000| Untracked 
|  85|0x0000000085500000, 0x0000000085500000, 0x0000000085600000|  0%| F|  |TAMS 0x0000000085500000, 0x0000000085500000| Untracked 
|  86|0x0000000085600000, 0x0000000085600000, 0x0000000085700000|  0%| F|  |TAMS 0x0000000085600000, 0x0000000085600000| Untracked 
|  87|0x0000000085700000, 0x0000000085700000, 0x0000000085800000|  0%| F|  |TAMS 0x0000000085700000, 0x0000000085700000| Untracked 
|  88|0x0000000085800000, 0x0000000085800000, 0x0000000085900000|  0%| F|  |TAMS 0x0000000085800000, 0x0000000085800000| Untracked 
|  89|0x0000000085900000, 0x0000000085900000, 0x0000000085a00000|  0%| F|  |TAMS 0x0000000085900000, 0x0000000085900000| Untracked 
|  90|0x0000000085a00000, 0x0000000085a00000, 0x0000000085b00000|  0%| F|  |TAMS 0x0000000085a00000, 0x0000000085a00000| Untracked 
|  91|0x0000000085b00000, 0x0000000085b00000, 0x0000000085c00000|  0%| F|  |TAMS 0x0000000085b00000, 0x0000000085b00000| Untracked 
|  92|0x0000000085c00000, 0x0000000085c00000, 0x0000000085d00000|  0%| F|  |TAMS 0x0000000085c00000, 0x0000000085c00000| Untracked 
|  93|0x0000000085d00000, 0x0000000085d00000, 0x0000000085e00000|  0%| F|  |TAMS 0x0000000085d00000, 0x0000000085d00000| Untracked 
|  94|0x0000000085e00000, 0x0000000085e00000, 0x0000000085f00000|  0%| F|  |TAMS 0x0000000085e00000, 0x0000000085e00000| Untracked 
|  95|0x0000000085f00000, 0x0000000085f00000, 0x0000000086000000|  0%| F|  |TAMS 0x0000000085f00000, 0x0000000085f00000| Untracked 
|  96|0x0000000086000000, 0x0000000086000000, 0x0000000086100000|  0%| F|  |TAMS 0x0000000086000000, 0x0000000086000000| Untracked 
|  97|0x0000000086100000, 0x0000000086100000, 0x0000000086200000|  0%| F|  |TAMS 0x0000000086100000, 0x0000000086100000| Untracked 
|  98|0x0000000086200000, 0x0000000086200000, 0x0000000086300000|  0%| F|  |TAMS 0x0000000086200000, 0x0000000086200000| Untracked 
|  99|0x0000000086300000, 0x0000000086300000, 0x0000000086400000|  0%| F|  |TAMS 0x0000000086300000, 0x0000000086300000| Untracked 
| 100|0x0000000086400000, 0x0000000086400000, 0x0000000086500000|  0%| F|  |TAMS 0x0000000086400000, 0x0000000086400000| Untracked 
| 101|0x0000000086500000, 0x0000000086500000, 0x0000000086600000|  0%| F|  |TAMS 0x0000000086500000, 0x0000000086500000| Untracked 
| 102|0x0000000086600000, 0x0000000086600000, 0x0000000086700000|  0%| F|  |TAMS 0x0000000086600000, 0x0000000086600000| Untracked 
| 103|0x0000000086700000, 0x0000000086700000, 0x0000000086800000|  0%| F|  |TAMS 0x0000000086700000, 0x0000000086700000| Untracked 
| 104|0x0000000086800000, 0x0000000086800000, 0x0000000086900000|  0%| F|  |TAMS 0x0000000086800000, 0x0000000086800000| Untracked 
| 105|0x0000000086900000, 0x0000000086900000, 0x0000000086a00000|  0%| F|  |TAMS 0x0000000086900000, 0x0000000086900000| Untracked 
| 106|0x0000000086a00000, 0x0000000086a00000, 0x0000000086b00000|  0%| F|  |TAMS 0x0000000086a00000, 0x0000000086a00000| Untracked 
| 107|0x0000000086b00000, 0x0000000086b00000, 0x0000000086c00000|  0%| F|  |TAMS 0x0000000086b00000, 0x0000000086b00000| Untracked 
| 108|0x0000000086c00000, 0x0000000086c00000, 0x0000000086d00000|  0%| F|  |TAMS 0x0000000086c00000, 0x0000000086c00000| Untracked 
| 109|0x0000000086d00000, 0x0000000086d00000, 0x0000000086e00000|  0%| F|  |TAMS 0x0000000086d00000, 0x0000000086d00000| Untracked 
| 110|0x0000000086e00000, 0x0000000086e00000, 0x0000000086f00000|  0%| F|  |TAMS 0x0000000086e00000, 0x0000000086e00000| Untracked 
| 111|0x0000000086f00000, 0x0000000086f00000, 0x0000000087000000|  0%| F|  |TAMS 0x0000000086f00000, 0x0000000086f00000| Untracked 
| 112|0x0000000087000000, 0x0000000087000000, 0x0000000087100000|  0%| F|  |TAMS 0x0000000087000000, 0x0000000087000000| Untracked 
| 113|0x0000000087100000, 0x0000000087100000, 0x0000000087200000|  0%| F|  |TAMS 0x0000000087100000, 0x0000000087100000| Untracked 
| 114|0x0000000087200000, 0x0000000087200000, 0x0000000087300000|  0%| F|  |TAMS 0x0000000087200000, 0x0000000087200000| Untracked 
| 115|0x0000000087300000, 0x0000000087300000, 0x0000000087400000|  0%| F|  |TAMS 0x0000000087300000, 0x0000000087300000| Untracked 
| 116|0x0000000087400000, 0x0000000087400000, 0x0000000087500000|  0%| F|  |TAMS 0x0000000087400000, 0x0000000087400000| Untracked 
| 117|0x0000000087500000, 0x0000000087500000, 0x0000000087600000|  0%| F|  |TAMS 0x0000000087500000, 0x0000000087500000| Untracked 
| 118|0x0000000087600000, 0x0000000087600000, 0x0000000087700000|  0%| F|  |TAMS 0x0000000087600000, 0x0000000087600000| Untracked 
| 119|0x0000000087700000, 0x0000000087700000, 0x0000000087800000|  0%| F|  |TAMS 0x0000000087700000, 0x0000000087700000| Untracked 
| 120|0x0000000087800000, 0x0000000087800000, 0x0000000087900000|  0%| F|  |TAMS 0x0000000087800000, 0x0000000087800000| Untracked 
| 121|0x0000000087900000, 0x0000000087900000, 0x0000000087a00000|  0%| F|  |TAMS 0x0000000087900000, 0x0000000087900000| Untracked 
| 122|0x0000000087a00000, 0x0000000087a00000, 0x0000000087b00000|  0%| F|  |TAMS 0x0000000087a00000, 0x0000000087a00000| Untracked 
| 123|0x0000000087b00000, 0x0000000087b00000, 0x0000000087c00000|  0%| F|  |TAMS 0x0000000087b00000, 0x0000000087b00000| Untracked 
| 124|0x0000000087c00000, 0x0000000087c00000, 0x0000000087d00000|  0%| F|  |TAMS 0x0000000087c00000, 0x0000000087c00000| Untracked 
| 125|0x0000000087d00000, 0x0000000087d00000, 0x0000000087e00000|  0%| F|  |TAMS 0x0000000087d00000, 0x0000000087d00000| Untracked 
| 126|0x0000000087e00000, 0x0000000087e00000, 0x0000000087f00000|  0%| F|  |TAMS 0x0000000087e00000, 0x0000000087e00000| Untracked 
| 127|0x0000000087f00000, 0x0000000087f00000, 0x0000000088000000|  0%| F|  |TAMS 0x0000000087f00000, 0x0000000087f00000| Untracked 
| 128|0x0000000088000000, 0x0000000088000000, 0x0000000088100000|  0%| F|  |TAMS 0x0000000088000000, 0x0000000088000000| Untracked 
| 129|0x0000000088100000, 0x0000000088100000, 0x0000000088200000|  0%| F|  |TAMS 0x0000000088100000, 0x0000000088100000| Untracked 
| 130|0x0000000088200000, 0x0000000088200000, 0x0000000088300000|  0%| F|  |TAMS 0x0000000088200000, 0x0000000088200000| Untracked 
| 131|0x0000000088300000, 0x0000000088300000, 0x0000000088400000|  0%| F|  |TAMS 0x0000000088300000, 0x0000000088300000| Untracked 
| 132|0x0000000088400000, 0x0000000088400000, 0x0000000088500000|  0%| F|  |TAMS 0x0000000088400000, 0x0000000088400000| Untracked 
| 133|0x0000000088500000, 0x0000000088500000, 0x0000000088600000|  0%| F|  |TAMS 0x0000000088500000, 0x0000000088500000| Untracked 
| 134|0x0000000088600000, 0x0000000088600000, 0x0000000088700000|  0%| F|  |TAMS 0x0000000088600000, 0x0000000088600000| Untracked 
| 135|0x0000000088700000, 0x0000000088700000, 0x0000000088800000|  0%| F|  |TAMS 0x0000000088700000, 0x0000000088700000| Untracked 
| 136|0x0000000088800000, 0x0000000088800000, 0x0000000088900000|  0%| F|  |TAMS 0x0000000088800000, 0x0000000088800000| Untracked 
| 137|0x0000000088900000, 0x0000000088900000, 0x0000000088a00000|  0%| F|  |TAMS 0x0000000088900000, 0x0000000088900000| Untracked 
| 138|0x0000000088a00000, 0x0000000088a00000, 0x0000000088b00000|  0%| F|  |TAMS 0x0000000088a00000, 0x0000000088a00000| Untracked 
| 139|0x0000000088b00000, 0x0000000088b00000, 0x0000000088c00000|  0%| F|  |TAMS 0x0000000088b00000, 0x0000000088b00000| Untracked 
| 140|0x0000000088c00000, 0x0000000088c00000, 0x0000000088d00000|  0%| F|  |TAMS 0x0000000088c00000, 0x0000000088c00000| Untracked 
| 141|0x0000000088d00000, 0x0000000088d00000, 0x0000000088e00000|  0%| F|  |TAMS 0x0000000088d00000, 0x0000000088d00000| Untracked 
| 142|0x0000000088e00000, 0x0000000088e00000, 0x0000000088f00000|  0%| F|  |TAMS 0x0000000088e00000, 0x0000000088e00000| Untracked 
| 143|0x0000000088f00000, 0x0000000088f00000, 0x0000000089000000|  0%| F|  |TAMS 0x0000000088f00000, 0x0000000088f00000| Untracked 
| 144|0x0000000089000000, 0x0000000089000000, 0x0000000089100000|  0%| F|  |TAMS 0x0000000089000000, 0x0000000089000000| Untracked 
| 145|0x0000000089100000, 0x0000000089100000, 0x0000000089200000|  0%| F|  |TAMS 0x0000000089100000, 0x0000000089100000| Untracked 
| 146|0x0000000089200000, 0x0000000089200000, 0x0000000089300000|  0%| F|  |TAMS 0x0000000089200000, 0x0000000089200000| Untracked 
| 147|0x0000000089300000, 0x0000000089300000, 0x0000000089400000|  0%| F|  |TAMS 0x0000000089300000, 0x0000000089300000| Untracked 
| 148|0x0000000089400000, 0x0000000089400000, 0x0000000089500000|  0%| F|  |TAMS 0x0000000089400000, 0x0000000089400000| Untracked 
| 149|0x0000000089500000, 0x0000000089500000, 0x0000000089600000|  0%| F|  |TAMS 0x0000000089500000, 0x0000000089500000| Untracked 
| 150|0x0000000089600000, 0x0000000089600000, 0x0000000089700000|  0%| F|  |TAMS 0x0000000089600000, 0x0000000089600000| Untracked 
| 151|0x0000000089700000, 0x0000000089700000, 0x0000000089800000|  0%| F|  |TAMS 0x0000000089700000, 0x0000000089700000| Untracked 
| 152|0x0000000089800000, 0x0000000089800000, 0x0000000089900000|  0%| F|  |TAMS 0x0000000089800000, 0x0000000089800000| Untracked 
| 153|0x0000000089900000, 0x0000000089900000, 0x0000000089a00000|  0%| F|  |TAMS 0x0000000089900000, 0x0000000089900000| Untracked 
| 154|0x0000000089a00000, 0x0000000089a00000, 0x0000000089b00000|  0%| F|  |TAMS 0x0000000089a00000, 0x0000000089a00000| Untracked 
| 155|0x0000000089b00000, 0x0000000089b00000, 0x0000000089c00000|  0%| F|  |TAMS 0x0000000089b00000, 0x0000000089b00000| Untracked 
| 156|0x0000000089c00000, 0x0000000089c00000, 0x0000000089d00000|  0%| F|  |TAMS 0x0000000089c00000, 0x0000000089c00000| Untracked 
| 157|0x0000000089d00000, 0x0000000089d00000, 0x0000000089e00000|  0%| F|  |TAMS 0x0000000089d00000, 0x0000000089d00000| Untracked 
| 158|0x0000000089e00000, 0x0000000089e00000, 0x0000000089f00000|  0%| F|  |TAMS 0x0000000089e00000, 0x0000000089e00000| Untracked 
| 159|0x0000000089f00000, 0x0000000089f00000, 0x000000008a000000|  0%| F|  |TAMS 0x0000000089f00000, 0x0000000089f00000| Untracked 
| 160|0x000000008a000000, 0x000000008a000000, 0x000000008a100000|  0%| F|  |TAMS 0x000000008a000000, 0x000000008a000000| Untracked 
| 161|0x000000008a100000, 0x000000008a180740, 0x000000008a200000| 50%| E|  |TAMS 0x000000008a100000, 0x000000008a100000| Complete 
| 162|0x000000008a200000, 0x000000008a300000, 0x000000008a300000|100%| E|CS|TAMS 0x000000008a200000, 0x000000008a200000| Complete 
| 163|0x000000008a300000, 0x000000008a400000, 0x000000008a400000|100%| E|CS|TAMS 0x000000008a300000, 0x000000008a300000| Complete 
| 164|0x000000008a400000, 0x000000008a500000, 0x000000008a500000|100%| E|CS|TAMS 0x000000008a400000, 0x000000008a400000| Complete 
| 165|0x000000008a500000, 0x000000008a600000, 0x000000008a600000|100%| E|CS|TAMS 0x000000008a500000, 0x000000008a500000| Complete 
| 166|0x000000008a600000, 0x000000008a700000, 0x000000008a700000|100%| E|CS|TAMS 0x000000008a600000, 0x000000008a600000| Complete 
| 167|0x000000008a700000, 0x000000008a800000, 0x000000008a800000|100%| E|CS|TAMS 0x000000008a700000, 0x000000008a700000| Complete 
| 168|0x000000008a800000, 0x000000008a900000, 0x000000008a900000|100%| E|CS|TAMS 0x000000008a800000, 0x000000008a800000| Complete 
| 169|0x000000008a900000, 0x000000008aa00000, 0x000000008aa00000|100%| E|CS|TAMS 0x000000008a900000, 0x000000008a900000| Complete 
| 170|0x000000008aa00000, 0x000000008ab00000, 0x000000008ab00000|100%| E|CS|TAMS 0x000000008aa00000, 0x000000008aa00000| Complete 
| 171|0x000000008ab00000, 0x000000008ac00000, 0x000000008ac00000|100%| E|CS|TAMS 0x000000008ab00000, 0x000000008ab00000| Complete 
| 172|0x000000008ac00000, 0x000000008ad00000, 0x000000008ad00000|100%| E|CS|TAMS 0x000000008ac00000, 0x000000008ac00000| Complete 
| 173|0x000000008ad00000, 0x000000008ae00000, 0x000000008ae00000|100%| E|CS|TAMS 0x000000008ad00000, 0x000000008ad00000| Complete 
| 174|0x000000008ae00000, 0x000000008af00000, 0x000000008af00000|100%| E|CS|TAMS 0x000000008ae00000, 0x000000008ae00000| Complete 
| 175|0x000000008af00000, 0x000000008af4d878, 0x000000008b000000| 30%| S|CS|TAMS 0x000000008af00000, 0x000000008af00000| Complete 
| 176|0x000000008b000000, 0x000000008b100000, 0x000000008b100000|100%| S|CS|TAMS 0x000000008b000000, 0x000000008b000000| Complete 
| 177|0x000000008b100000, 0x000000008b200000, 0x000000008b200000|100%| S|CS|TAMS 0x000000008b100000, 0x000000008b100000| Complete 
| 178|0x000000008b200000, 0x000000008b300000, 0x000000008b300000|100%| S|CS|TAMS 0x000000008b200000, 0x000000008b200000| Complete 
| 179|0x000000008b300000, 0x000000008b400000, 0x000000008b400000|100%| S|CS|TAMS 0x000000008b300000, 0x000000008b300000| Complete 
| 180|0x000000008b400000, 0x000000008b500000, 0x000000008b500000|100%| S|CS|TAMS 0x000000008b400000, 0x000000008b400000| Complete 
| 181|0x000000008b500000, 0x000000008b600000, 0x000000008b600000|100%| S|CS|TAMS 0x000000008b500000, 0x000000008b500000| Complete 
| 182|0x000000008b600000, 0x000000008b700000, 0x000000008b700000|100%| S|CS|TAMS 0x000000008b600000, 0x000000008b600000| Complete 
| 183|0x000000008b700000, 0x000000008b800000, 0x000000008b800000|100%| S|CS|TAMS 0x000000008b700000, 0x000000008b700000| Complete 
| 184|0x000000008b800000, 0x000000008b900000, 0x000000008b900000|100%| S|CS|TAMS 0x000000008b800000, 0x000000008b800000| Complete 
| 185|0x000000008b900000, 0x000000008ba00000, 0x000000008ba00000|100%| E|CS|TAMS 0x000000008b900000, 0x000000008b900000| Complete 
| 186|0x000000008ba00000, 0x000000008bb00000, 0x000000008bb00000|100%| E|CS|TAMS 0x000000008ba00000, 0x000000008ba00000| Complete 
| 187|0x000000008bb00000, 0x000000008bc00000, 0x000000008bc00000|100%| E|CS|TAMS 0x000000008bb00000, 0x000000008bb00000| Complete 
| 188|0x000000008bc00000, 0x000000008bd00000, 0x000000008bd00000|100%| E|CS|TAMS 0x000000008bc00000, 0x000000008bc00000| Complete 
| 189|0x000000008bd00000, 0x000000008be00000, 0x000000008be00000|100%| E|CS|TAMS 0x000000008bd00000, 0x000000008bd00000| Complete 
| 190|0x000000008be00000, 0x000000008bf00000, 0x000000008bf00000|100%| E|CS|TAMS 0x000000008be00000, 0x000000008be00000| Complete 
| 191|0x000000008bf00000, 0x000000008c000000, 0x000000008c000000|100%| E|CS|TAMS 0x000000008bf00000, 0x000000008bf00000| Complete 
| 192|0x000000008c000000, 0x000000008c100000, 0x000000008c100000|100%| E|CS|TAMS 0x000000008c000000, 0x000000008c000000| Complete 
| 193|0x000000008c100000, 0x000000008c200000, 0x000000008c200000|100%| E|CS|TAMS 0x000000008c100000, 0x000000008c100000| Complete 
| 194|0x000000008c200000, 0x000000008c300000, 0x000000008c300000|100%| E|CS|TAMS 0x000000008c200000, 0x000000008c200000| Complete 
| 195|0x000000008c300000, 0x000000008c400000, 0x000000008c400000|100%| E|CS|TAMS 0x000000008c300000, 0x000000008c300000| Complete 
| 196|0x000000008c400000, 0x000000008c500000, 0x000000008c500000|100%| E|CS|TAMS 0x000000008c400000, 0x000000008c400000| Complete 
| 197|0x000000008c500000, 0x000000008c600000, 0x000000008c600000|100%| E|CS|TAMS 0x000000008c500000, 0x000000008c500000| Complete 
| 198|0x000000008c600000, 0x000000008c700000, 0x000000008c700000|100%| E|CS|TAMS 0x000000008c600000, 0x000000008c600000| Complete 
| 199|0x000000008c700000, 0x000000008c800000, 0x000000008c800000|100%| E|CS|TAMS 0x000000008c700000, 0x000000008c700000| Complete 
| 200|0x000000008c800000, 0x000000008c900000, 0x000000008c900000|100%| E|CS|TAMS 0x000000008c800000, 0x000000008c800000| Complete 
| 201|0x000000008c900000, 0x000000008ca00000, 0x000000008ca00000|100%| E|CS|TAMS 0x000000008c900000, 0x000000008c900000| Complete 
| 202|0x000000008ca00000, 0x000000008cb00000, 0x000000008cb00000|100%| E|CS|TAMS 0x000000008ca00000, 0x000000008ca00000| Complete 
| 203|0x000000008cb00000, 0x000000008cc00000, 0x000000008cc00000|100%| E|CS|TAMS 0x000000008cb00000, 0x000000008cb00000| Complete 
| 204|0x000000008cc00000, 0x000000008cd00000, 0x000000008cd00000|100%| E|CS|TAMS 0x000000008cc00000, 0x000000008cc00000| Complete 
| 205|0x000000008cd00000, 0x000000008ce00000, 0x000000008ce00000|100%| E|CS|TAMS 0x000000008cd00000, 0x000000008cd00000| Complete 
| 206|0x000000008ce00000, 0x000000008cf00000, 0x000000008cf00000|100%| E|CS|TAMS 0x000000008ce00000, 0x000000008ce00000| Complete 
| 207|0x000000008cf00000, 0x000000008d000000, 0x000000008d000000|100%| E|CS|TAMS 0x000000008cf00000, 0x000000008cf00000| Complete 
| 208|0x000000008d000000, 0x000000008d100000, 0x000000008d100000|100%| E|CS|TAMS 0x000000008d000000, 0x000000008d000000| Complete 
| 209|0x000000008d100000, 0x000000008d200000, 0x000000008d200000|100%| E|CS|TAMS 0x000000008d100000, 0x000000008d100000| Complete 
| 210|0x000000008d200000, 0x000000008d300000, 0x000000008d300000|100%| E|CS|TAMS 0x000000008d200000, 0x000000008d200000| Complete 
| 211|0x000000008d300000, 0x000000008d400000, 0x000000008d400000|100%| E|CS|TAMS 0x000000008d300000, 0x000000008d300000| Complete 
| 212|0x000000008d400000, 0x000000008d500000, 0x000000008d500000|100%| E|CS|TAMS 0x000000008d400000, 0x000000008d400000| Complete 
| 213|0x000000008d500000, 0x000000008d600000, 0x000000008d600000|100%| E|CS|TAMS 0x000000008d500000, 0x000000008d500000| Complete 
| 214|0x000000008d600000, 0x000000008d700000, 0x000000008d700000|100%| E|CS|TAMS 0x000000008d600000, 0x000000008d600000| Complete 
| 215|0x000000008d700000, 0x000000008d800000, 0x000000008d800000|100%| E|CS|TAMS 0x000000008d700000, 0x000000008d700000| Complete 
| 216|0x000000008d800000, 0x000000008d900000, 0x000000008d900000|100%| E|CS|TAMS 0x000000008d800000, 0x000000008d800000| Complete 
| 217|0x000000008d900000, 0x000000008da00000, 0x000000008da00000|100%| E|CS|TAMS 0x000000008d900000, 0x000000008d900000| Complete 
| 218|0x000000008da00000, 0x000000008db00000, 0x000000008db00000|100%| E|CS|TAMS 0x000000008da00000, 0x000000008da00000| Complete 
| 219|0x000000008db00000, 0x000000008dc00000, 0x000000008dc00000|100%| E|CS|TAMS 0x000000008db00000, 0x000000008db00000| Complete 
| 220|0x000000008dc00000, 0x000000008dd00000, 0x000000008dd00000|100%| E|CS|TAMS 0x000000008dc00000, 0x000000008dc00000| Complete 
| 221|0x000000008dd00000, 0x000000008de00000, 0x000000008de00000|100%| E|CS|TAMS 0x000000008dd00000, 0x000000008dd00000| Complete 
| 222|0x000000008de00000, 0x000000008df00000, 0x000000008df00000|100%| E|CS|TAMS 0x000000008de00000, 0x000000008de00000| Complete 
| 223|0x000000008df00000, 0x000000008e000000, 0x000000008e000000|100%| E|CS|TAMS 0x000000008df00000, 0x000000008df00000| Complete 
| 224|0x000000008e000000, 0x000000008e100000, 0x000000008e100000|100%| E|CS|TAMS 0x000000008e000000, 0x000000008e000000| Complete 
| 225|0x000000008e100000, 0x000000008e200000, 0x000000008e200000|100%| E|CS|TAMS 0x000000008e100000, 0x000000008e100000| Complete 
| 226|0x000000008e200000, 0x000000008e300000, 0x000000008e300000|100%| E|CS|TAMS 0x000000008e200000, 0x000000008e200000| Complete 
| 227|0x000000008e300000, 0x000000008e400000, 0x000000008e400000|100%| E|CS|TAMS 0x000000008e300000, 0x000000008e300000| Complete 
| 228|0x000000008e400000, 0x000000008e500000, 0x000000008e500000|100%| E|CS|TAMS 0x000000008e400000, 0x000000008e400000| Complete 
| 229|0x000000008e500000, 0x000000008e600000, 0x000000008e600000|100%| E|CS|TAMS 0x000000008e500000, 0x000000008e500000| Complete 
| 230|0x000000008e600000, 0x000000008e700000, 0x000000008e700000|100%| E|CS|TAMS 0x000000008e600000, 0x000000008e600000| Complete 
| 231|0x000000008e700000, 0x000000008e800000, 0x000000008e800000|100%| E|CS|TAMS 0x000000008e700000, 0x000000008e700000| Complete 
| 232|0x000000008e800000, 0x000000008e900000, 0x000000008e900000|100%| E|CS|TAMS 0x000000008e800000, 0x000000008e800000| Complete 
| 233|0x000000008e900000, 0x000000008ea00000, 0x000000008ea00000|100%| E|CS|TAMS 0x000000008e900000, 0x000000008e900000| Complete 
| 234|0x000000008ea00000, 0x000000008eb00000, 0x000000008eb00000|100%| E|CS|TAMS 0x000000008ea00000, 0x000000008ea00000| Complete 
| 235|0x000000008eb00000, 0x000000008ec00000, 0x000000008ec00000|100%| E|CS|TAMS 0x000000008eb00000, 0x000000008eb00000| Complete 
| 236|0x000000008ec00000, 0x000000008ed00000, 0x000000008ed00000|100%| E|CS|TAMS 0x000000008ec00000, 0x000000008ec00000| Complete 
| 237|0x000000008ed00000, 0x000000008ee00000, 0x000000008ee00000|100%| E|CS|TAMS 0x000000008ed00000, 0x000000008ed00000| Complete 
| 238|0x000000008ee00000, 0x000000008ef00000, 0x000000008ef00000|100%| E|CS|TAMS 0x000000008ee00000, 0x000000008ee00000| Complete 
| 239|0x000000008ef00000, 0x000000008f000000, 0x000000008f000000|100%| E|CS|TAMS 0x000000008ef00000, 0x000000008ef00000| Complete 
| 240|0x000000008f000000, 0x000000008f100000, 0x000000008f100000|100%| E|CS|TAMS 0x000000008f000000, 0x000000008f000000| Complete 
| 241|0x000000008f100000, 0x000000008f200000, 0x000000008f200000|100%| E|CS|TAMS 0x000000008f100000, 0x000000008f100000| Complete 
| 242|0x000000008f200000, 0x000000008f300000, 0x000000008f300000|100%| E|CS|TAMS 0x000000008f200000, 0x000000008f200000| Complete 
| 243|0x000000008f300000, 0x000000008f400000, 0x000000008f400000|100%| E|CS|TAMS 0x000000008f300000, 0x000000008f300000| Complete 
| 244|0x000000008f400000, 0x000000008f500000, 0x000000008f500000|100%| E|CS|TAMS 0x000000008f400000, 0x000000008f400000| Complete 
| 245|0x000000008f500000, 0x000000008f600000, 0x000000008f600000|100%| E|CS|TAMS 0x000000008f500000, 0x000000008f500000| Complete 
| 246|0x000000008f600000, 0x000000008f700000, 0x000000008f700000|100%| E|CS|TAMS 0x000000008f600000, 0x000000008f600000| Complete 
| 247|0x000000008f700000, 0x000000008f800000, 0x000000008f800000|100%| E|CS|TAMS 0x000000008f700000, 0x000000008f700000| Complete 
| 248|0x000000008f800000, 0x000000008f900000, 0x000000008f900000|100%| E|CS|TAMS 0x000000008f800000, 0x000000008f800000| Complete 
| 249|0x000000008f900000, 0x000000008fa00000, 0x000000008fa00000|100%| E|CS|TAMS 0x000000008f900000, 0x000000008f900000| Complete 
| 250|0x000000008fa00000, 0x000000008fb00000, 0x000000008fb00000|100%| E|CS|TAMS 0x000000008fa00000, 0x000000008fa00000| Complete 
| 251|0x000000008fb00000, 0x000000008fc00000, 0x000000008fc00000|100%| E|CS|TAMS 0x000000008fb00000, 0x000000008fb00000| Complete 
| 252|0x000000008fc00000, 0x000000008fd00000, 0x000000008fd00000|100%| E|CS|TAMS 0x000000008fc00000, 0x000000008fc00000| Complete 
| 253|0x000000008fd00000, 0x000000008fe00000, 0x000000008fe00000|100%| E|CS|TAMS 0x000000008fd00000, 0x000000008fd00000| Complete 

Card table byte_map: [0x000001cefd560000,0x000001cefd960000] _byte_map_base: 0x000001cefd160000

Marking Bits (Prev, Next): (CMBitMap*) 0x000001cee6793370, (CMBitMap*) 0x000001cee6793338
 Prev Bits: [0x000001ce80000000, 0x000001ce82000000)
 Next Bits: [0x000001cefdd60000, 0x000001ceffd60000)

Polling page: 0x000001cee4700000

Metaspace:

Usage:
  Non-class:     54.73 MB capacity,    53.75 MB ( 98%) used,   818.84 KB (  1%) free+waste,   186.00 KB ( <1%) overhead. 
      Class:      8.91 MB capacity,     8.19 MB ( 92%) used,   645.64 KB (  7%) free+waste,    93.19 KB (  1%) overhead. 
       Both:     63.64 MB capacity,    61.94 MB ( 97%) used,     1.43 MB (  2%) free+waste,   279.19 KB ( <1%) overhead. 

Virtual space:
  Non-class space:       56.00 MB reserved,      54.75 MB ( 98%) committed 
      Class space:      504.00 MB reserved,       9.00 MB (  2%) committed 
             Both:      560.00 MB reserved,      63.75 MB ( 11%) committed 

Chunk freelists:
   Non-Class:  2.25 KB
       Class:  0 bytes
        Both:  2.25 KB

CodeHeap 'non-profiled nmethods': size=120000Kb used=3663Kb max_used=3663Kb free=116336Kb
 bounds [0x000001cef5900000, 0x000001cef5ca0000, 0x000001cefce30000]
CodeHeap 'profiled nmethods': size=120000Kb used=13270Kb max_used=13270Kb free=106729Kb
 bounds [0x000001ceee3d0000, 0x000001ceef0d0000, 0x000001cef5900000]
CodeHeap 'non-nmethods': size=5760Kb used=2278Kb max_used=2321Kb free=3481Kb
 bounds [0x000001ceede30000, 0x000001ceee0a0000, 0x000001ceee3d0000]
 total_blobs=7131 nmethods=6271 adapters=771
 compilation: enabled
              stopped_count=0, restarted_count=0
 full_count=0

Compilation events (10 events):
Event: 127.881 Thread 0x000001ce850e2000 6285       1       org.gradle.api.internal.DefaultNamedDomainObjectCollection$AbstractNamedDomainObjectProvider::getName (5 bytes)
Event: 127.881 Thread 0x000001ce850e2000 nmethod 6285 0x000001cef5c93910 code [0x000001cef5c93aa0, 0x000001cef5c93b58]
Event: 127.883 Thread 0x000001ce850e2000 6286       1       org.gradle.internal.typeconversion.TypeInfo::getTargetType (5 bytes)
Event: 127.883 Thread 0x000001ce850e2000 nmethod 6286 0x000001cef5c93c10 code [0x000001cef5c93da0, 0x000001cef5c93e58]
Event: 127.884 Thread 0x000001ce850e2000 6287       3       org.gradle.internal.Describables$AbstractDescribable::<init> (5 bytes)
Event: 127.884 Thread 0x000001ce850e2000 nmethod 6287 0x000001ceef0c2710 code [0x000001ceef0c28c0, 0x000001ceef0c2a78]
Event: 127.892 Thread 0x000001ce850e2000 6288       3       org.gradle.cache.internal.locklistener.DefaultFileLockContentionHandler::assertNotStopped (18 bytes)
Event: 127.893 Thread 0x000001ce850e2000 nmethod 6288 0x000001ceef0c2b90 code [0x000001ceef0c2d40, 0x000001ceef0c2f48]
Event: 128.046 Thread 0x000001ce850e2000 6289   !   3       sun.nio.ch.FileLockTable::add (205 bytes)
Event: 128.047 Thread 0x000001ce850e2000 nmethod 6289 0x000001ceef0c3010 code [0x000001ceef0c3360, 0x000001ceef0c4e48]

GC Heap History (10 events):
Event: 20.353 GC heap before
{Heap before GC invocations=4 (full 0):
 garbage-first heap   total 260096K, used 92091K [0x0000000080000000, 0x0000000100000000)
  region size 1024K, 73 young (74752K), 1 survivors (1024K)
 Metaspace       used 29482K, capacity 30126K, committed 30336K, reserved 542720K
  class space    used 3958K, capacity 4216K, committed 4224K, reserved 516096K
}
Event: 20.357 GC heap after
{Heap after GC invocations=5 (full 0):
 garbage-first heap   total 260096K, used 20757K [0x0000000080000000, 0x0000000100000000)
  region size 1024K, 4 young (4096K), 4 survivors (4096K)
 Metaspace       used 29482K, capacity 30126K, committed 30336K, reserved 542720K
  class space    used 3958K, capacity 4216K, committed 4224K, reserved 516096K
}
Event: 22.455 GC heap before
{Heap before GC invocations=5 (full 0):
 garbage-first heap   total 260096K, used 44309K [0x0000000080000000, 0x0000000100000000)
  region size 1024K, 28 young (28672K), 4 survivors (4096K)
 Metaspace       used 34913K, capacity 35704K, committed 35840K, reserved 548864K
  class space    used 4548K, capacity 4864K, committed 4864K, reserved 516096K
}
Event: 22.461 GC heap after
{Heap after GC invocations=6 (full 0):
 garbage-first heap   total 260096K, used 23247K [0x0000000080000000, 0x0000000100000000)
  region size 1024K, 6 young (6144K), 6 survivors (6144K)
 Metaspace       used 34913K, capacity 35704K, committed 35840K, reserved 548864K
  class space    used 4548K, capacity 4864K, committed 4864K, reserved 516096K
}
Event: 73.310 GC heap before
{Heap before GC invocations=7 (full 0):
 garbage-first heap   total 260096K, used 143055K [0x0000000080000000, 0x0000000100000000)
  region size 1024K, 120 young (122880K), 6 survivors (6144K)
 Metaspace       used 43102K, capacity 44202K, committed 44416K, reserved 555008K
  class space    used 5490K, capacity 5943K, committed 6016K, reserved 516096K
}
Event: 73.323 GC heap after
{Heap after GC invocations=8 (full 0):
 garbage-first heap   total 260096K, used 30294K [0x0000000080000000, 0x0000000100000000)
  region size 1024K, 13 young (13312K), 13 survivors (13312K)
 Metaspace       used 43102K, capacity 44202K, committed 44416K, reserved 555008K
  class space    used 5490K, capacity 5943K, committed 6016K, reserved 516096K
}
Event: 109.805 GC heap before
{Heap before GC invocations=8 (full 0):
 garbage-first heap   total 260096K, used 162390K [0x0000000080000000, 0x0000000100000000)
  region size 1024K, 138 young (141312K), 13 survivors (13312K)
 Metaspace       used 52497K, capacity 53990K, committed 54144K, reserved 563200K
  class space    used 6825K, capacity 7453K, committed 7552K, reserved 516096K
}
Event: 109.819 GC heap after
{Heap after GC invocations=9 (full 0):
 garbage-first heap   total 260096K, used 39924K [0x0000000080000000, 0x0000000100000000)
  region size 1024K, 15 young (15360K), 15 survivors (15360K)
 Metaspace       used 52497K, capacity 53990K, committed 54144K, reserved 563200K
  class space    used 6825K, capacity 7453K, committed 7552K, reserved 516096K
}
Event: 113.797 GC heap before
{Heap before GC invocations=9 (full 0):
 garbage-first heap   total 260096K, used 109556K [0x0000000080000000, 0x0000000100000000)
  region size 1024K, 84 young (86016K), 15 survivors (15360K)
 Metaspace       used 58146K, capacity 59776K, committed 59904K, reserved 569344K
  class space    used 7686K, capacity 8383K, committed 8448K, reserved 516096K
}
Event: 113.810 GC heap after
{Heap after GC invocations=10 (full 0):
 garbage-first heap   total 260096K, used 42605K [0x0000000080000000, 0x0000000100000000)
  region size 1024K, 10 young (10240K), 10 survivors (10240K)
 Metaspace       used 58146K, capacity 59776K, committed 59904K, reserved 569344K
  class space    used 7686K, capacity 8383K, committed 8448K, reserved 516096K
}

Deoptimization events (10 events):
Event: 127.569 Thread 0x000001ce86c9d000 Uncommon trap: reason=class_check action=maybe_recompile pc=0x000001cef5a64d54 method=jdk.internal.loader.URLClassPath.getLoader(I)Ljdk/internal/loader/URLClassPath$Loader; @ 190 c2
Event: 127.569 Thread 0x000001ce86c9d000 Uncommon trap: reason=class_check action=maybe_recompile pc=0x000001cef5afd194 method=jdk.internal.loader.URLClassPath.getResource(Ljava/lang/String;Z)Ljdk/internal/loader/Resource; @ 53 c2
Event: 127.569 Thread 0x000001ce86c9d000 Uncommon trap: reason=class_check action=maybe_recompile pc=0x000001cef5c6881c method=jdk.internal.loader.Resource.getBytes()[B @ 10 c2
Event: 127.614 Thread 0x000001ce86c9d000 Uncommon trap: reason=unstable_if action=reinterpret pc=0x000001cef5c23f78 method=java.util.HashMap.getNode(ILjava/lang/Object;)Ljava/util/HashMap$Node; @ 84 c2
Event: 127.614 Thread 0x000001ce86c9d000 Uncommon trap: reason=unstable_if action=reinterpret pc=0x000001cef5c1bddc method=java.util.HashMap.putVal(ILjava/lang/Object;Ljava/lang/Object;ZZ)Ljava/lang/Object; @ 109 c2
Event: 127.615 Thread 0x000001ce86c9d000 Uncommon trap: reason=unstable_if action=reinterpret pc=0x000001cef596c82c method=java.util.HashMap.resize()[Ljava/util/HashMap$Node; @ 203 c2
Event: 127.617 Thread 0x000001ce86c9d000 Uncommon trap: reason=unstable_if action=reinterpret pc=0x000001cef5c1b228 method=java.util.HashMap.getNode(ILjava/lang/Object;)Ljava/util/HashMap$Node; @ 84 c2
Event: 127.617 Thread 0x000001ce86c9d000 Uncommon trap: reason=unstable_if action=reinterpret pc=0x000001cef5c1a3cc method=java.util.HashMap.getNode(ILjava/lang/Object;)Ljava/util/HashMap$Node; @ 84 c2
Event: 127.701 Thread 0x000001ce86c9d000 Uncommon trap: reason=unstable_if action=reinterpret pc=0x000001cef5c18464 method=java.util.HashMap.putVal(ILjava/lang/Object;Ljava/lang/Object;ZZ)Ljava/lang/Object; @ 109 c2
Event: 127.863 Thread 0x000001ce86c9d000 Uncommon trap: reason=bimorphic_or_optimized_type_check action=maybe_recompile pc=0x000001cef5a73dd0 method=java.lang.Throwable.<init>(Ljava/lang/String;Ljava/lang/Throwable;)V @ 24 c2

Classes redefined (0 events):
No events

Internal exceptions (10 events):
Event: 112.762 Thread 0x000001ce86c9d000 Exception <a 'java/lang/ClassNotFoundException'{0x000000008c7e58c8}: org/jetbrains/kotlin/gradle/targets/js/npm/NpmDependencyExtensionKt$defaultNpmDependencyDelegate$1BeanInfo> (0x000000008c7e58c8) thrown at [./open/src/hotspot/share/classfile/systemDicti
Event: 112.763 Thread 0x000001ce86c9d000 Exception <a 'java/lang/ClassNotFoundException'{0x000000008c7f4370}: org/jetbrains/kotlin/gradle/targets/js/npm/NpmDependencyExtensionDelegateBeanInfo> (0x000000008c7f4370) thrown at [./open/src/hotspot/share/classfile/systemDictionary.cpp, line 226]
Event: 112.763 Thread 0x000001ce86c9d000 Exception <a 'java/lang/ClassNotFoundException'{0x000000008c603960}: org/jetbrains/kotlin/gradle/targets/js/npm/NpmDependencyExtensionDelegateCustomizer> (0x000000008c603960) thrown at [./open/src/hotspot/share/classfile/systemDictionary.cpp, line 226]
Event: 112.764 Thread 0x000001ce86c9d000 Exception <a 'java/lang/ClassNotFoundException'{0x000000008c62a968}: org/jetbrains/kotlin/gradle/targets/js/npm/NpmDependencyExtensionKt$defaultNpmDependencyDelegate$1Customizer> (0x000000008c62a968) thrown at [./open/src/hotspot/share/classfile/systemDic
Event: 112.767 Thread 0x000001ce86c9d000 Exception <a 'java/lang/ClassNotFoundException'{0x000000008c66f630}: org/jetbrains/kotlin/gradle/targets/js/npm/DefaultDevNpmDependencyExtensionBeanInfo> (0x000000008c66f630) thrown at [./open/src/hotspot/share/classfile/systemDictionary.cpp, line 226]
Event: 112.767 Thread 0x000001ce86c9d000 Exception <a 'java/lang/ClassNotFoundException'{0x000000008c67d4d8}: org/jetbrains/kotlin/gradle/targets/js/npm/DefaultDevNpmDependencyExtensionCustomizer> (0x000000008c67d4d8) thrown at [./open/src/hotspot/share/classfile/systemDictionary.cpp, line 226]
Event: 113.103 Thread 0x000001ce86c9d000 Exception <a 'java/lang/ClassNotFoundException'{0x000000008c6c5a40}: org/jetbrains/kotlin/gradle/targets/js/npm/DefaultPeerNpmDependencyExtensionBeanInfo> (0x000000008c6c5a40) thrown at [./open/src/hotspot/share/classfile/systemDictionary.cpp, line 226]
Event: 113.104 Thread 0x000001ce86c9d000 Exception <a 'java/lang/ClassNotFoundException'{0x000000008c6d38f8}: org/jetbrains/kotlin/gradle/targets/js/npm/DefaultPeerNpmDependencyExtensionCustomizer> (0x000000008c6d38f8) thrown at [./open/src/hotspot/share/classfile/systemDictionary.cpp, line 226]
Event: 113.145 Thread 0x000001ce86c9d000 Exception <a 'java/lang/ClassNotFoundException'{0x000000008c524040}: org/jetbrains/kotlin/gradle/targets/js/npm/DefaultPeerNpmDependencyExtension$delegate$1BeanInfo> (0x000000008c524040) thrown at [./open/src/hotspot/share/classfile/systemDictionary.cpp, 
Event: 113.146 Thread 0x000001ce86c9d000 Exception <a 'java/lang/ClassNotFoundException'{0x000000008c5326c8}: org/jetbrains/kotlin/gradle/targets/js/npm/DefaultPeerNpmDependencyExtension$delegate$1Customizer> (0x000000008c5326c8) thrown at [./open/src/hotspot/share/classfile/systemDictionary.cpp

Events (10 events):
Event: 127.884 loading class org/gradle/tooling/internal/provider/runner/PluginApplicationTracker
Event: 127.884 loading class org/gradle/tooling/internal/provider/runner/PluginApplicationTracker done
Event: 127.885 loading class org/gradle/internal/build/event/types/DefaultScriptPluginIdentifier
Event: 127.885 loading class org/gradle/internal/build/event/types/DefaultScriptPluginIdentifier done
Event: 127.886 loading class org/gradle/configuration/ProjectScriptTarget
Event: 127.886 loading class org/gradle/configuration/ProjectScriptTarget done
Event: 127.887 loading class org/gradle/api/artifacts/VersionCatalogsExtension
Event: 127.887 loading class org/gradle/api/artifacts/VersionCatalogsExtension done
Event: 127.887 loading class org/gradle/api/internal/project/ProjectScript
Event: 127.887 loading class org/gradle/api/internal/project/ProjectScript done


Dynamic libraries:
0x00007ff683920000 - 0x00007ff683930000 	C:\Program Files\Java\jdk-11\bin\java.exe
0x00007ffac1e30000 - 0x00007ffac2024000 	C:\WINDOWS\SYSTEM32\ntdll.dll
0x00007ffac06c0000 - 0x00007ffac077d000 	C:\WINDOWS\System32\KERNEL32.DLL
0x00007ffabfb60000 - 0x00007ffabfe27000 	C:\WINDOWS\System32\KERNELBASE.dll
0x00007ffabf890000 - 0x00007ffabf990000 	C:\WINDOWS\System32\ucrtbase.dll
0x00007ffab3af0000 - 0x00007ffab3b0b000 	C:\Program Files\Java\jdk-11\bin\VCRUNTIME140.dll
0x00007ffaad850000 - 0x00007ffaad869000 	C:\Program Files\Java\jdk-11\bin\jli.dll
0x00007ffac1030000 - 0x00007ffac10da000 	C:\WINDOWS\System32\ADVAPI32.dll
0x00007ffac1470000 - 0x00007ffac150e000 	C:\WINDOWS\System32\msvcrt.dll
0x00007ffac0f90000 - 0x00007ffac102b000 	C:\WINDOWS\System32\sechost.dll
0x00007ffac0570000 - 0x00007ffac0693000 	C:\WINDOWS\System32\RPCRT4.dll
0x00007ffac12c0000 - 0x00007ffac1460000 	C:\WINDOWS\System32\USER32.dll
0x00007ffabf990000 - 0x00007ffabf9b2000 	C:\WINDOWS\System32\win32u.dll
0x00007ffabea80000 - 0x00007ffabed1a000 	C:\WINDOWS\WinSxS\amd64_microsoft.windows.common-controls_6595b64144ccf1df_6.0.19041.1_none_b555e41d4684ddec\COMCTL32.dll
0x00007ffac03b0000 - 0x00007ffac03da000 	C:\WINDOWS\System32\GDI32.dll
0x00007ffabf6d0000 - 0x00007ffabf7da000 	C:\WINDOWS\System32\gdi32full.dll
0x00007ffabfa70000 - 0x00007ffabfb0d000 	C:\WINDOWS\System32\msvcp_win.dll
0x00007ffab5ce0000 - 0x00007ffab5cea000 	C:\WINDOWS\SYSTEM32\VERSION.dll
0x00007ffac10e0000 - 0x00007ffac1110000 	C:\WINDOWS\System32\IMM32.DLL
0x00007ffab66c0000 - 0x00007ffab66cc000 	C:\Program Files\Java\jdk-11\bin\vcruntime140_1.dll
0x00007ffaad7c0000 - 0x00007ffaad84e000 	C:\Program Files\Java\jdk-11\bin\msvcp140.dll
0x00007ffa72780000 - 0x00007ffa732ec000 	C:\Program Files\Java\jdk-11\bin\server\jvm.dll
0x00007ffac0bc0000 - 0x00007ffac0bc8000 	C:\WINDOWS\System32\PSAPI.DLL
0x00007ffaa5ec0000 - 0x00007ffaa5ee7000 	C:\WINDOWS\SYSTEM32\WINMM.dll
0x00007ffab4260000 - 0x00007ffab4269000 	C:\WINDOWS\SYSTEM32\WSOCK32.dll
0x00007ffac0f10000 - 0x00007ffac0f7b000 	C:\WINDOWS\System32\WS2_32.dll
0x00007ffabcf20000 - 0x00007ffabcf33000 	C:\WINDOWS\SYSTEM32\kernel.appcore.dll
0x00007ffab40e0000 - 0x00007ffab40f0000 	C:\Program Files\Java\jdk-11\bin\verify.dll
0x00007ffabefd0000 - 0x00007ffabf1b4000 	C:\WINDOWS\SYSTEM32\DBGHELP.DLL
0x00007ffabeee0000 - 0x00007ffabef0c000 	C:\WINDOWS\SYSTEM32\dbgcore.DLL
0x00007ffabf9c0000 - 0x00007ffabfa3f000 	C:\WINDOWS\System32\bcryptPrimitives.dll
0x00007ffaad790000 - 0x00007ffaad7b8000 	C:\Program Files\Java\jdk-11\bin\java.dll
0x00007ffab3560000 - 0x00007ffab356a000 	C:\Program Files\Java\jdk-11\bin\jimage.dll
0x00007ffaad770000 - 0x00007ffaad787000 	C:\Program Files\Java\jdk-11\bin\zip.dll
0x00007ffac1510000 - 0x00007ffac1c41000 	C:\WINDOWS\System32\SHELL32.dll
0x00007ffabd0b0000 - 0x00007ffabd83a000 	C:\WINDOWS\SYSTEM32\windows.storage.dll
0x00007ffac0780000 - 0x00007ffac0ad4000 	C:\WINDOWS\System32\combase.dll
0x00007ffabe8e0000 - 0x00007ffabe90b000 	C:\WINDOWS\SYSTEM32\Wldp.dll
0x00007ffac0bd0000 - 0x00007ffac0c7e000 	C:\WINDOWS\System32\SHCORE.dll
0x00007ffac03e0000 - 0x00007ffac0435000 	C:\WINDOWS\System32\shlwapi.dll
0x00007ffabf4b0000 - 0x00007ffabf4cf000 	C:\WINDOWS\SYSTEM32\profapi.dll
0x00007ffaad750000 - 0x00007ffaad769000 	C:\Program Files\Java\jdk-11\bin\net.dll
0x00007ffab9b30000 - 0x00007ffab9c32000 	C:\WINDOWS\SYSTEM32\WINHTTP.dll
0x00007ffabe680000 - 0x00007ffabe6ea000 	C:\WINDOWS\system32\mswsock.dll
0x00007ffaad730000 - 0x00007ffaad742000 	C:\Program Files\Java\jdk-11\bin\nio.dll
0x00007ffaad700000 - 0x00007ffaad727000 	C:\Users\Ayaz khalid\.gradle\native\e1d6ef7f7dcc3fd88c89a11ec53ec762bb8ba0a96d01ffa2cd45eb1d1d8dd5c5\windows-amd64\native-platform.dll
0x00007ffa7fd60000 - 0x00007ffa7fea4000 	C:\Users\Ayaz khalid\.gradle\native\0d407fdbe67a94daf76414ababcb853783967236a71b16ec16e742cd7a986fd3\windows-amd64\native-platform-file-events.dll
0x00007ffaad6f0000 - 0x00007ffaad6f9000 	C:\Program Files\Java\jdk-11\bin\management.dll
0x00007ffaad6e0000 - 0x00007ffaad6eb000 	C:\Program Files\Java\jdk-11\bin\management_ext.dll
0x00007ffabf1c0000 - 0x00007ffabf1d8000 	C:\WINDOWS\SYSTEM32\CRYPTSP.dll
0x00007ffabdfd0000 - 0x00007ffabe004000 	C:\WINDOWS\system32\rsaenh.dll
0x00007ffabfa40000 - 0x00007ffabfa67000 	C:\WINDOWS\System32\bcrypt.dll
0x00007ffabf430000 - 0x00007ffabf45e000 	C:\WINDOWS\SYSTEM32\USERENV.dll
0x00007ffabe850000 - 0x00007ffabe85c000 	C:\WINDOWS\SYSTEM32\CRYPTBASE.dll
0x00007ffabe310000 - 0x00007ffabe34b000 	C:\WINDOWS\SYSTEM32\IPHLPAPI.DLL
0x00007ffac1460000 - 0x00007ffac1469000 	C:\WINDOWS\System32\NSI.dll
0x00007ffab77c0000 - 0x00007ffab77d7000 	C:\WINDOWS\SYSTEM32\dhcpcsvc6.DLL
0x00007ffab76f0000 - 0x00007ffab770d000 	C:\WINDOWS\SYSTEM32\dhcpcsvc.DLL
0x00007ffabe360000 - 0x00007ffabe42a000 	C:\WINDOWS\SYSTEM32\DNSAPI.dll

dbghelp: loaded successfully - version: 4.0.5 - missing functions: none
symbol engine: initialized successfully - sym options: 0x614 - pdb path: .;C:\Program Files\Java\jdk-11\bin;C:\WINDOWS\SYSTEM32;C:\WINDOWS\WinSxS\amd64_microsoft.windows.common-controls_6595b64144ccf1df_6.0.19041.1_none_b555e41d4684ddec;C:\Program Files\Java\jdk-11\bin\server;C:\Users\Ayaz khalid\.gradle\native\e1d6ef7f7dcc3fd88c89a11ec53ec762bb8ba0a96d01ffa2cd45eb1d1d8dd5c5\windows-amd64;C:\Users\Ayaz khalid\.gradle\native\0d407fdbe67a94daf76414ababcb853783967236a71b16ec16e742cd7a986fd3\windows-amd64

VM Arguments:
jvm_args: -XX:MaxMetaspaceSize=512m --add-opens=java.base/java.util=ALL-UNNAMED --add-opens=java.base/java.lang=ALL-UNNAMED --add-opens=java.base/java.lang.invoke=ALL-UNNAMED --add-opens=java.base/java.util=ALL-UNNAMED --add-opens=java.prefs/java.util.prefs=ALL-UNNAMED --add-opens=java.prefs/java.util.prefs=ALL-UNNAMED --add-opens=java.base/java.nio.charset=ALL-UNNAMED --add-opens=java.base/java.net=ALL-UNNAMED --add-opens=java.base/java.util.concurrent.atomic=ALL-UNNAMED -Xmx2048m -Dfile.encoding=windows-1252 -Duser.country=US -Duser.language=en -Duser.variant 
java_command: org.gradle.launcher.daemon.bootstrap.GradleDaemon 7.5.1
java_class_path (initial): C:\Users\Ayaz khalid\.gradle\wrapper\dists\gradle-7.5.1-all\1ehga6e77gqps5uk2kc5kf1vc\gradle-7.5.1\lib\gradle-launcher-7.5.1.jar
Launcher Type: SUN_STANDARD

[Global flags]
     intx CICompilerCount                          = 4                                         {product} {ergonomic}
   size_t CompressedClassSpaceSize                 = 528482304                                 {product} {ergonomic}
     uint ConcGCThreads                            = 2                                         {product} {ergonomic}
     uint G1ConcRefinementThreads                  = 8                                         {product} {ergonomic}
   size_t G1HeapRegionSize                         = 1048576                                   {product} {ergonomic}
    uintx GCDrainStackTargetSize                   = 64                                        {product} {ergonomic}
   size_t InitialHeapSize                          = 266338304                                 {product} {ergonomic}
   size_t MarkStackSize                            = 4194304                                   {product} {ergonomic}
   size_t MaxHeapSize                              = 2147483648                                {product} {command line}
   size_t MaxMetaspaceSize                         = 536870912                                 {product} {command line}
   size_t MaxNewSize                               = 1287651328                                {product} {ergonomic}
   size_t MinHeapDeltaBytes                        = 1048576                                   {product} {ergonomic}
    uintx NonNMethodCodeHeapSize                   = 5836300                                {pd product} {ergonomic}
    uintx NonProfiledCodeHeapSize                  = 122910970                              {pd product} {ergonomic}
    uintx ProfiledCodeHeapSize                     = 122910970                              {pd product} {ergonomic}
    uintx ReservedCodeCacheSize                    = 251658240                              {pd product} {ergonomic}
     bool SegmentedCodeCache                       = true                                      {product} {ergonomic}
     bool UseCompressedClassPointers               = true                                 {lp64_product} {ergonomic}
     bool UseCompressedOops                        = true                                 {lp64_product} {ergonomic}
     bool UseG1GC                                  = true                                      {product} {ergonomic}
     bool UseLargePagesIndividualAllocation        = false                                  {pd product} {ergonomic}

Logging:
Log output configuration:
 #0: stdout all=warning uptime,level,tags
 #1: stderr all=off uptime,level,tags

Environment Variables:
JAVA_HOME=C:\Program Files\Java\jdk-11
CLASSPATH=D:\Ayaz Khalid\Live-Projects\BMServicesPlayStoreLive\android\\gradle\wrapper\gradle-wrapper.jar
PATH=D:\Ayaz Khalid\Live-Projects\BMServicesPlayStoreLive\node_modules\.bin;D:\Ayaz Khalid\Live-Projects\BMServicesPlayStoreLive\node_modules\.bin;D:\Ayaz Khalid\Live-Projects\node_modules\.bin;D:\Ayaz Khalid\node_modules\.bin;D:\node_modules\.bin;C:\Program Files\nodejs\node_modules\npm\node_modules\@npmcli\run-script\lib\node-gyp-bin;D:\Ayaz Khalid\Live-Projects\BMServicesPlayStoreLive\node_modules\.bin;D:\Ayaz Khalid\Live-Projects\BMServicesPlayStoreLive\node_modules\.bin;D:\Ayaz Khalid\Live-Projects\node_modules\.bin;D:\Ayaz Khalid\node_modules\.bin;D:\node_modules\.bin;C:\Program Files\nodejs\node_modules\npm\node_modules\@npmcli\run-script\lib\node-gyp-bin;C:\Program Files (x86)\Common Files\Oracle\Java\javapath;C:\Program Files\Common Files\Oracle\Java\javapath;C:\WINDOWS\system32;C:\WINDOWS;C:\WINDOWS\System32\Wbem;C:\WINDOWS\System32\WindowsPowerShell\v1.0\;C:\WINDOWS\System32\OpenSSH\;C:\ProgramData\ComposerSetup\bin;C:\Program Files\nodejs\;C:\Program Files (x86)\Java\jre1.8.0_251\bin;C:\Program Files\PuTTY\;C:\Program Files\Git\cmd;C:\Users\Ayaz khalid\AppData\Local\Microsoft\WindowsApps;C:\Users\Ayaz khalid\AppData\Local\Programs\Microsoft VS Code\bin;C:\Users\Ayaz khalid\AppData\Local\Android\Sdk\platform-tools;C:\xampp\php;C:\Users\Ayaz khalid\AppData\Roaming\Composer\vendor\bin;C:\Users\Ayaz khalid\AppData\Local\GitHubDesktop\bin;C:\Users\Ayaz khalid\AppData\Roaming\npm;
USERNAME=Ayaz khalid
OS=Windows_NT
PROCESSOR_IDENTIFIER=Intel64 Family 6 Model 140 Stepping 1, GenuineIntel



---------------  S Y S T E M  ---------------

OS: Windows 10 , 64 bit Build 19041 (10.0.19041.1)

CPU:total 8 (initial active 8) (4 cores per cpu, 2 threads per core) family 6 model 140 stepping 1 microcode 0x66, cmov, cx8, fxsr, mmx, sse, sse2, sse3, ssse3, sse4.1, sse4.2, popcnt, avx, avx2, aes, clmul, erms, 3dnowpref, lzcnt, ht, tsc, tscinvbit, bmi1, bmi2, adx, evex, sha, fma

Memory: 4k page, system-wide physical 16183M (312M free)
TotalPageFile size 22543M (AvailPageFile size 5M)
current process WorkingSet (physical memory assigned to process): 366M, peak: 369M
current process commit charge ("private bytes"): 482M, peak: 485M

vm_info: Java HotSpot(TM) 64-Bit Server VM (11.0.19+9-LTS-224) for windows-amd64 JRE (11.0.19+9-LTS-224), built on Mar 27 2023 08:48:55 by "mach5one" with MS VC++ 17.1 (VS2022)

END.
