#
# There is insufficient memory for the Java Runtime Environment to continue.
# Native memory allocation (malloc) failed to allocate 32744 bytes for ChunkPool::allocate
# Possible reasons:
#   The system is out of physical RAM or swap space
#   The process is running with CompressedOops enabled, and the Java Heap may be blocking the growth of the native heap
# Possible solutions:
#   Reduce memory load on the system
#   Increase physical memory or swap space
#   Check if swap backing store is full
#   Decrease Java heap size (-Xmx/-Xms)
#   Decrease number of Java threads
#   Decrease Java thread stack sizes (-Xss)
#   Set larger code cache with -XX:ReservedCodeCacheSize=
#   JVM is running with Unscaled Compressed Oops mode in which the Java heap is
#     placed in the first 4GB address space. The Java Heap base address is the
#     maximum limit for the native heap growth. Please use -XX:HeapBaseMinAddress
#     to set the Java Heap base and to place the Java Heap above 4GB virtual address.
# This output file may be truncated or incomplete.
#
#  Out of Memory Error (./open/src/hotspot/share/memory/arena.cpp:81), pid=22780, tid=23248
#
# JRE version: Java(TM) SE Runtime Environment 18.9 (11.0.19+9) (build 11.0.19+9-LTS-224)
# Java VM: Java HotSpot(TM) 64-Bit Server VM 18.9 (11.0.19+9-LTS-224, mixed mode, tiered, compressed oops, g1 gc, windows-amd64)
# No core dump will be written. Minidumps are not enabled by default on client versions of Windows
#

---------------  S U M M A R Y ------------

Command Line: -XX:MaxMetaspaceSize=512m --add-opens=java.base/java.util=ALL-UNNAMED --add-opens=java.base/java.lang=ALL-UNNAMED --add-opens=java.base/java.lang.invoke=ALL-UNNAMED --add-opens=java.base/java.util=ALL-UNNAMED --add-opens=java.prefs/java.util.prefs=ALL-UNNAMED --add-opens=java.prefs/java.util.prefs=ALL-UNNAMED --add-opens=java.base/java.nio.charset=ALL-UNNAMED --add-opens=java.base/java.net=ALL-UNNAMED --add-opens=java.base/java.util.concurrent.atomic=ALL-UNNAMED -Xmx2048m -Dfile.encoding=windows-1252 -Duser.country=US -Duser.language=en -Duser.variant org.gradle.launcher.daemon.bootstrap.GradleDaemon 7.5.1

Host: 11th Gen Intel(R) Core(TM) i7-1165G7 @ 2.80GHz, 8 cores, 15G,  Windows 10 , 64 bit Build 19041 (10.0.19041.1)
Time: Fri Jan 19 20:05:53 2024 Pakistan Standard Time elapsed time: 15.422234 seconds (0d 0h 0m 15s)

---------------  T H R E A D  ---------------

Current thread (0x000002643bc6e800):  JavaThread "C1 CompilerThread0" daemon [_thread_in_vm, id=23248, stack(0x0000009023700000,0x0000009023800000)]


Current CompileTask:
C1:  15422 2609       3       jdk.internal.org.objectweb.asm.ClassVisitor::<init> (35 bytes)

Stack: [0x0000009023700000,0x0000009023800000]
Native frames: (J=compiled Java code, j=interpreted, Vv=VM code, C=native code)
V  [jvm.dll+0x65fe1a]
V  [jvm.dll+0x7a2bbf]
V  [jvm.dll+0x7a4289]
V  [jvm.dll+0x7a4923]
V  [jvm.dll+0x258a25]
V  [jvm.dll+0xb2c3f]
V  [jvm.dll+0xb2f8c]
V  [jvm.dll+0x1bbc35]
V  [jvm.dll+0x1a812e]
V  [jvm.dll+0x22083a]
V  [jvm.dll+0x21ecac]
V  [jvm.dll+0x766921]
V  [jvm.dll+0x75f2e4]
V  [jvm.dll+0x65ecc5]
C  [ucrtbase.dll+0x21542]
C  [KERNEL32.DLL+0x16fd4]
C  [ntdll.dll+0x4cf31]


---------------  P R O C E S S  ---------------

Threads class SMR info:
_java_thread_list=0x000002643dfb5b10, length=33, elements={
0x000002641d363000, 0x000002643b3dc000, 0x000002643b3dd000, 0x000002643bc1e000,
0x000002643bc22800, 0x000002643bc68800, 0x000002643bc6b800, 0x000002643bc6e800,
0x000002643bcd2000, 0x000002643bdeb800, 0x000002643cf0c800, 0x000002643f143800,
0x000002643d0d6800, 0x000002643cf8c800, 0x000002643cb37800, 0x000002643de7c000,
0x000002643d8da000, 0x000002643f0c9000, 0x000002643c3bb000, 0x000002643c3fb000,
0x000002643c3f8800, 0x000002643c3fc000, 0x000002643c3f9800, 0x000002643c3ff000,
0x000002643c3fa000, 0x000002643c3fd800, 0x000002643c3fc800, 0x000002643c3fe800,
0x000002643f5f4800, 0x000002643e89c000, 0x000002643f5f5800, 0x000002643f5f6000,
0x000002643f36b000
}

Java Threads: ( => current thread )
  0x000002641d363000 JavaThread "main" [_thread_blocked, id=25612, stack(0x0000009022a00000,0x0000009022b00000)]
  0x000002643b3dc000 JavaThread "Reference Handler" daemon [_thread_blocked, id=17976, stack(0x0000009023100000,0x0000009023200000)]
  0x000002643b3dd000 JavaThread "Finalizer" daemon [_thread_blocked, id=22828, stack(0x0000009023200000,0x0000009023300000)]
  0x000002643bc1e000 JavaThread "Signal Dispatcher" daemon [_thread_blocked, id=25908, stack(0x0000009023300000,0x0000009023400000)]
  0x000002643bc22800 JavaThread "Attach Listener" daemon [_thread_blocked, id=24520, stack(0x0000009023400000,0x0000009023500000)]
  0x000002643bc68800 JavaThread "Service Thread" daemon [_thread_blocked, id=26436, stack(0x0000009023500000,0x0000009023600000)]
  0x000002643bc6b800 JavaThread "C2 CompilerThread0" daemon [_thread_in_native, id=25844, stack(0x0000009023600000,0x0000009023700000)]
=>0x000002643bc6e800 JavaThread "C1 CompilerThread0" daemon [_thread_in_vm, id=23248, stack(0x0000009023700000,0x0000009023800000)]
  0x000002643bcd2000 JavaThread "Sweeper thread" daemon [_thread_blocked, id=26316, stack(0x0000009023800000,0x0000009023900000)]
  0x000002643bdeb800 JavaThread "Common-Cleaner" daemon [_thread_blocked, id=23408, stack(0x0000009023900000,0x0000009023a00000)]
  0x000002643cf0c800 JavaThread "Daemon health stats" [_thread_blocked, id=26276, stack(0x0000009023b00000,0x0000009023c00000)]
  0x000002643f143800 JavaThread "Incoming local TCP Connector on port 63736" [_thread_in_native, id=18204, stack(0x0000009024200000,0x0000009024300000)]
  0x000002643d0d6800 JavaThread "Daemon periodic checks" [_thread_blocked, id=25812, stack(0x0000009024300000,0x0000009024400000)]
  0x000002643cf8c800 JavaThread "Daemon" [_thread_blocked, id=22804, stack(0x0000009024400000,0x0000009024500000)]
  0x000002643cb37800 JavaThread "Handler for socket connection from /127.0.0.1:63736 to /127.0.0.1:63737" [_thread_in_native, id=12776, stack(0x0000009024500000,0x0000009024600000)]
  0x000002643de7c000 JavaThread "Cancel handler" [_thread_blocked, id=11780, stack(0x0000009024100000,0x0000009024200000)]
  0x000002643d8da000 JavaThread "Daemon worker" [_thread_in_vm, id=7224, stack(0x0000009024600000,0x0000009024700000)]
  0x000002643f0c9000 JavaThread "Asynchronous log dispatcher for DefaultDaemonConnection: socket connection from /127.0.0.1:63736 to /127.0.0.1:63737" [_thread_blocked, id=13388, stack(0x0000009024700000,0x0000009024800000)]
  0x000002643c3bb000 JavaThread "Stdin handler" [_thread_blocked, id=10028, stack(0x0000009024800000,0x0000009024900000)]
  0x000002643c3fb000 JavaThread "Daemon client event forwarder" [_thread_blocked, id=7088, stack(0x0000009024900000,0x0000009024a00000)]
  0x000002643c3f8800 JavaThread "Cache worker for journal cache (C:\Users\Ayaz khalid\.gradle\caches\journal-1)" [_thread_blocked, id=19480, stack(0x0000009024a00000,0x0000009024b00000)]
  0x000002643c3fc000 JavaThread "File lock request listener" [_thread_in_native, id=19348, stack(0x0000009024b00000,0x0000009024c00000)]
  0x000002643c3f9800 JavaThread "Cache worker for file hash cache (C:\Users\Ayaz khalid\.gradle\caches\7.5.1\fileHashes)" [_thread_blocked, id=26488, stack(0x0000009024c00000,0x0000009024d00000)]
  0x000002643c3ff000 JavaThread "File watcher server" daemon [_thread_in_native, id=17144, stack(0x0000009025300000,0x0000009025400000)]
  0x000002643c3fa000 JavaThread "File watcher consumer" daemon [_thread_blocked, id=21444, stack(0x0000009025400000,0x0000009025500000)]
  0x000002643c3fd800 JavaThread "Cache worker for checksums cache (D:\Ayaz Khalid\Live-Projects\BMServicesPlayStoreLive\android\.gradle\7.5.1\checksums)" [_thread_blocked, id=9684, stack(0x0000009025100000,0x0000009025200000)]
  0x000002643c3fc800 JavaThread "Cache worker for cache directory md-rule (C:\Users\Ayaz khalid\.gradle\caches\7.5.1\md-rule)" [_thread_blocked, id=19328, stack(0x0000009025200000,0x0000009025300000)]
  0x000002643c3fe800 JavaThread "Cache worker for file content cache (C:\Users\Ayaz khalid\.gradle\caches\7.5.1\fileContent)" [_thread_blocked, id=5072, stack(0x0000009025500000,0x0000009025600000)]
  0x000002643f5f4800 JavaThread "File lock release action executor" [_thread_blocked, id=19616, stack(0x0000009025600000,0x0000009025700000)]
  0x000002643e89c000 JavaThread "C2 CompilerThread1" daemon [_thread_in_native, id=6204, stack(0x0000009025700000,0x0000009025800000)]
  0x000002643f5f5800 JavaThread "Cache worker for file hash cache (D:\Ayaz Khalid\Live-Projects\BMServicesPlayStoreLive\android\.gradle\7.5.1\fileHashes)" [_thread_blocked, id=23184, stack(0x0000009025800000,0x0000009025900000)]
  0x000002643f5f6000 JavaThread "Cache worker for cache directory md-supplier (C:\Users\Ayaz khalid\.gradle\caches\7.5.1\md-supplier)" [_thread_blocked, id=17268, stack(0x0000009025900000,0x0000009025a00000)]
  0x000002643f36b000 JavaThread "C2 CompilerThread2" daemon [_thread_in_native, id=13228, stack(0x0000009025a00000,0x0000009025b00000)]

Other Threads:
  0x000002643b3d5000 VMThread "VM Thread" [stack: 0x0000009023000000,0x0000009023100000] [id=24440]
  0x000002643be24800 WatcherThread [stack: 0x0000009023a00000,0x0000009023b00000] [id=20092]
  0x000002641d379800 GCTaskThread "GC Thread#0" [stack: 0x0000009022b00000,0x0000009022c00000] [id=26076]
  0x000002643cbd9800 GCTaskThread "GC Thread#1" [stack: 0x0000009023c00000,0x0000009023d00000] [id=5088]
  0x000002643d2db000 GCTaskThread "GC Thread#2" [stack: 0x0000009023d00000,0x0000009023e00000] [id=148]
  0x000002643cb86800 GCTaskThread "GC Thread#3" [stack: 0x0000009023e00000,0x0000009023f00000] [id=16452]
  0x000002643cb87000 GCTaskThread "GC Thread#4" [stack: 0x0000009023f00000,0x0000009024000000] [id=22820]
  0x000002643cd1e000 GCTaskThread "GC Thread#5" [stack: 0x0000009024000000,0x0000009024100000] [id=23212]
  0x000002643e10b000 GCTaskThread "GC Thread#6" [stack: 0x0000009024d00000,0x0000009024e00000] [id=22576]
  0x000002643cbc5800 GCTaskThread "GC Thread#7" [stack: 0x0000009024e00000,0x0000009024f00000] [id=23560]
  0x000002641d3ac000 ConcurrentGCThread "G1 Main Marker" [stack: 0x0000009022c00000,0x0000009022d00000] [id=25920]
  0x000002641d3ad800 ConcurrentGCThread "G1 Conc#0" [stack: 0x0000009022d00000,0x0000009022e00000] [id=26572]
  0x000002643c556800 ConcurrentGCThread "G1 Conc#1" [stack: 0x0000009024f00000,0x0000009025000000] [id=23452]
  0x000002641d43e000 ConcurrentGCThread "G1 Refine#0" [stack: 0x0000009022e00000,0x0000009022f00000] [id=24652]
  0x000002643ded8000 ConcurrentGCThread "G1 Refine#1" [stack: 0x0000009025000000,0x0000009025100000] [id=26420]
  0x000002643b26a800 ConcurrentGCThread "G1 Young RemSet Sampling" [stack: 0x0000009022f00000,0x0000009023000000] [id=26556]

Threads with active compile tasks:
C2 CompilerThread0    15438 2381   !   4       java.net.URLClassLoader$1::run (81 bytes)
C1 CompilerThread0    15438 2609       3       jdk.internal.org.objectweb.asm.ClassVisitor::<init> (35 bytes)
C2 CompilerThread1    15438 2389   !   4       java.net.URL::<init> (543 bytes)
C2 CompilerThread2    15438 2380       4       java.net.URLClassLoader$1::run (5 bytes)

VM state:not at safepoint (normal execution)

VM Mutex/Monitor currently owned by a thread: None

Heap address: 0x0000000080000000, size: 2048 MB, Compressed Oops mode: 32-bit
Narrow klass base: 0x0000000000000000, Narrow klass shift: 3
Compressed class space size: 528482304 Address: 0x0000000100000000

Heap:
 garbage-first heap   total 260096K, used 22205K [0x0000000080000000, 0x0000000100000000)
  region size 1024K, 7 young (7168K), 4 survivors (4096K)
 Metaspace       used 29308K, capacity 29902K, committed 30080K, reserved 542720K
  class space    used 3931K, capacity 4184K, committed 4224K, reserved 516096K
Heap Regions: E=young(eden), S=young(survivor), O=old, HS=humongous(starts), HC=humongous(continues), CS=collection set, F=free, A=archive, TAMS=top-at-mark-start (previous, next)
|   0|0x0000000080000000, 0x0000000080100000, 0x0000000080100000|100%| O|  |TAMS 0x0000000080000000, 0x0000000080000000| Untracked 
|   1|0x0000000080100000, 0x0000000080200000, 0x0000000080200000|100%| O|  |TAMS 0x0000000080100000, 0x0000000080100000| Untracked 
|   2|0x0000000080200000, 0x0000000080300000, 0x0000000080300000|100%| O|  |TAMS 0x0000000080200000, 0x0000000080200000| Untracked 
|   3|0x0000000080300000, 0x0000000080400000, 0x0000000080400000|100%|HS|  |TAMS 0x0000000080400000, 0x0000000080300000| Complete 
|   4|0x0000000080400000, 0x0000000080500000, 0x0000000080500000|100%|HC|  |TAMS 0x0000000080500000, 0x0000000080400000| Complete 
|   5|0x0000000080500000, 0x0000000080600000, 0x0000000080600000|100%|HC|  |TAMS 0x0000000080600000, 0x0000000080500000| Complete 
|   6|0x0000000080600000, 0x0000000080700000, 0x0000000080700000|100%| O|  |TAMS 0x0000000080700000, 0x0000000080600000| Untracked 
|   7|0x0000000080700000, 0x0000000080800000, 0x0000000080800000|100%| O|  |TAMS 0x0000000080800000, 0x0000000080700000| Untracked 
|   8|0x0000000080800000, 0x0000000080900000, 0x0000000080900000|100%| O|  |TAMS 0x0000000080900000, 0x0000000080800000| Untracked 
|   9|0x0000000080900000, 0x0000000080a00000, 0x0000000080a00000|100%| O|  |TAMS 0x000000008092bc00, 0x0000000080900000| Untracked 
|  10|0x0000000080a00000, 0x0000000080b00000, 0x0000000080b00000|100%| O|  |TAMS 0x0000000080a00000, 0x0000000080a00000| Untracked 
|  11|0x0000000080b00000, 0x0000000080c00000, 0x0000000080c00000|100%| O|  |TAMS 0x0000000080b00000, 0x0000000080b00000| Untracked 
|  12|0x0000000080c00000, 0x0000000080d00000, 0x0000000080d00000|100%| O|  |TAMS 0x0000000080c00000, 0x0000000080c00000| Untracked 
|  13|0x0000000080d00000, 0x0000000080e00000, 0x0000000080e00000|100%| O|  |TAMS 0x0000000080d00000, 0x0000000080d00000| Untracked 
|  14|0x0000000080e00000, 0x0000000080f00000, 0x0000000080f00000|100%| O|  |TAMS 0x0000000080e00000, 0x0000000080e00000| Untracked 
|  15|0x0000000080f00000, 0x0000000081000000, 0x0000000081000000|100%| O|  |TAMS 0x0000000080f00000, 0x0000000080f00000| Untracked 
|  16|0x0000000081000000, 0x00000000810a6a00, 0x0000000081100000| 65%| O|  |TAMS 0x0000000081000000, 0x0000000081000000| Untracked 
|  17|0x0000000081100000, 0x0000000081100000, 0x0000000081200000|  0%| F|  |TAMS 0x0000000081100000, 0x0000000081100000| Untracked 
|  18|0x0000000081200000, 0x0000000081200000, 0x0000000081300000|  0%| F|  |TAMS 0x0000000081200000, 0x0000000081200000| Untracked 
|  19|0x0000000081300000, 0x0000000081300000, 0x0000000081400000|  0%| F|  |TAMS 0x0000000081300000, 0x0000000081300000| Untracked 
|  20|0x0000000081400000, 0x0000000081400000, 0x0000000081500000|  0%| F|  |TAMS 0x0000000081400000, 0x0000000081400000| Untracked 
|  21|0x0000000081500000, 0x0000000081500000, 0x0000000081600000|  0%| F|  |TAMS 0x0000000081500000, 0x0000000081500000| Untracked 
|  22|0x0000000081600000, 0x0000000081600000, 0x0000000081700000|  0%| F|  |TAMS 0x0000000081600000, 0x0000000081600000| Untracked 
|  23|0x0000000081700000, 0x0000000081700000, 0x0000000081800000|  0%| F|  |TAMS 0x0000000081700000, 0x0000000081700000| Untracked 
|  24|0x0000000081800000, 0x0000000081800000, 0x0000000081900000|  0%| F|  |TAMS 0x0000000081800000, 0x0000000081800000| Untracked 
|  25|0x0000000081900000, 0x0000000081900000, 0x0000000081a00000|  0%| F|  |TAMS 0x0000000081900000, 0x0000000081900000| Untracked 
|  26|0x0000000081a00000, 0x0000000081a00000, 0x0000000081b00000|  0%| F|  |TAMS 0x0000000081a00000, 0x0000000081a00000| Untracked 
|  27|0x0000000081b00000, 0x0000000081b00000, 0x0000000081c00000|  0%| F|  |TAMS 0x0000000081b00000, 0x0000000081b00000| Untracked 
|  28|0x0000000081c00000, 0x0000000081c00000, 0x0000000081d00000|  0%| F|  |TAMS 0x0000000081c00000, 0x0000000081c00000| Untracked 
|  29|0x0000000081d00000, 0x0000000081d00000, 0x0000000081e00000|  0%| F|  |TAMS 0x0000000081d00000, 0x0000000081d00000| Untracked 
|  30|0x0000000081e00000, 0x0000000081e00000, 0x0000000081f00000|  0%| F|  |TAMS 0x0000000081e00000, 0x0000000081e00000| Untracked 
|  31|0x0000000081f00000, 0x0000000081f00000, 0x0000000082000000|  0%| F|  |TAMS 0x0000000081f00000, 0x0000000081f00000| Untracked 
|  32|0x0000000082000000, 0x0000000082000000, 0x0000000082100000|  0%| F|  |TAMS 0x0000000082000000, 0x0000000082000000| Untracked 
|  33|0x0000000082100000, 0x0000000082100000, 0x0000000082200000|  0%| F|  |TAMS 0x0000000082100000, 0x0000000082100000| Untracked 
|  34|0x0000000082200000, 0x0000000082200000, 0x0000000082300000|  0%| F|  |TAMS 0x0000000082200000, 0x0000000082200000| Untracked 
|  35|0x0000000082300000, 0x0000000082300000, 0x0000000082400000|  0%| F|  |TAMS 0x0000000082300000, 0x0000000082300000| Untracked 
|  36|0x0000000082400000, 0x0000000082400000, 0x0000000082500000|  0%| F|  |TAMS 0x0000000082400000, 0x0000000082400000| Untracked 
|  37|0x0000000082500000, 0x0000000082500000, 0x0000000082600000|  0%| F|  |TAMS 0x0000000082500000, 0x0000000082500000| Untracked 
|  38|0x0000000082600000, 0x0000000082600000, 0x0000000082700000|  0%| F|  |TAMS 0x0000000082600000, 0x0000000082600000| Untracked 
|  39|0x0000000082700000, 0x0000000082700000, 0x0000000082800000|  0%| F|  |TAMS 0x0000000082700000, 0x0000000082700000| Untracked 
|  40|0x0000000082800000, 0x0000000082800000, 0x0000000082900000|  0%| F|  |TAMS 0x0000000082800000, 0x0000000082800000| Untracked 
|  41|0x0000000082900000, 0x0000000082900000, 0x0000000082a00000|  0%| F|  |TAMS 0x0000000082900000, 0x0000000082900000| Untracked 
|  42|0x0000000082a00000, 0x0000000082a00000, 0x0000000082b00000|  0%| F|  |TAMS 0x0000000082a00000, 0x0000000082a00000| Untracked 
|  43|0x0000000082b00000, 0x0000000082b00000, 0x0000000082c00000|  0%| F|  |TAMS 0x0000000082b00000, 0x0000000082b00000| Untracked 
|  44|0x0000000082c00000, 0x0000000082c00000, 0x0000000082d00000|  0%| F|  |TAMS 0x0000000082c00000, 0x0000000082c00000| Untracked 
|  45|0x0000000082d00000, 0x0000000082d00000, 0x0000000082e00000|  0%| F|  |TAMS 0x0000000082d00000, 0x0000000082d00000| Untracked 
|  46|0x0000000082e00000, 0x0000000082e00000, 0x0000000082f00000|  0%| F|  |TAMS 0x0000000082e00000, 0x0000000082e00000| Untracked 
|  47|0x0000000082f00000, 0x0000000082f00000, 0x0000000083000000|  0%| F|  |TAMS 0x0000000082f00000, 0x0000000082f00000| Untracked 
|  48|0x0000000083000000, 0x0000000083000000, 0x0000000083100000|  0%| F|  |TAMS 0x0000000083000000, 0x0000000083000000| Untracked 
|  49|0x0000000083100000, 0x0000000083100000, 0x0000000083200000|  0%| F|  |TAMS 0x0000000083100000, 0x0000000083100000| Untracked 
|  50|0x0000000083200000, 0x0000000083200000, 0x0000000083300000|  0%| F|  |TAMS 0x0000000083200000, 0x0000000083200000| Untracked 
|  51|0x0000000083300000, 0x0000000083300000, 0x0000000083400000|  0%| F|  |TAMS 0x0000000083300000, 0x0000000083300000| Untracked 
|  52|0x0000000083400000, 0x0000000083400000, 0x0000000083500000|  0%| F|  |TAMS 0x0000000083400000, 0x0000000083400000| Untracked 
|  53|0x0000000083500000, 0x0000000083500000, 0x0000000083600000|  0%| F|  |TAMS 0x0000000083500000, 0x0000000083500000| Untracked 
|  54|0x0000000083600000, 0x0000000083600000, 0x0000000083700000|  0%| F|  |TAMS 0x0000000083600000, 0x0000000083600000| Untracked 
|  55|0x0000000083700000, 0x0000000083700000, 0x0000000083800000|  0%| F|  |TAMS 0x0000000083700000, 0x0000000083700000| Untracked 
|  56|0x0000000083800000, 0x0000000083800000, 0x0000000083900000|  0%| F|  |TAMS 0x0000000083800000, 0x0000000083800000| Untracked 
|  57|0x0000000083900000, 0x0000000083900000, 0x0000000083a00000|  0%| F|  |TAMS 0x0000000083900000, 0x0000000083900000| Untracked 
|  58|0x0000000083a00000, 0x0000000083a00000, 0x0000000083b00000|  0%| F|  |TAMS 0x0000000083a00000, 0x0000000083a00000| Untracked 
|  59|0x0000000083b00000, 0x0000000083b00000, 0x0000000083c00000|  0%| F|  |TAMS 0x0000000083b00000, 0x0000000083b00000| Untracked 
|  60|0x0000000083c00000, 0x0000000083c00000, 0x0000000083d00000|  0%| F|  |TAMS 0x0000000083c00000, 0x0000000083c00000| Untracked 
|  61|0x0000000083d00000, 0x0000000083d00000, 0x0000000083e00000|  0%| F|  |TAMS 0x0000000083d00000, 0x0000000083d00000| Untracked 
|  62|0x0000000083e00000, 0x0000000083e00000, 0x0000000083f00000|  0%| F|  |TAMS 0x0000000083e00000, 0x0000000083e00000| Untracked 
|  63|0x0000000083f00000, 0x0000000083f00000, 0x0000000084000000|  0%| F|  |TAMS 0x0000000083f00000, 0x0000000083f00000| Untracked 
|  64|0x0000000084000000, 0x0000000084000000, 0x0000000084100000|  0%| F|  |TAMS 0x0000000084000000, 0x0000000084000000| Untracked 
|  65|0x0000000084100000, 0x0000000084100000, 0x0000000084200000|  0%| F|  |TAMS 0x0000000084100000, 0x0000000084100000| Untracked 
|  66|0x0000000084200000, 0x0000000084200000, 0x0000000084300000|  0%| F|  |TAMS 0x0000000084200000, 0x0000000084200000| Untracked 
|  67|0x0000000084300000, 0x0000000084300000, 0x0000000084400000|  0%| F|  |TAMS 0x0000000084300000, 0x0000000084300000| Untracked 
|  68|0x0000000084400000, 0x0000000084400000, 0x0000000084500000|  0%| F|  |TAMS 0x0000000084400000, 0x0000000084400000| Untracked 
|  69|0x0000000084500000, 0x0000000084500000, 0x0000000084600000|  0%| F|  |TAMS 0x0000000084500000, 0x0000000084500000| Untracked 
|  70|0x0000000084600000, 0x0000000084600000, 0x0000000084700000|  0%| F|  |TAMS 0x0000000084600000, 0x0000000084600000| Untracked 
|  71|0x0000000084700000, 0x0000000084700000, 0x0000000084800000|  0%| F|  |TAMS 0x0000000084700000, 0x0000000084700000| Untracked 
|  72|0x0000000084800000, 0x0000000084800000, 0x0000000084900000|  0%| F|  |TAMS 0x0000000084800000, 0x0000000084800000| Untracked 
|  73|0x0000000084900000, 0x0000000084900000, 0x0000000084a00000|  0%| F|  |TAMS 0x0000000084900000, 0x0000000084900000| Untracked 
|  74|0x0000000084a00000, 0x0000000084a00000, 0x0000000084b00000|  0%| F|  |TAMS 0x0000000084a00000, 0x0000000084a00000| Untracked 
|  75|0x0000000084b00000, 0x0000000084b00000, 0x0000000084c00000|  0%| F|  |TAMS 0x0000000084b00000, 0x0000000084b00000| Untracked 
|  76|0x0000000084c00000, 0x0000000084c00000, 0x0000000084d00000|  0%| F|  |TAMS 0x0000000084c00000, 0x0000000084c00000| Untracked 
|  77|0x0000000084d00000, 0x0000000084d00000, 0x0000000084e00000|  0%| F|  |TAMS 0x0000000084d00000, 0x0000000084d00000| Untracked 
|  78|0x0000000084e00000, 0x0000000084e00000, 0x0000000084f00000|  0%| F|  |TAMS 0x0000000084e00000, 0x0000000084e00000| Untracked 
|  79|0x0000000084f00000, 0x0000000084f00000, 0x0000000085000000|  0%| F|  |TAMS 0x0000000084f00000, 0x0000000084f00000| Untracked 
|  80|0x0000000085000000, 0x0000000085000000, 0x0000000085100000|  0%| F|  |TAMS 0x0000000085000000, 0x0000000085000000| Untracked 
|  81|0x0000000085100000, 0x0000000085100000, 0x0000000085200000|  0%| F|  |TAMS 0x0000000085100000, 0x0000000085100000| Untracked 
|  82|0x0000000085200000, 0x0000000085200000, 0x0000000085300000|  0%| F|  |TAMS 0x0000000085200000, 0x0000000085200000| Untracked 
|  83|0x0000000085300000, 0x0000000085300000, 0x0000000085400000|  0%| F|  |TAMS 0x0000000085300000, 0x0000000085300000| Untracked 
|  84|0x0000000085400000, 0x0000000085400000, 0x0000000085500000|  0%| F|  |TAMS 0x0000000085400000, 0x0000000085400000| Untracked 
|  85|0x0000000085500000, 0x0000000085500000, 0x0000000085600000|  0%| F|  |TAMS 0x0000000085500000, 0x0000000085500000| Untracked 
|  86|0x0000000085600000, 0x0000000085600000, 0x0000000085700000|  0%| F|  |TAMS 0x0000000085600000, 0x0000000085600000| Untracked 
|  87|0x0000000085700000, 0x0000000085700000, 0x0000000085800000|  0%| F|  |TAMS 0x0000000085700000, 0x0000000085700000| Untracked 
|  88|0x0000000085800000, 0x0000000085800000, 0x0000000085900000|  0%| F|  |TAMS 0x0000000085800000, 0x0000000085800000| Untracked 
|  89|0x0000000085900000, 0x0000000085900000, 0x0000000085a00000|  0%| F|  |TAMS 0x0000000085900000, 0x0000000085900000| Untracked 
|  90|0x0000000085a00000, 0x0000000085a00000, 0x0000000085b00000|  0%| F|  |TAMS 0x0000000085a00000, 0x0000000085a00000| Untracked 
|  91|0x0000000085b00000, 0x0000000085b00000, 0x0000000085c00000|  0%| F|  |TAMS 0x0000000085b00000, 0x0000000085b00000| Untracked 
|  92|0x0000000085c00000, 0x0000000085c00000, 0x0000000085d00000|  0%| F|  |TAMS 0x0000000085c00000, 0x0000000085c00000| Untracked 
|  93|0x0000000085d00000, 0x0000000085d00000, 0x0000000085e00000|  0%| F|  |TAMS 0x0000000085d00000, 0x0000000085d00000| Untracked 
|  94|0x0000000085e00000, 0x0000000085e00000, 0x0000000085f00000|  0%| F|  |TAMS 0x0000000085e00000, 0x0000000085e00000| Untracked 
|  95|0x0000000085f00000, 0x0000000085f00000, 0x0000000086000000|  0%| F|  |TAMS 0x0000000085f00000, 0x0000000085f00000| Untracked 
|  96|0x0000000086000000, 0x0000000086000000, 0x0000000086100000|  0%| F|  |TAMS 0x0000000086000000, 0x0000000086000000| Untracked 
|  97|0x0000000086100000, 0x0000000086100000, 0x0000000086200000|  0%| F|  |TAMS 0x0000000086100000, 0x0000000086100000| Untracked 
|  98|0x0000000086200000, 0x0000000086200000, 0x0000000086300000|  0%| F|  |TAMS 0x0000000086200000, 0x0000000086200000| Untracked 
|  99|0x0000000086300000, 0x0000000086300000, 0x0000000086400000|  0%| F|  |TAMS 0x0000000086300000, 0x0000000086300000| Untracked 
| 100|0x0000000086400000, 0x0000000086400000, 0x0000000086500000|  0%| F|  |TAMS 0x0000000086400000, 0x0000000086400000| Untracked 
| 101|0x0000000086500000, 0x0000000086500000, 0x0000000086600000|  0%| F|  |TAMS 0x0000000086500000, 0x0000000086500000| Untracked 
| 102|0x0000000086600000, 0x0000000086600000, 0x0000000086700000|  0%| F|  |TAMS 0x0000000086600000, 0x0000000086600000| Untracked 
| 103|0x0000000086700000, 0x0000000086700000, 0x0000000086800000|  0%| F|  |TAMS 0x0000000086700000, 0x0000000086700000| Untracked 
| 104|0x0000000086800000, 0x0000000086800000, 0x0000000086900000|  0%| F|  |TAMS 0x0000000086800000, 0x0000000086800000| Untracked 
| 105|0x0000000086900000, 0x0000000086900000, 0x0000000086a00000|  0%| F|  |TAMS 0x0000000086900000, 0x0000000086900000| Untracked 
| 106|0x0000000086a00000, 0x0000000086a00000, 0x0000000086b00000|  0%| F|  |TAMS 0x0000000086a00000, 0x0000000086a00000| Untracked 
| 107|0x0000000086b00000, 0x0000000086b00000, 0x0000000086c00000|  0%| F|  |TAMS 0x0000000086b00000, 0x0000000086b00000| Untracked 
| 108|0x0000000086c00000, 0x0000000086c00000, 0x0000000086d00000|  0%| F|  |TAMS 0x0000000086c00000, 0x0000000086c00000| Untracked 
| 109|0x0000000086d00000, 0x0000000086d00000, 0x0000000086e00000|  0%| F|  |TAMS 0x0000000086d00000, 0x0000000086d00000| Untracked 
| 110|0x0000000086e00000, 0x0000000086e00000, 0x0000000086f00000|  0%| F|  |TAMS 0x0000000086e00000, 0x0000000086e00000| Untracked 
| 111|0x0000000086f00000, 0x0000000086f00000, 0x0000000087000000|  0%| F|  |TAMS 0x0000000086f00000, 0x0000000086f00000| Untracked 
| 112|0x0000000087000000, 0x0000000087000000, 0x0000000087100000|  0%| F|  |TAMS 0x0000000087000000, 0x0000000087000000| Untracked 
| 113|0x0000000087100000, 0x0000000087100000, 0x0000000087200000|  0%| F|  |TAMS 0x0000000087100000, 0x0000000087100000| Untracked 
| 114|0x0000000087200000, 0x0000000087200000, 0x0000000087300000|  0%| F|  |TAMS 0x0000000087200000, 0x0000000087200000| Untracked 
| 115|0x0000000087300000, 0x0000000087300000, 0x0000000087400000|  0%| F|  |TAMS 0x0000000087300000, 0x0000000087300000| Untracked 
| 116|0x0000000087400000, 0x0000000087400000, 0x0000000087500000|  0%| F|  |TAMS 0x0000000087400000, 0x0000000087400000| Untracked 
| 117|0x0000000087500000, 0x0000000087500000, 0x0000000087600000|  0%| F|  |TAMS 0x0000000087500000, 0x0000000087500000| Untracked 
| 118|0x0000000087600000, 0x0000000087600000, 0x0000000087700000|  0%| F|  |TAMS 0x0000000087600000, 0x0000000087600000| Untracked 
| 119|0x0000000087700000, 0x0000000087700000, 0x0000000087800000|  0%| F|  |TAMS 0x0000000087700000, 0x0000000087700000| Untracked 
| 120|0x0000000087800000, 0x0000000087800000, 0x0000000087900000|  0%| F|  |TAMS 0x0000000087800000, 0x0000000087800000| Untracked 
| 121|0x0000000087900000, 0x0000000087900000, 0x0000000087a00000|  0%| F|  |TAMS 0x0000000087900000, 0x0000000087900000| Untracked 
| 122|0x0000000087a00000, 0x0000000087a00000, 0x0000000087b00000|  0%| F|  |TAMS 0x0000000087a00000, 0x0000000087a00000| Untracked 
| 123|0x0000000087b00000, 0x0000000087b00000, 0x0000000087c00000|  0%| F|  |TAMS 0x0000000087b00000, 0x0000000087b00000| Untracked 
| 124|0x0000000087c00000, 0x0000000087c00000, 0x0000000087d00000|  0%| F|  |TAMS 0x0000000087c00000, 0x0000000087c00000| Untracked 
| 125|0x0000000087d00000, 0x0000000087d00000, 0x0000000087e00000|  0%| F|  |TAMS 0x0000000087d00000, 0x0000000087d00000| Untracked 
| 126|0x0000000087e00000, 0x0000000087e00000, 0x0000000087f00000|  0%| F|  |TAMS 0x0000000087e00000, 0x0000000087e00000| Untracked 
| 127|0x0000000087f00000, 0x0000000087f00000, 0x0000000088000000|  0%| F|  |TAMS 0x0000000087f00000, 0x0000000087f00000| Untracked 
| 128|0x0000000088000000, 0x0000000088000000, 0x0000000088100000|  0%| F|  |TAMS 0x0000000088000000, 0x0000000088000000| Untracked 
| 129|0x0000000088100000, 0x0000000088100000, 0x0000000088200000|  0%| F|  |TAMS 0x0000000088100000, 0x0000000088100000| Untracked 
| 130|0x0000000088200000, 0x0000000088200000, 0x0000000088300000|  0%| F|  |TAMS 0x0000000088200000, 0x0000000088200000| Untracked 
| 131|0x0000000088300000, 0x0000000088300000, 0x0000000088400000|  0%| F|  |TAMS 0x0000000088300000, 0x0000000088300000| Untracked 
| 132|0x0000000088400000, 0x0000000088400000, 0x0000000088500000|  0%| F|  |TAMS 0x0000000088400000, 0x0000000088400000| Untracked 
| 133|0x0000000088500000, 0x0000000088500000, 0x0000000088600000|  0%| F|  |TAMS 0x0000000088500000, 0x0000000088500000| Untracked 
| 134|0x0000000088600000, 0x0000000088600000, 0x0000000088700000|  0%| F|  |TAMS 0x0000000088600000, 0x0000000088600000| Untracked 
| 135|0x0000000088700000, 0x0000000088700000, 0x0000000088800000|  0%| F|  |TAMS 0x0000000088700000, 0x0000000088700000| Untracked 
| 136|0x0000000088800000, 0x0000000088800000, 0x0000000088900000|  0%| F|  |TAMS 0x0000000088800000, 0x0000000088800000| Untracked 
| 137|0x0000000088900000, 0x0000000088900000, 0x0000000088a00000|  0%| F|  |TAMS 0x0000000088900000, 0x0000000088900000| Untracked 
| 138|0x0000000088a00000, 0x0000000088a00000, 0x0000000088b00000|  0%| F|  |TAMS 0x0000000088a00000, 0x0000000088a00000| Untracked 
| 139|0x0000000088b00000, 0x0000000088b00000, 0x0000000088c00000|  0%| F|  |TAMS 0x0000000088b00000, 0x0000000088b00000| Untracked 
| 140|0x0000000088c00000, 0x0000000088c00000, 0x0000000088d00000|  0%| F|  |TAMS 0x0000000088c00000, 0x0000000088c00000| Untracked 
| 141|0x0000000088d00000, 0x0000000088d00000, 0x0000000088e00000|  0%| F|  |TAMS 0x0000000088d00000, 0x0000000088d00000| Untracked 
| 142|0x0000000088e00000, 0x0000000088e00000, 0x0000000088f00000|  0%| F|  |TAMS 0x0000000088e00000, 0x0000000088e00000| Untracked 
| 143|0x0000000088f00000, 0x0000000088f00000, 0x0000000089000000|  0%| F|  |TAMS 0x0000000088f00000, 0x0000000088f00000| Untracked 
| 144|0x0000000089000000, 0x0000000089000000, 0x0000000089100000|  0%| F|  |TAMS 0x0000000089000000, 0x0000000089000000| Untracked 
| 145|0x0000000089100000, 0x0000000089100000, 0x0000000089200000|  0%| F|  |TAMS 0x0000000089100000, 0x0000000089100000| Untracked 
| 146|0x0000000089200000, 0x0000000089200000, 0x0000000089300000|  0%| F|  |TAMS 0x0000000089200000, 0x0000000089200000| Untracked 
| 147|0x0000000089300000, 0x0000000089300000, 0x0000000089400000|  0%| F|  |TAMS 0x0000000089300000, 0x0000000089300000| Untracked 
| 148|0x0000000089400000, 0x0000000089400000, 0x0000000089500000|  0%| F|  |TAMS 0x0000000089400000, 0x0000000089400000| Untracked 
| 149|0x0000000089500000, 0x0000000089500000, 0x0000000089600000|  0%| F|  |TAMS 0x0000000089500000, 0x0000000089500000| Untracked 
| 150|0x0000000089600000, 0x0000000089600000, 0x0000000089700000|  0%| F|  |TAMS 0x0000000089600000, 0x0000000089600000| Untracked 
| 151|0x0000000089700000, 0x0000000089700000, 0x0000000089800000|  0%| F|  |TAMS 0x0000000089700000, 0x0000000089700000| Untracked 
| 152|0x0000000089800000, 0x0000000089800000, 0x0000000089900000|  0%| F|  |TAMS 0x0000000089800000, 0x0000000089800000| Untracked 
| 153|0x0000000089900000, 0x0000000089900000, 0x0000000089a00000|  0%| F|  |TAMS 0x0000000089900000, 0x0000000089900000| Untracked 
| 154|0x0000000089a00000, 0x0000000089a00000, 0x0000000089b00000|  0%| F|  |TAMS 0x0000000089a00000, 0x0000000089a00000| Untracked 
| 155|0x0000000089b00000, 0x0000000089b00000, 0x0000000089c00000|  0%| F|  |TAMS 0x0000000089b00000, 0x0000000089b00000| Untracked 
| 156|0x0000000089c00000, 0x0000000089c00000, 0x0000000089d00000|  0%| F|  |TAMS 0x0000000089c00000, 0x0000000089c00000| Untracked 
| 157|0x0000000089d00000, 0x0000000089d00000, 0x0000000089e00000|  0%| F|  |TAMS 0x0000000089d00000, 0x0000000089d00000| Untracked 
| 158|0x0000000089e00000, 0x0000000089e00000, 0x0000000089f00000|  0%| F|  |TAMS 0x0000000089e00000, 0x0000000089e00000| Untracked 
| 159|0x0000000089f00000, 0x0000000089f00000, 0x000000008a000000|  0%| F|  |TAMS 0x0000000089f00000, 0x0000000089f00000| Untracked 
| 160|0x000000008a000000, 0x000000008a000000, 0x000000008a100000|  0%| F|  |TAMS 0x000000008a000000, 0x000000008a000000| Untracked 
| 161|0x000000008a100000, 0x000000008a100000, 0x000000008a200000|  0%| F|  |TAMS 0x000000008a100000, 0x000000008a100000| Untracked 
| 162|0x000000008a200000, 0x000000008a200000, 0x000000008a300000|  0%| F|  |TAMS 0x000000008a200000, 0x000000008a200000| Untracked 
| 163|0x000000008a300000, 0x000000008a300000, 0x000000008a400000|  0%| F|  |TAMS 0x000000008a300000, 0x000000008a300000| Untracked 
| 164|0x000000008a400000, 0x000000008a400000, 0x000000008a500000|  0%| F|  |TAMS 0x000000008a400000, 0x000000008a400000| Untracked 
| 165|0x000000008a500000, 0x000000008a500000, 0x000000008a600000|  0%| F|  |TAMS 0x000000008a500000, 0x000000008a500000| Untracked 
| 166|0x000000008a600000, 0x000000008a600000, 0x000000008a700000|  0%| F|  |TAMS 0x000000008a600000, 0x000000008a600000| Untracked 
| 167|0x000000008a700000, 0x000000008a700000, 0x000000008a800000|  0%| F|  |TAMS 0x000000008a700000, 0x000000008a700000| Untracked 
| 168|0x000000008a800000, 0x000000008a800000, 0x000000008a900000|  0%| F|  |TAMS 0x000000008a800000, 0x000000008a800000| Untracked 
| 169|0x000000008a900000, 0x000000008a900000, 0x000000008aa00000|  0%| F|  |TAMS 0x000000008a900000, 0x000000008a900000| Untracked 
| 170|0x000000008aa00000, 0x000000008aa00000, 0x000000008ab00000|  0%| F|  |TAMS 0x000000008aa00000, 0x000000008aa00000| Untracked 
| 171|0x000000008ab00000, 0x000000008ab00000, 0x000000008ac00000|  0%| F|  |TAMS 0x000000008ab00000, 0x000000008ab00000| Untracked 
| 172|0x000000008ac00000, 0x000000008ac00000, 0x000000008ad00000|  0%| F|  |TAMS 0x000000008ac00000, 0x000000008ac00000| Untracked 
| 173|0x000000008ad00000, 0x000000008ad00000, 0x000000008ae00000|  0%| F|  |TAMS 0x000000008ad00000, 0x000000008ad00000| Untracked 
| 174|0x000000008ae00000, 0x000000008ae00000, 0x000000008af00000|  0%| F|  |TAMS 0x000000008ae00000, 0x000000008ae00000| Untracked 
| 175|0x000000008af00000, 0x000000008af00000, 0x000000008b000000|  0%| F|  |TAMS 0x000000008af00000, 0x000000008af00000| Untracked 
| 176|0x000000008b000000, 0x000000008b000000, 0x000000008b100000|  0%| F|  |TAMS 0x000000008b000000, 0x000000008b000000| Untracked 
| 177|0x000000008b100000, 0x000000008b100000, 0x000000008b200000|  0%| F|  |TAMS 0x000000008b100000, 0x000000008b100000| Untracked 
| 178|0x000000008b200000, 0x000000008b200000, 0x000000008b300000|  0%| F|  |TAMS 0x000000008b200000, 0x000000008b200000| Untracked 
| 179|0x000000008b300000, 0x000000008b300000, 0x000000008b400000|  0%| F|  |TAMS 0x000000008b300000, 0x000000008b300000| Untracked 
| 180|0x000000008b400000, 0x000000008b400000, 0x000000008b500000|  0%| F|  |TAMS 0x000000008b400000, 0x000000008b400000| Untracked 
| 181|0x000000008b500000, 0x000000008b500000, 0x000000008b600000|  0%| F|  |TAMS 0x000000008b500000, 0x000000008b500000| Untracked 
| 182|0x000000008b600000, 0x000000008b608d58, 0x000000008b700000|  3%| S|CS|TAMS 0x000000008b600000, 0x000000008b600000| Complete 
| 183|0x000000008b700000, 0x000000008b800000, 0x000000008b800000|100%| S|CS|TAMS 0x000000008b700000, 0x000000008b700000| Complete 
| 184|0x000000008b800000, 0x000000008b900000, 0x000000008b900000|100%| S|CS|TAMS 0x000000008b800000, 0x000000008b800000| Complete 
| 185|0x000000008b900000, 0x000000008ba00000, 0x000000008ba00000|100%| S|CS|TAMS 0x000000008b900000, 0x000000008b900000| Complete 
| 186|0x000000008ba00000, 0x000000008ba00000, 0x000000008bb00000|  0%| F|  |TAMS 0x000000008ba00000, 0x000000008ba00000| Untracked 
| 187|0x000000008bb00000, 0x000000008bb00000, 0x000000008bc00000|  0%| F|  |TAMS 0x000000008bb00000, 0x000000008bb00000| Untracked 
| 188|0x000000008bc00000, 0x000000008bc00000, 0x000000008bd00000|  0%| F|  |TAMS 0x000000008bc00000, 0x000000008bc00000| Untracked 
| 189|0x000000008bd00000, 0x000000008bd00000, 0x000000008be00000|  0%| F|  |TAMS 0x000000008bd00000, 0x000000008bd00000| Untracked 
| 190|0x000000008be00000, 0x000000008be00000, 0x000000008bf00000|  0%| F|  |TAMS 0x000000008be00000, 0x000000008be00000| Untracked 
| 191|0x000000008bf00000, 0x000000008bf00000, 0x000000008c000000|  0%| F|  |TAMS 0x000000008bf00000, 0x000000008bf00000| Untracked 
| 192|0x000000008c000000, 0x000000008c000000, 0x000000008c100000|  0%| F|  |TAMS 0x000000008c000000, 0x000000008c000000| Untracked 
| 193|0x000000008c100000, 0x000000008c100000, 0x000000008c200000|  0%| F|  |TAMS 0x000000008c100000, 0x000000008c100000| Untracked 
| 194|0x000000008c200000, 0x000000008c200000, 0x000000008c300000|  0%| F|  |TAMS 0x000000008c200000, 0x000000008c200000| Untracked 
| 195|0x000000008c300000, 0x000000008c300000, 0x000000008c400000|  0%| F|  |TAMS 0x000000008c300000, 0x000000008c300000| Untracked 
| 196|0x000000008c400000, 0x000000008c400000, 0x000000008c500000|  0%| F|  |TAMS 0x000000008c400000, 0x000000008c400000| Untracked 
| 197|0x000000008c500000, 0x000000008c500000, 0x000000008c600000|  0%| F|  |TAMS 0x000000008c500000, 0x000000008c500000| Untracked 
| 198|0x000000008c600000, 0x000000008c600000, 0x000000008c700000|  0%| F|  |TAMS 0x000000008c600000, 0x000000008c600000| Untracked 
| 199|0x000000008c700000, 0x000000008c700000, 0x000000008c800000|  0%| F|  |TAMS 0x000000008c700000, 0x000000008c700000| Untracked 
| 200|0x000000008c800000, 0x000000008c800000, 0x000000008c900000|  0%| F|  |TAMS 0x000000008c800000, 0x000000008c800000| Untracked 
| 201|0x000000008c900000, 0x000000008c900000, 0x000000008ca00000|  0%| F|  |TAMS 0x000000008c900000, 0x000000008c900000| Untracked 
| 202|0x000000008ca00000, 0x000000008ca00000, 0x000000008cb00000|  0%| F|  |TAMS 0x000000008ca00000, 0x000000008ca00000| Untracked 
| 203|0x000000008cb00000, 0x000000008cb00000, 0x000000008cc00000|  0%| F|  |TAMS 0x000000008cb00000, 0x000000008cb00000| Untracked 
| 204|0x000000008cc00000, 0x000000008cc00000, 0x000000008cd00000|  0%| F|  |TAMS 0x000000008cc00000, 0x000000008cc00000| Untracked 
| 205|0x000000008cd00000, 0x000000008cd00000, 0x000000008ce00000|  0%| F|  |TAMS 0x000000008cd00000, 0x000000008cd00000| Untracked 
| 206|0x000000008ce00000, 0x000000008ce00000, 0x000000008cf00000|  0%| F|  |TAMS 0x000000008ce00000, 0x000000008ce00000| Untracked 
| 207|0x000000008cf00000, 0x000000008cf00000, 0x000000008d000000|  0%| F|  |TAMS 0x000000008cf00000, 0x000000008cf00000| Untracked 
| 208|0x000000008d000000, 0x000000008d000000, 0x000000008d100000|  0%| F|  |TAMS 0x000000008d000000, 0x000000008d000000| Untracked 
| 209|0x000000008d100000, 0x000000008d100000, 0x000000008d200000|  0%| F|  |TAMS 0x000000008d100000, 0x000000008d100000| Untracked 
| 210|0x000000008d200000, 0x000000008d200000, 0x000000008d300000|  0%| F|  |TAMS 0x000000008d200000, 0x000000008d200000| Untracked 
| 211|0x000000008d300000, 0x000000008d300000, 0x000000008d400000|  0%| F|  |TAMS 0x000000008d300000, 0x000000008d300000| Untracked 
| 212|0x000000008d400000, 0x000000008d400000, 0x000000008d500000|  0%| F|  |TAMS 0x000000008d400000, 0x000000008d400000| Untracked 
| 213|0x000000008d500000, 0x000000008d500000, 0x000000008d600000|  0%| F|  |TAMS 0x000000008d500000, 0x000000008d500000| Untracked 
| 214|0x000000008d600000, 0x000000008d600000, 0x000000008d700000|  0%| F|  |TAMS 0x000000008d600000, 0x000000008d600000| Untracked 
| 215|0x000000008d700000, 0x000000008d700000, 0x000000008d800000|  0%| F|  |TAMS 0x000000008d700000, 0x000000008d700000| Untracked 
| 216|0x000000008d800000, 0x000000008d800000, 0x000000008d900000|  0%| F|  |TAMS 0x000000008d800000, 0x000000008d800000| Untracked 
| 217|0x000000008d900000, 0x000000008d900000, 0x000000008da00000|  0%| F|  |TAMS 0x000000008d900000, 0x000000008d900000| Untracked 
| 218|0x000000008da00000, 0x000000008da00000, 0x000000008db00000|  0%| F|  |TAMS 0x000000008da00000, 0x000000008da00000| Untracked 
| 219|0x000000008db00000, 0x000000008db00000, 0x000000008dc00000|  0%| F|  |TAMS 0x000000008db00000, 0x000000008db00000| Untracked 
| 220|0x000000008dc00000, 0x000000008dc00000, 0x000000008dd00000|  0%| F|  |TAMS 0x000000008dc00000, 0x000000008dc00000| Untracked 
| 221|0x000000008dd00000, 0x000000008dd00000, 0x000000008de00000|  0%| F|  |TAMS 0x000000008dd00000, 0x000000008dd00000| Untracked 
| 222|0x000000008de00000, 0x000000008de00000, 0x000000008df00000|  0%| F|  |TAMS 0x000000008de00000, 0x000000008de00000| Untracked 
| 223|0x000000008df00000, 0x000000008df00000, 0x000000008e000000|  0%| F|  |TAMS 0x000000008df00000, 0x000000008df00000| Untracked 
| 224|0x000000008e000000, 0x000000008e000000, 0x000000008e100000|  0%| F|  |TAMS 0x000000008e000000, 0x000000008e000000| Untracked 
| 225|0x000000008e100000, 0x000000008e100000, 0x000000008e200000|  0%| F|  |TAMS 0x000000008e100000, 0x000000008e100000| Untracked 
| 226|0x000000008e200000, 0x000000008e200000, 0x000000008e300000|  0%| F|  |TAMS 0x000000008e200000, 0x000000008e200000| Untracked 
| 227|0x000000008e300000, 0x000000008e300000, 0x000000008e400000|  0%| F|  |TAMS 0x000000008e300000, 0x000000008e300000| Untracked 
| 228|0x000000008e400000, 0x000000008e400000, 0x000000008e500000|  0%| F|  |TAMS 0x000000008e400000, 0x000000008e400000| Untracked 
| 229|0x000000008e500000, 0x000000008e500000, 0x000000008e600000|  0%| F|  |TAMS 0x000000008e500000, 0x000000008e500000| Untracked 
| 230|0x000000008e600000, 0x000000008e600000, 0x000000008e700000|  0%| F|  |TAMS 0x000000008e600000, 0x000000008e600000| Untracked 
| 231|0x000000008e700000, 0x000000008e700000, 0x000000008e800000|  0%| F|  |TAMS 0x000000008e700000, 0x000000008e700000| Untracked 
| 232|0x000000008e800000, 0x000000008e800000, 0x000000008e900000|  0%| F|  |TAMS 0x000000008e800000, 0x000000008e800000| Untracked 
| 233|0x000000008e900000, 0x000000008e900000, 0x000000008ea00000|  0%| F|  |TAMS 0x000000008e900000, 0x000000008e900000| Untracked 
| 234|0x000000008ea00000, 0x000000008ea00000, 0x000000008eb00000|  0%| F|  |TAMS 0x000000008ea00000, 0x000000008ea00000| Untracked 
| 235|0x000000008eb00000, 0x000000008eb00000, 0x000000008ec00000|  0%| F|  |TAMS 0x000000008eb00000, 0x000000008eb00000| Untracked 
| 236|0x000000008ec00000, 0x000000008ec00000, 0x000000008ed00000|  0%| F|  |TAMS 0x000000008ec00000, 0x000000008ec00000| Untracked 
| 237|0x000000008ed00000, 0x000000008ed00000, 0x000000008ee00000|  0%| F|  |TAMS 0x000000008ed00000, 0x000000008ed00000| Untracked 
| 238|0x000000008ee00000, 0x000000008ee00000, 0x000000008ef00000|  0%| F|  |TAMS 0x000000008ee00000, 0x000000008ee00000| Untracked 
| 239|0x000000008ef00000, 0x000000008ef00000, 0x000000008f000000|  0%| F|  |TAMS 0x000000008ef00000, 0x000000008ef00000| Untracked 
| 240|0x000000008f000000, 0x000000008f000000, 0x000000008f100000|  0%| F|  |TAMS 0x000000008f000000, 0x000000008f000000| Untracked 
| 241|0x000000008f100000, 0x000000008f100000, 0x000000008f200000|  0%| F|  |TAMS 0x000000008f100000, 0x000000008f100000| Untracked 
| 242|0x000000008f200000, 0x000000008f200000, 0x000000008f300000|  0%| F|  |TAMS 0x000000008f200000, 0x000000008f200000| Untracked 
| 243|0x000000008f300000, 0x000000008f300000, 0x000000008f400000|  0%| F|  |TAMS 0x000000008f300000, 0x000000008f300000| Untracked 
| 244|0x000000008f400000, 0x000000008f400000, 0x000000008f500000|  0%| F|  |TAMS 0x000000008f400000, 0x000000008f400000| Untracked 
| 245|0x000000008f500000, 0x000000008f500000, 0x000000008f600000|  0%| F|  |TAMS 0x000000008f500000, 0x000000008f500000| Untracked 
| 246|0x000000008f600000, 0x000000008f600000, 0x000000008f700000|  0%| F|  |TAMS 0x000000008f600000, 0x000000008f600000| Untracked 
| 247|0x000000008f700000, 0x000000008f700000, 0x000000008f800000|  0%| F|  |TAMS 0x000000008f700000, 0x000000008f700000| Untracked 
| 248|0x000000008f800000, 0x000000008f800000, 0x000000008f900000|  0%| F|  |TAMS 0x000000008f800000, 0x000000008f800000| Untracked 
| 249|0x000000008f900000, 0x000000008f900000, 0x000000008fa00000|  0%| F|  |TAMS 0x000000008f900000, 0x000000008f900000| Untracked 
| 250|0x000000008fa00000, 0x000000008fa00000, 0x000000008fb00000|  0%| F|  |TAMS 0x000000008fa00000, 0x000000008fa00000| Untracked 
| 251|0x000000008fb00000, 0x000000008fb80800, 0x000000008fc00000| 50%| E|  |TAMS 0x000000008fb00000, 0x000000008fb00000| Complete 
| 252|0x000000008fc00000, 0x000000008fd00000, 0x000000008fd00000|100%| E|CS|TAMS 0x000000008fc00000, 0x000000008fc00000| Complete 
| 253|0x000000008fd00000, 0x000000008fe00000, 0x000000008fe00000|100%| E|CS|TAMS 0x000000008fd00000, 0x000000008fd00000| Complete 

Card table byte_map: [0x0000026434170000,0x0000026434570000] _byte_map_base: 0x0000026433d70000

Marking Bits (Prev, Next): (CMBitMap*) 0x000002641d3a33e0, (CMBitMap*) 0x000002641d3a33a8
 Prev Bits: [0x0000026436970000, 0x0000026438970000)
 Next Bits: [0x0000026434970000, 0x0000026436970000)

Polling page: 0x000002641cb40000

Metaspace:

Usage:
  Non-class:     25.18 MB capacity,    24.84 MB ( 99%) used,   284.99 KB (  1%) free+waste,    63.19 KB ( <1%) overhead. 
      Class:      4.12 MB capacity,     3.85 MB ( 93%) used,   242.55 KB (  6%) free+waste,    32.88 KB ( <1%) overhead. 
       Both:     29.29 MB capacity,    28.69 MB ( 98%) used,   527.55 KB (  2%) free+waste,    96.06 KB ( <1%) overhead. 

Virtual space:
  Non-class space:       26.00 MB reserved,      25.25 MB ( 97%) committed 
      Class space:      504.00 MB reserved,       4.12 MB ( <1%) committed 
             Both:      530.00 MB reserved,      29.38 MB (  6%) committed 

Chunk freelists:
   Non-Class:  1.25 KB
       Class:  1.00 KB
        Both:  2.25 KB

CodeHeap 'non-profiled nmethods': size=120000Kb used=1234Kb max_used=1234Kb free=118765Kb
 bounds [0x000002642c510000, 0x000002642c780000, 0x0000026433a40000]
CodeHeap 'profiled nmethods': size=120000Kb used=5525Kb max_used=5525Kb free=114474Kb
 bounds [0x0000026424fe0000, 0x0000026425550000, 0x000002642c510000]
CodeHeap 'non-nmethods': size=5760Kb used=1179Kb max_used=1209Kb free=4580Kb
 bounds [0x0000026424a40000, 0x0000026424cb0000, 0x0000026424fe0000]
 total_blobs=3110 nmethods=2597 adapters=424
 compilation: enabled
              stopped_count=0, restarted_count=0
 full_count=0

Compilation events (10 events):
Event: 15.416 Thread 0x000002643bc6e800 nmethod 2604 0x0000026425543610 code [0x0000026425543820, 0x0000026425544078]
Event: 15.416 Thread 0x000002643bc6e800 2605   !   3       jdk.internal.ref.PhantomCleanable::isListEmpty (34 bytes)
Event: 15.416 Thread 0x000002643bc6e800 nmethod 2605 0x0000026425544390 code [0x0000026425544540, 0x0000026425544838]
Event: 15.416 Thread 0x000002643bc6e800 2606       3       jdk.internal.misc.InnocuousThread::eraseThreadLocals (23 bytes)
Event: 15.416 Thread 0x000002643bc6e800 nmethod 2606 0x0000026425544990 code [0x0000026425544b20, 0x0000026425544cf8]
Event: 15.418 Thread 0x000002643bc6e800 2607       3       java.util.regex.Pattern$TreeInfo::reset (21 bytes)
Event: 15.418 Thread 0x000002643bc6e800 nmethod 2607 0x0000026425544d90 code [0x0000026425544f20, 0x0000026425545038]
Event: 15.418 Thread 0x000002643bc6e800 2608       3       java.util.regex.Pattern$Node::study (21 bytes)
Event: 15.418 Thread 0x000002643bc6e800 nmethod 2608 0x0000026425545110 code [0x00000264255452c0, 0x00000264255454c8]
Event: 15.421 Thread 0x000002643bc6e800 2609       3       jdk.internal.org.objectweb.asm.ClassVisitor::<init> (35 bytes)

GC Heap History (8 events):
Event: 2.412 GC heap before
{Heap before GC invocations=0 (full 0):
 garbage-first heap   total 260096K, used 29696K [0x0000000080000000, 0x0000000100000000)
  region size 1024K, 24 young (24576K), 0 survivors (0K)
 Metaspace       used 9581K, capacity 9775K, committed 10112K, reserved 526336K
  class space    used 988K, capacity 1069K, committed 1152K, reserved 516096K
}
Event: 3.104 GC heap after
{Heap after GC invocations=1 (full 0):
 garbage-first heap   total 260096K, used 9391K [0x0000000080000000, 0x0000000100000000)
  region size 1024K, 3 young (3072K), 3 survivors (3072K)
 Metaspace       used 9581K, capacity 9775K, committed 10112K, reserved 526336K
  class space    used 988K, capacity 1069K, committed 1152K, reserved 516096K
}
Event: 13.951 GC heap before
{Heap before GC invocations=1 (full 0):
 garbage-first heap   total 260096K, used 107695K [0x0000000080000000, 0x0000000100000000)
  region size 1024K, 99 young (101376K), 3 survivors (3072K)
 Metaspace       used 20582K, capacity 21089K, committed 21248K, reserved 534528K
  class space    used 2519K, capacity 2700K, committed 2816K, reserved 516096K
}
Event: 14.064 GC heap after
{Heap after GC invocations=2 (full 0):
 garbage-first heap   total 260096K, used 17502K [0x0000000080000000, 0x0000000100000000)
  region size 1024K, 11 young (11264K), 11 survivors (11264K)
 Metaspace       used 20582K, capacity 21089K, committed 21248K, reserved 534528K
  class space    used 2519K, capacity 2700K, committed 2816K, reserved 516096K
}
Event: 14.328 GC heap before
{Heap before GC invocations=3 (full 0):
 garbage-first heap   total 260096K, used 40030K [0x0000000080000000, 0x0000000100000000)
  region size 1024K, 33 young (33792K), 11 survivors (11264K)
 Metaspace       used 22334K, capacity 22798K, committed 23040K, reserved 536576K
  class space    used 2835K, capacity 3038K, committed 3072K, reserved 516096K
}
Event: 14.334 GC heap after
{Heap after GC invocations=4 (full 0):
 garbage-first heap   total 260096K, used 18074K [0x0000000080000000, 0x0000000100000000)
  region size 1024K, 1 young (1024K), 1 survivors (1024K)
 Metaspace       used 22334K, capacity 22798K, committed 23040K, reserved 536576K
  class space    used 2835K, capacity 3038K, committed 3072K, reserved 516096K
}
Event: 15.408 GC heap before
{Heap before GC invocations=4 (full 0):
 garbage-first heap   total 260096K, used 86682K [0x0000000080000000, 0x0000000100000000)
  region size 1024K, 68 young (69632K), 1 survivors (1024K)
 Metaspace       used 29134K, capacity 29771K, committed 30080K, reserved 542720K
  class space    used 3890K, capacity 4140K, committed 4224K, reserved 516096K
}
Event: 15.413 GC heap after
{Heap after GC invocations=5 (full 0):
 garbage-first heap   total 260096K, used 20157K [0x0000000080000000, 0x0000000100000000)
  region size 1024K, 4 young (4096K), 4 survivors (4096K)
 Metaspace       used 29134K, capacity 29771K, committed 30080K, reserved 542720K
  class space    used 3890K, capacity 4140K, committed 4224K, reserved 516096K
}

Deoptimization events (10 events):
Event: 13.614 Thread 0x000002643d8da000 Uncommon trap: reason=unstable_if action=reinterpret pc=0x000002642c52b988 method=java.io.WinNTFileSystem.resolve(Ljava/lang/String;Ljava/lang/String;)Ljava/lang/String; @ 19 c2
Event: 13.615 Thread 0x000002643d8da000 Uncommon trap: reason=bimorphic_or_optimized_type_check action=maybe_recompile pc=0x000002642c58b1a4 method=java.util.AbstractList$Itr.hasNext()Z @ 8 c2
Event: 13.615 Thread 0x000002643d8da000 Uncommon trap: reason=bimorphic_or_optimized_type_check action=maybe_recompile pc=0x000002642c58b534 method=java.util.AbstractList$Itr.next()Ljava/lang/Object; @ 14 c2
Event: 13.615 Thread 0x000002643d8da000 Uncommon trap: reason=unstable_if action=reinterpret pc=0x000002642c5842dc method=java.io.File.getName()Ljava/lang/String; @ 16 c2
Event: 13.615 Thread 0x000002643d8da000 Uncommon trap: reason=unstable_if action=reinterpret pc=0x000002642c581e14 method=java.lang.String.substring(I)Ljava/lang/String; @ 34 c2
Event: 14.149 Thread 0x000002643d8da000 Uncommon trap: reason=unstable_if action=reinterpret pc=0x000002642c5fbf78 method=jdk.internal.org.objectweb.asm.Type.getArgumentsAndReturnSizes(Ljava/lang/String;)I @ 88 c2
Event: 14.371 Thread 0x000002643d8da000 Uncommon trap: reason=unstable_if action=reinterpret pc=0x000002642c56255c method=java.util.concurrent.ConcurrentHashMap.get(Ljava/lang/Object;)Ljava/lang/Object; @ 76 c2
Event: 14.559 Thread 0x000002643d8da000 Uncommon trap: reason=unstable_if action=reinterpret pc=0x000002642c606fac method=sun.nio.cs.UTF_8$Decoder.decodeArrayLoop(Ljava/nio/ByteBuffer;Ljava/nio/CharBuffer;)Ljava/nio/charset/CoderResult; @ 110 c2
Event: 14.747 Thread 0x000002643d8da000 Uncommon trap: reason=predicate action=maybe_recompile pc=0x000002642c625970 method=com.google.common.base.CharMatcher.indexIn(Ljava/lang/CharSequence;I)I @ 19 c2
Event: 15.208 Thread 0x000002643d8da000 Uncommon trap: reason=unstable_if action=reinterpret pc=0x000002642c5fb4ac method=java.util.HashMap.hash(Ljava/lang/Object;)I @ 1 c2

Classes redefined (0 events):
No events

Internal exceptions (10 events):
Event: 14.905 Thread 0x000002643d8da000 Exception <a 'java/lang/NoSuchMethodError'{0x000000008de31eb0}: java.lang.invoke.DirectMethodHandle$Holder.invokeSpecial(Ljava/lang/Object;Ljava/lang/Object;)V> (0x000000008de31eb0) thrown at [./open/src/hotspot/share/interpreter/linkResolver.cpp, line 77
Event: 15.076 Thread 0x000002643d8da000 Exception <a 'java/lang/NoSuchMethodError'{0x000000008d0e6ab8}: java.lang.invoke.DirectMethodHandle$Holder.invokeSpecialIFC(Ljava/lang/Object;Ljava/lang/Object;Ljava/lang/Object;Ljava/lang/Object;)Ljava/lang/Object;> (0x000000008d0e6ab8) thrown at [./open
Event: 15.208 Thread 0x000002643d8da000 Implicit null exception at 0x000002642c5fb2d5 to 0x000002642c5fb49c
Event: 15.266 Thread 0x000002643d8da000 Exception <a 'java/lang/NoSuchMethodError'{0x000000008c4f5ae0}: java.lang.invoke.DirectMethodHandle$Holder.invokeSpecial(Ljava/lang/Object;Ljava/lang/Object;Ljava/lang/Object;Ljava/lang/Object;Ljava/lang/Object;Ljava/lang/Object;Ljava/lang/Object;Ljava/la
Event: 15.268 Thread 0x000002643d8da000 Exception <a 'java/lang/NoSuchMethodError'{0x000000008c307078}: java.lang.invoke.DirectMethodHandle$Holder.invokeSpecial(Ljava/lang/Object;Ljava/lang/Object;Ljava/lang/Object;Ljava/lang/Object;Ljava/lang/Object;Ljava/lang/Object;Ljava/lang/Object;Ljava/la
Event: 15.280 Thread 0x000002643d8da000 Exception <a 'java/lang/NoSuchMethodError'{0x000000008c30c448}: java.lang.invoke.Invokers$Holder.linkToTargetMethod(Ljava/lang/Object;Ljava/lang/Object;Ljava/lang/Object;Ljava/lang/Object;Ljava/lang/Object;Ljava/lang/Object;Ljava/lang/Object;Ljava/lang/Ob
Event: 15.290 Thread 0x000002643d8da000 Exception <a 'java/lang/NoSuchMethodError'{0x000000008c3e5b18}: java.lang.invoke.DirectMethodHandle$Holder.invokeSpecial(Ljava/lang/Object;Ljava/lang/Object;Ljava/lang/Object;Ljava/lang/Object;Ljava/lang/Object;Ljava/lang/Object;Ljava/lang/Object;Ljava/la
Event: 15.290 Thread 0x000002643d8da000 Exception <a 'java/lang/NoSuchMethodError'{0x000000008c3f7438}: java.lang.invoke.Invokers$Holder.linkToTargetMethod(Ljava/lang/Object;Ljava/lang/Object;Ljava/lang/Object;Ljava/lang/Object;Ljava/lang/Object;Ljava/lang/Object;Ljava/lang/Object;Ljava/lang/Ob
Event: 15.305 Thread 0x000002643d8da000 Exception <a 'java/lang/NoSuchMethodError'{0x000000008c2ec2b0}: java.lang.invoke.DirectMethodHandle$Holder.invokeStaticInit(Ljava/lang/Object;Ljava/lang/Object;Ljava/lang/Object;Ljava/lang/Object;)Ljava/lang/Object;> (0x000000008c2ec2b0) thrown at [./open
Event: 15.421 Thread 0x000002643d8da000 Exception <a 'java/lang/NoSuchMethodError'{0x000000008fdbb308}: java.lang.invoke.Invokers$Holder.linkToTargetMethod(Ljava/lang/Object;Ljava/lang/Object;Ljava/lang/Object;Ljava/lang/Object;Ljava/lang/Object;Ljava/lang/Object;Ljava/lang/Object;Ljava/lang/Ob

Events (10 events):
Event: 15.420 loading class org/gradle/api/internal/changedetection/state/AbiExtractingClasspathResourceHasher$FallbackStrategy$1
Event: 15.420 loading class org/gradle/api/internal/changedetection/state/AbiExtractingClasspathResourceHasher$FallbackStrategy$1 done
Event: 15.420 loading class org/gradle/api/internal/changedetection/state/AbiExtractingClasspathResourceHasher$FallbackStrategy$2
Event: 15.420 loading class org/gradle/api/internal/changedetection/state/AbiExtractingClasspathResourceHasher$FallbackStrategy$2 done
Event: 15.421 loading class org/gradle/api/internal/changedetection/state/ResourceSnapshotterCacheService
Event: 15.421 loading class org/gradle/api/internal/changedetection/state/ResourceSnapshotterCacheService done
Event: 15.421 loading class org/gradle/internal/fingerprint/LineEndingSensitivity
Event: 15.421 loading class org/gradle/internal/fingerprint/LineEndingSensitivity done
Event: 15.421 loading class org/gradle/api/internal/changedetection/state/ResourceSnapshotterCacheService
Event: 15.421 loading class org/gradle/api/internal/changedetection/state/ResourceSnapshotterCacheService done


Dynamic libraries:
0x00007ff683920000 - 0x00007ff683930000 	C:\Program Files\Java\jdk-11\bin\java.exe
0x00007ffac1e30000 - 0x00007ffac2024000 	C:\WINDOWS\SYSTEM32\ntdll.dll
0x00007ffac06c0000 - 0x00007ffac077d000 	C:\WINDOWS\System32\KERNEL32.DLL
0x00007ffabfb60000 - 0x00007ffabfe27000 	C:\WINDOWS\System32\KERNELBASE.dll
0x00007ffabf890000 - 0x00007ffabf990000 	C:\WINDOWS\System32\ucrtbase.dll
0x00007ffab3af0000 - 0x00007ffab3b0b000 	C:\Program Files\Java\jdk-11\bin\VCRUNTIME140.dll
0x00007ffaad850000 - 0x00007ffaad869000 	C:\Program Files\Java\jdk-11\bin\jli.dll
0x00007ffac1030000 - 0x00007ffac10da000 	C:\WINDOWS\System32\ADVAPI32.dll
0x00007ffac1470000 - 0x00007ffac150e000 	C:\WINDOWS\System32\msvcrt.dll
0x00007ffac0f90000 - 0x00007ffac102b000 	C:\WINDOWS\System32\sechost.dll
0x00007ffac0570000 - 0x00007ffac0693000 	C:\WINDOWS\System32\RPCRT4.dll
0x00007ffac12c0000 - 0x00007ffac1460000 	C:\WINDOWS\System32\USER32.dll
0x00007ffabf990000 - 0x00007ffabf9b2000 	C:\WINDOWS\System32\win32u.dll
0x00007ffac03b0000 - 0x00007ffac03da000 	C:\WINDOWS\System32\GDI32.dll
0x00007ffabf6d0000 - 0x00007ffabf7da000 	C:\WINDOWS\System32\gdi32full.dll
0x00007ffabfa70000 - 0x00007ffabfb0d000 	C:\WINDOWS\System32\msvcp_win.dll
0x00007ffabea80000 - 0x00007ffabed1a000 	C:\WINDOWS\WinSxS\amd64_microsoft.windows.common-controls_6595b64144ccf1df_6.0.19041.1_none_b555e41d4684ddec\COMCTL32.dll
0x00007ffab5ce0000 - 0x00007ffab5cea000 	C:\WINDOWS\SYSTEM32\VERSION.dll
0x00007ffac10e0000 - 0x00007ffac1110000 	C:\WINDOWS\System32\IMM32.DLL
0x00007ffab66c0000 - 0x00007ffab66cc000 	C:\Program Files\Java\jdk-11\bin\vcruntime140_1.dll
0x00007ffaad7c0000 - 0x00007ffaad84e000 	C:\Program Files\Java\jdk-11\bin\msvcp140.dll
0x00007ffa72780000 - 0x00007ffa732ec000 	C:\Program Files\Java\jdk-11\bin\server\jvm.dll
0x00007ffac0bc0000 - 0x00007ffac0bc8000 	C:\WINDOWS\System32\PSAPI.DLL
0x00007ffaa5ec0000 - 0x00007ffaa5ee7000 	C:\WINDOWS\SYSTEM32\WINMM.dll
0x00007ffab4260000 - 0x00007ffab4269000 	C:\WINDOWS\SYSTEM32\WSOCK32.dll
0x00007ffac0f10000 - 0x00007ffac0f7b000 	C:\WINDOWS\System32\WS2_32.dll
0x00007ffabcf20000 - 0x00007ffabcf33000 	C:\WINDOWS\SYSTEM32\kernel.appcore.dll
0x00007ffab40e0000 - 0x00007ffab40f0000 	C:\Program Files\Java\jdk-11\bin\verify.dll
0x00007ffabefd0000 - 0x00007ffabf1b4000 	C:\WINDOWS\SYSTEM32\DBGHELP.DLL
0x00007ffabeee0000 - 0x00007ffabef0c000 	C:\WINDOWS\SYSTEM32\dbgcore.DLL
0x00007ffabf9c0000 - 0x00007ffabfa3f000 	C:\WINDOWS\System32\bcryptPrimitives.dll
0x00007ffaad790000 - 0x00007ffaad7b8000 	C:\Program Files\Java\jdk-11\bin\java.dll
0x00007ffab3560000 - 0x00007ffab356a000 	C:\Program Files\Java\jdk-11\bin\jimage.dll
0x00007ffaad770000 - 0x00007ffaad787000 	C:\Program Files\Java\jdk-11\bin\zip.dll
0x00007ffac1510000 - 0x00007ffac1c41000 	C:\WINDOWS\System32\SHELL32.dll
0x00007ffabd0b0000 - 0x00007ffabd83a000 	C:\WINDOWS\SYSTEM32\windows.storage.dll
0x00007ffac0780000 - 0x00007ffac0ad4000 	C:\WINDOWS\System32\combase.dll
0x00007ffabe8e0000 - 0x00007ffabe90b000 	C:\WINDOWS\SYSTEM32\Wldp.dll
0x00007ffac0bd0000 - 0x00007ffac0c7e000 	C:\WINDOWS\System32\SHCORE.dll
0x00007ffac03e0000 - 0x00007ffac0435000 	C:\WINDOWS\System32\shlwapi.dll
0x00007ffabf4b0000 - 0x00007ffabf4cf000 	C:\WINDOWS\SYSTEM32\profapi.dll
0x00007ffaad750000 - 0x00007ffaad769000 	C:\Program Files\Java\jdk-11\bin\net.dll
0x00007ffab9b30000 - 0x00007ffab9c32000 	C:\WINDOWS\SYSTEM32\WINHTTP.dll
0x00007ffabe680000 - 0x00007ffabe6ea000 	C:\WINDOWS\system32\mswsock.dll
0x00007ffaad730000 - 0x00007ffaad742000 	C:\Program Files\Java\jdk-11\bin\nio.dll
0x00007ffaad700000 - 0x00007ffaad727000 	C:\Users\Ayaz khalid\.gradle\native\e1d6ef7f7dcc3fd88c89a11ec53ec762bb8ba0a96d01ffa2cd45eb1d1d8dd5c5\windows-amd64\native-platform.dll
0x00007ffa7fd60000 - 0x00007ffa7fea4000 	C:\Users\Ayaz khalid\.gradle\native\0d407fdbe67a94daf76414ababcb853783967236a71b16ec16e742cd7a986fd3\windows-amd64\native-platform-file-events.dll
0x00007ffaad6f0000 - 0x00007ffaad6f9000 	C:\Program Files\Java\jdk-11\bin\management.dll
0x00007ffaad6e0000 - 0x00007ffaad6eb000 	C:\Program Files\Java\jdk-11\bin\management_ext.dll
0x00007ffabf1c0000 - 0x00007ffabf1d8000 	C:\WINDOWS\SYSTEM32\CRYPTSP.dll
0x00007ffabdfd0000 - 0x00007ffabe004000 	C:\WINDOWS\system32\rsaenh.dll
0x00007ffabfa40000 - 0x00007ffabfa67000 	C:\WINDOWS\System32\bcrypt.dll
0x00007ffabf430000 - 0x00007ffabf45e000 	C:\WINDOWS\SYSTEM32\USERENV.dll
0x00007ffabe850000 - 0x00007ffabe85c000 	C:\WINDOWS\SYSTEM32\CRYPTBASE.dll
0x00007ffabe310000 - 0x00007ffabe34b000 	C:\WINDOWS\SYSTEM32\IPHLPAPI.DLL
0x00007ffac1460000 - 0x00007ffac1469000 	C:\WINDOWS\System32\NSI.dll
0x00007ffab77c0000 - 0x00007ffab77d7000 	C:\WINDOWS\SYSTEM32\dhcpcsvc6.DLL
0x00007ffab76f0000 - 0x00007ffab770d000 	C:\WINDOWS\SYSTEM32\dhcpcsvc.DLL
0x00007ffabe360000 - 0x00007ffabe42a000 	C:\WINDOWS\SYSTEM32\DNSAPI.dll

dbghelp: loaded successfully - version: 4.0.5 - missing functions: none
symbol engine: initialized successfully - sym options: 0x614 - pdb path: .;C:\Program Files\Java\jdk-11\bin;C:\WINDOWS\SYSTEM32;C:\WINDOWS\WinSxS\amd64_microsoft.windows.common-controls_6595b64144ccf1df_6.0.19041.1_none_b555e41d4684ddec;C:\Program Files\Java\jdk-11\bin\server;C:\Users\Ayaz khalid\.gradle\native\e1d6ef7f7dcc3fd88c89a11ec53ec762bb8ba0a96d01ffa2cd45eb1d1d8dd5c5\windows-amd64;C:\Users\Ayaz khalid\.gradle\native\0d407fdbe67a94daf76414ababcb853783967236a71b16ec16e742cd7a986fd3\windows-amd64

VM Arguments:
jvm_args: -XX:MaxMetaspaceSize=512m --add-opens=java.base/java.util=ALL-UNNAMED --add-opens=java.base/java.lang=ALL-UNNAMED --add-opens=java.base/java.lang.invoke=ALL-UNNAMED --add-opens=java.base/java.util=ALL-UNNAMED --add-opens=java.prefs/java.util.prefs=ALL-UNNAMED --add-opens=java.prefs/java.util.prefs=ALL-UNNAMED --add-opens=java.base/java.nio.charset=ALL-UNNAMED --add-opens=java.base/java.net=ALL-UNNAMED --add-opens=java.base/java.util.concurrent.atomic=ALL-UNNAMED -Xmx2048m -Dfile.encoding=windows-1252 -Duser.country=US -Duser.language=en -Duser.variant 
java_command: org.gradle.launcher.daemon.bootstrap.GradleDaemon 7.5.1
java_class_path (initial): C:\Users\Ayaz khalid\.gradle\wrapper\dists\gradle-7.5.1-all\1ehga6e77gqps5uk2kc5kf1vc\gradle-7.5.1\lib\gradle-launcher-7.5.1.jar
Launcher Type: SUN_STANDARD

[Global flags]
     intx CICompilerCount                          = 4                                         {product} {ergonomic}
   size_t CompressedClassSpaceSize                 = 528482304                                 {product} {ergonomic}
     uint ConcGCThreads                            = 2                                         {product} {ergonomic}
     uint G1ConcRefinementThreads                  = 8                                         {product} {ergonomic}
   size_t G1HeapRegionSize                         = 1048576                                   {product} {ergonomic}
    uintx GCDrainStackTargetSize                   = 64                                        {product} {ergonomic}
   size_t InitialHeapSize                          = 266338304                                 {product} {ergonomic}
   size_t MarkStackSize                            = 4194304                                   {product} {ergonomic}
   size_t MaxHeapSize                              = 2147483648                                {product} {command line}
   size_t MaxMetaspaceSize                         = 536870912                                 {product} {command line}
   size_t MaxNewSize                               = 1287651328                                {product} {ergonomic}
   size_t MinHeapDeltaBytes                        = 1048576                                   {product} {ergonomic}
    uintx NonNMethodCodeHeapSize                   = 5836300                                {pd product} {ergonomic}
    uintx NonProfiledCodeHeapSize                  = 122910970                              {pd product} {ergonomic}
    uintx ProfiledCodeHeapSize                     = 122910970                              {pd product} {ergonomic}
    uintx ReservedCodeCacheSize                    = 251658240                              {pd product} {ergonomic}
     bool SegmentedCodeCache                       = true                                      {product} {ergonomic}
     bool UseCompressedClassPointers               = true                                 {lp64_product} {ergonomic}
     bool UseCompressedOops                        = true                                 {lp64_product} {ergonomic}
     bool UseG1GC                                  = true                                      {product} {ergonomic}
     bool UseLargePagesIndividualAllocation        = false                                  {pd product} {ergonomic}

Logging:
Log output configuration:
 #0: stdout all=warning uptime,level,tags
 #1: stderr all=off uptime,level,tags

Environment Variables:
JAVA_HOME=C:\Program Files\Java\jdk-11
CLASSPATH=D:\Ayaz Khalid\Live-Projects\BMServicesPlayStoreLive\android\\gradle\wrapper\gradle-wrapper.jar
PATH=D:\Ayaz Khalid\Live-Projects\BMServicesPlayStoreLive\node_modules\.bin;D:\Ayaz Khalid\Live-Projects\BMServicesPlayStoreLive\node_modules\.bin;D:\Ayaz Khalid\Live-Projects\node_modules\.bin;D:\Ayaz Khalid\node_modules\.bin;D:\node_modules\.bin;C:\Program Files\nodejs\node_modules\npm\node_modules\@npmcli\run-script\lib\node-gyp-bin;D:\Ayaz Khalid\Live-Projects\BMServicesPlayStoreLive\node_modules\.bin;D:\Ayaz Khalid\Live-Projects\BMServicesPlayStoreLive\node_modules\.bin;D:\Ayaz Khalid\Live-Projects\node_modules\.bin;D:\Ayaz Khalid\node_modules\.bin;D:\node_modules\.bin;C:\Program Files\nodejs\node_modules\npm\node_modules\@npmcli\run-script\lib\node-gyp-bin;C:\Program Files (x86)\Common Files\Oracle\Java\javapath;C:\Program Files\Common Files\Oracle\Java\javapath;C:\WINDOWS\system32;C:\WINDOWS;C:\WINDOWS\System32\Wbem;C:\WINDOWS\System32\WindowsPowerShell\v1.0\;C:\WINDOWS\System32\OpenSSH\;C:\ProgramData\ComposerSetup\bin;C:\Program Files\nodejs\;C:\Program Files (x86)\Java\jre1.8.0_251\bin;C:\Program Files\PuTTY\;C:\Program Files\Git\cmd;C:\Users\Ayaz khalid\AppData\Local\Microsoft\WindowsApps;C:\Users\Ayaz khalid\AppData\Local\Programs\Microsoft VS Code\bin;C:\Users\Ayaz khalid\AppData\Local\Android\Sdk\platform-tools;C:\xampp\php;C:\Users\Ayaz khalid\AppData\Roaming\Composer\vendor\bin;C:\Users\Ayaz khalid\AppData\Local\GitHubDesktop\bin;C:\Users\Ayaz khalid\AppData\Roaming\npm;
USERNAME=Ayaz khalid
OS=Windows_NT
PROCESSOR_IDENTIFIER=Intel64 Family 6 Model 140 Stepping 1, GenuineIntel



---------------  S Y S T E M  ---------------

OS: Windows 10 , 64 bit Build 19041 (10.0.19041.1)

CPU:total 8 (initial active 8) (4 cores per cpu, 2 threads per core) family 6 model 140 stepping 1 microcode 0x66, cmov, cx8, fxsr, mmx, sse, sse2, sse3, ssse3, sse4.1, sse4.2, popcnt, avx, avx2, aes, clmul, erms, 3dnowpref, lzcnt, ht, tsc, tscinvbit, bmi1, bmi2, adx, evex, sha, fma

Memory: 4k page, system-wide physical 16183M (1570M free)
TotalPageFile size 22543M (AvailPageFile size 6M)
current process WorkingSet (physical memory assigned to process): 257M, peak: 260M
current process commit charge ("private bytes"): 430M, peak: 434M

vm_info: Java HotSpot(TM) 64-Bit Server VM (11.0.19+9-LTS-224) for windows-amd64 JRE (11.0.19+9-LTS-224), built on Mar 27 2023 08:48:55 by "mach5one" with MS VC++ 17.1 (VS2022)

END.
