#
# There is insufficient memory for the Java Runtime Environment to continue.
# Native memory allocation (mmap) failed to map 67108864 bytes for Failed to commit area from 0x00000000fc000000 to 0x0000000100000000 of length 67108864.
# Possible reasons:
#   The system is out of physical RAM or swap space
#   The process is running with CompressedOops enabled, and the Java Heap may be blocking the growth of the native heap
# Possible solutions:
#   Reduce memory load on the system
#   Increase physical memory or swap space
#   Check if swap backing store is full
#   Decrease Java heap size (-Xmx/-Xms)
#   Decrease number of Java threads
#   Decrease Java thread stack sizes (-Xss)
#   Set larger code cache with -XX:ReservedCodeCacheSize=
# This output file may be truncated or incomplete.
#
#  Out of Memory Error (./open/src/hotspot/os/windows/os_windows.cpp:3292), pid=12908, tid=23860
#
# JRE version:  (11.0.19+9) (build )
# Java VM: Java HotSpot(TM) 64-Bit Server VM (11.0.19+9-LTS-224, mixed mode, sharing, tiered, compressed oops, g1 gc, windows-amd64)
# No core dump will be written. Minidumps are not enabled by default on client versions of Windows
#

---------------  S U M M A R Y ------------

Command Line: -Xmx64m -Xms64m -Dorg.gradle.appname=gradlew org.gradle.wrapper.GradleWrapperMain tasks

Host: 11th Gen Intel(R) Core(TM) i7-1165G7 @ 2.80GHz, 8 cores, 15G,  Windows 10 , 64 bit Build 19041 (10.0.19041.1)
Time: Fri Jan 19 20:05:38 2024 Pakistan Standard Time elapsed time: 0.031244 seconds (0d 0h 0m 0s)

---------------  T H R E A D  ---------------

Current thread (0x000002946ebc4000):  JavaThread "Unknown thread" [_thread_in_vm, id=23860, stack(0x000000bd9ae00000,0x000000bd9af00000)]

Stack: [0x000000bd9ae00000,0x000000bd9af00000]
Native frames: (J=compiled Java code, j=interpreted, Vv=VM code, C=native code)
V  [jvm.dll+0x65fe1a]
V  [jvm.dll+0x7a2bbf]
V  [jvm.dll+0x7a4289]
V  [jvm.dll+0x7a4923]
V  [jvm.dll+0x258a25]
V  [jvm.dll+0x65d179]
V  [jvm.dll+0x651e55]
V  [jvm.dll+0x31302d]
V  [jvm.dll+0x312e92]
V  [jvm.dll+0x317ac6]
V  [jvm.dll+0x35fbc0]
V  [jvm.dll+0x35f632]
V  [jvm.dll+0x2ee6b8]
V  [jvm.dll+0x2ef7c5]
V  [jvm.dll+0x77bc17]
V  [jvm.dll+0x77d4ff]
V  [jvm.dll+0x36ce69]
V  [jvm.dll+0x76070f]
V  [jvm.dll+0x3defe7]
V  [jvm.dll+0x3e1091]
C  [jli.dll+0x52e7]
C  [ucrtbase.dll+0x21542]
C  [KERNEL32.DLL+0x16fd4]
C  [ntdll.dll+0x4cf31]


---------------  P R O C E S S  ---------------

Threads class SMR info:
_java_thread_list=0x000002946c9c05d0, length=0, elements={
}

Java Threads: ( => current thread )

Other Threads:
  0x000002946ebd1800 GCTaskThread "GC Thread#0" [stack: 0x0000000000000000,0x0000000000000000] [id=26488]
  0x000002946ebda800 ConcurrentGCThread "G1 Main Marker" [stack: 0x000000bd9b000000,0x000000bd9b100000] [id=26484]
  0x000002946ebdc000 ConcurrentGCThread "G1 Conc#0" [stack: 0x000000bd9b100000,0x000000bd9b200000] [id=26492]

[error occurred during error reporting (printing all threads), id 0xc0000005, EXCEPTION_ACCESS_VIOLATION (0xc0000005) at pc=0x00007ffa72a7f177]

VM state:not at safepoint (not fully initialized)

VM Mutex/Monitor currently owned by a thread:  ([mutex/lock_event])
[0x000002946ebc0b20] Heap_lock - owner thread: 0x000002946ebc4000

Heap address: 0x00000000fc000000, size: 64 MB, Compressed Oops mode: Non-zero based: 0x00000000fc000000
Narrow klass base: 0x0000000000000000, Narrow klass shift: 0

GC Heap History (0 events):
No events

Deoptimization events (0 events):
No events

Classes redefined (0 events):
No events

Internal exceptions (0 events):
No events

Events (0 events):
No events


Dynamic libraries:
0x00007ff683920000 - 0x00007ff683930000 	C:\Program Files\Java\jdk-11\bin\java.exe
0x00007ffac1e30000 - 0x00007ffac2024000 	C:\WINDOWS\SYSTEM32\ntdll.dll
0x00007ffac06c0000 - 0x00007ffac077d000 	C:\WINDOWS\System32\KERNEL32.DLL
0x00007ffabfb60000 - 0x00007ffabfe27000 	C:\WINDOWS\System32\KERNELBASE.dll
0x00007ffabf890000 - 0x00007ffabf990000 	C:\WINDOWS\System32\ucrtbase.dll
0x00007ffaad850000 - 0x00007ffaad869000 	C:\Program Files\Java\jdk-11\bin\jli.dll
0x00007ffac1030000 - 0x00007ffac10da000 	C:\WINDOWS\System32\ADVAPI32.dll
0x00007ffac1470000 - 0x00007ffac150e000 	C:\WINDOWS\System32\msvcrt.dll
0x00007ffac0f90000 - 0x00007ffac102b000 	C:\WINDOWS\System32\sechost.dll
0x00007ffac0570000 - 0x00007ffac0693000 	C:\WINDOWS\System32\RPCRT4.dll
0x00007ffac12c0000 - 0x00007ffac1460000 	C:\WINDOWS\System32\USER32.dll
0x00007ffabf990000 - 0x00007ffabf9b2000 	C:\WINDOWS\System32\win32u.dll
0x00007ffac03b0000 - 0x00007ffac03da000 	C:\WINDOWS\System32\GDI32.dll
0x00007ffabf6d0000 - 0x00007ffabf7da000 	C:\WINDOWS\System32\gdi32full.dll
0x00007ffabfa70000 - 0x00007ffabfb0d000 	C:\WINDOWS\System32\msvcp_win.dll
0x00007ffab3af0000 - 0x00007ffab3b0b000 	C:\Program Files\Java\jdk-11\bin\VCRUNTIME140.dll
0x00007ffabea80000 - 0x00007ffabed1a000 	C:\WINDOWS\WinSxS\amd64_microsoft.windows.common-controls_6595b64144ccf1df_6.0.19041.1_none_b555e41d4684ddec\COMCTL32.dll
0x00007ffab5ce0000 - 0x00007ffab5cea000 	C:\WINDOWS\SYSTEM32\VERSION.dll
0x00007ffac10e0000 - 0x00007ffac1110000 	C:\WINDOWS\System32\IMM32.DLL
0x00007ffab66c0000 - 0x00007ffab66cc000 	C:\Program Files\Java\jdk-11\bin\vcruntime140_1.dll
0x00007ffaad7c0000 - 0x00007ffaad84e000 	C:\Program Files\Java\jdk-11\bin\msvcp140.dll
0x00007ffa72780000 - 0x00007ffa732ec000 	C:\Program Files\Java\jdk-11\bin\server\jvm.dll
0x00007ffac0bc0000 - 0x00007ffac0bc8000 	C:\WINDOWS\System32\PSAPI.DLL
0x00007ffab4260000 - 0x00007ffab4269000 	C:\WINDOWS\SYSTEM32\WSOCK32.dll
0x00007ffaa5ec0000 - 0x00007ffaa5ee7000 	C:\WINDOWS\SYSTEM32\WINMM.dll
0x00007ffac0f10000 - 0x00007ffac0f7b000 	C:\WINDOWS\System32\WS2_32.dll
0x00007ffabcf20000 - 0x00007ffabcf33000 	C:\WINDOWS\SYSTEM32\kernel.appcore.dll
0x00007ffab40e0000 - 0x00007ffab40f0000 	C:\Program Files\Java\jdk-11\bin\verify.dll
0x00007ffabefd0000 - 0x00007ffabf1b4000 	C:\WINDOWS\SYSTEM32\DBGHELP.DLL
0x00007ffabeee0000 - 0x00007ffabef0c000 	C:\WINDOWS\SYSTEM32\dbgcore.DLL
0x00007ffabf9c0000 - 0x00007ffabfa3f000 	C:\WINDOWS\System32\bcryptPrimitives.dll
0x00007ffaad790000 - 0x00007ffaad7b8000 	C:\Program Files\Java\jdk-11\bin\java.dll
0x00007ffab3560000 - 0x00007ffab356a000 	C:\Program Files\Java\jdk-11\bin\jimage.dll
0x00007ffaad770000 - 0x00007ffaad787000 	C:\Program Files\Java\jdk-11\bin\zip.dll

dbghelp: loaded successfully - version: 4.0.5 - missing functions: none
symbol engine: initialized successfully - sym options: 0x614 - pdb path: .;C:\Program Files\Java\jdk-11\bin;C:\WINDOWS\SYSTEM32;C:\WINDOWS\WinSxS\amd64_microsoft.windows.common-controls_6595b64144ccf1df_6.0.19041.1_none_b555e41d4684ddec;C:\Program Files\Java\jdk-11\bin\server

VM Arguments:
jvm_args: -Xmx64m -Xms64m -Dorg.gradle.appname=gradlew 
java_command: org.gradle.wrapper.GradleWrapperMain tasks
java_class_path (initial): D:\Ayaz Khalid\Live-Projects\BMServicesPlayStoreLive\android\\gradle\wrapper\gradle-wrapper.jar
Launcher Type: SUN_STANDARD

[Global flags]
     intx CICompilerCount                          = 4                                         {product} {ergonomic}
     uint ConcGCThreads                            = 2                                         {product} {ergonomic}
     uint G1ConcRefinementThreads                  = 8                                         {product} {ergonomic}
   size_t G1HeapRegionSize                         = 1048576                                   {product} {ergonomic}
    uintx GCDrainStackTargetSize                   = 64                                        {product} {ergonomic}
   size_t InitialHeapSize                          = 67108864                                  {product} {command line}
   size_t MarkStackSize                            = 4194304                                   {product} {ergonomic}
   size_t MaxHeapSize                              = 67108864                                  {product} {command line}
   size_t MinHeapDeltaBytes                        = 1048576                                   {product} {ergonomic}
    uintx NonNMethodCodeHeapSize                   = 5836300                                {pd product} {ergonomic}
    uintx NonProfiledCodeHeapSize                  = 122910970                              {pd product} {ergonomic}
    uintx ProfiledCodeHeapSize                     = 122910970                              {pd product} {ergonomic}
    uintx ReservedCodeCacheSize                    = 251658240                              {pd product} {ergonomic}
     bool SegmentedCodeCache                       = true                                      {product} {ergonomic}
     bool UseCompressedClassPointers               = true                                 {lp64_product} {ergonomic}
     bool UseCompressedOops                        = true                                 {lp64_product} {ergonomic}
     bool UseG1GC                                  = true                                      {product} {ergonomic}
     bool UseLargePagesIndividualAllocation        = false                                  {pd product} {ergonomic}

Logging:
Log output configuration:
 #0: stdout all=warning uptime,level,tags
 #1: stderr all=off uptime,level,tags

Environment Variables:
JAVA_HOME=C:\Program Files\Java\jdk-11
CLASSPATH=D:\Ayaz Khalid\Live-Projects\BMServicesPlayStoreLive\android\\gradle\wrapper\gradle-wrapper.jar
PATH=D:\Ayaz Khalid\Live-Projects\BMServicesPlayStoreLive\node_modules\.bin;D:\Ayaz Khalid\Live-Projects\BMServicesPlayStoreLive\node_modules\.bin;D:\Ayaz Khalid\Live-Projects\node_modules\.bin;D:\Ayaz Khalid\node_modules\.bin;D:\node_modules\.bin;C:\Program Files\nodejs\node_modules\npm\node_modules\@npmcli\run-script\lib\node-gyp-bin;D:\Ayaz Khalid\Live-Projects\BMServicesPlayStoreLive\node_modules\.bin;D:\Ayaz Khalid\Live-Projects\BMServicesPlayStoreLive\node_modules\.bin;D:\Ayaz Khalid\Live-Projects\node_modules\.bin;D:\Ayaz Khalid\node_modules\.bin;D:\node_modules\.bin;C:\Program Files\nodejs\node_modules\npm\node_modules\@npmcli\run-script\lib\node-gyp-bin;C:\Program Files (x86)\Common Files\Oracle\Java\javapath;C:\Program Files\Common Files\Oracle\Java\javapath;C:\WINDOWS\system32;C:\WINDOWS;C:\WINDOWS\System32\Wbem;C:\WINDOWS\System32\WindowsPowerShell\v1.0\;C:\WINDOWS\System32\OpenSSH\;C:\ProgramData\ComposerSetup\bin;C:\Program Files\nodejs\;C:\Program Files (x86)\Java\jre1.8.0_251\bin;C:\Program Files\PuTTY\;C:\Program Files\Git\cmd;C:\Users\Ayaz khalid\AppData\Local\Microsoft\WindowsApps;C:\Users\Ayaz khalid\AppData\Local\Programs\Microsoft VS Code\bin;C:\Users\Ayaz khalid\AppData\Local\Android\Sdk\platform-tools;C:\xampp\php;C:\Users\Ayaz khalid\AppData\Roaming\Composer\vendor\bin;C:\Users\Ayaz khalid\AppData\Local\GitHubDesktop\bin;C:\Users\Ayaz khalid\AppData\Roaming\npm;
USERNAME=Ayaz khalid
OS=Windows_NT
PROCESSOR_IDENTIFIER=Intel64 Family 6 Model 140 Stepping 1, GenuineIntel



---------------  S Y S T E M  ---------------

OS: Windows 10 , 64 bit Build 19041 (10.0.19041.1)

CPU:total 8 (initial active 8) (4 cores per cpu, 2 threads per core) family 6 model 140 stepping 1 microcode 0x66, cmov, cx8, fxsr, mmx, sse, sse2, sse3, ssse3, sse4.1, sse4.2, popcnt, avx, avx2, aes, clmul, erms, 3dnowpref, lzcnt, ht, tsc, tscinvbit, bmi1, bmi2, adx, evex, sha, fma

Memory: 4k page, system-wide physical 16183M (619M free)
TotalPageFile size 22543M (AvailPageFile size 8M)
current process WorkingSet (physical memory assigned to process): 9M, peak: 9M
current process commit charge ("private bytes"): 59M, peak: 123M

vm_info: Java HotSpot(TM) 64-Bit Server VM (11.0.19+9-LTS-224) for windows-amd64 JRE (11.0.19+9-LTS-224), built on Mar 27 2023 08:48:55 by "mach5one" with MS VC++ 17.1 (VS2022)

END.
