#
# There is insufficient memory for the Java Runtime Environment to continue.
# Native memory allocation (malloc) failed to allocate 877616 bytes for Chunk::new
# Possible reasons:
#   The system is out of physical RAM or swap space
#   The process is running with CompressedOops enabled, and the Java Heap may be blocking the growth of the native heap
# Possible solutions:
#   Reduce memory load on the system
#   Increase physical memory or swap space
#   Check if swap backing store is full
#   Decrease Java heap size (-Xmx/-Xms)
#   Decrease number of Java threads
#   Decrease Java thread stack sizes (-Xss)
#   Set larger code cache with -XX:ReservedCodeCacheSize=
#   JVM is running with Unscaled Compressed Oops mode in which the Java heap is
#     placed in the first 4GB address space. The Java Heap base address is the
#     maximum limit for the native heap growth. Please use -XX:HeapBaseMinAddress
#     to set the Java Heap base and to place the Java Heap above 4GB virtual address.
# This output file may be truncated or incomplete.
#
#  Out of Memory Error (./open/src/hotspot/share/memory/arena.cpp:197), pid=25812, tid=24688
#
# JRE version: Java(TM) SE Runtime Environment 18.9 (11.0.19+9) (build 11.0.19+9-LTS-224)
# Java VM: Java HotSpot(TM) 64-Bit Server VM 18.9 (11.0.19+9-LTS-224, mixed mode, tiered, compressed oops, g1 gc, windows-amd64)
# No core dump will be written. Minidumps are not enabled by default on client versions of Windows
#

---------------  S U M M A R Y ------------

Command Line: -XX:MaxMetaspaceSize=512m --add-opens=java.base/java.util=ALL-UNNAMED --add-opens=java.base/java.lang=ALL-UNNAMED --add-opens=java.base/java.lang.invoke=ALL-UNNAMED --add-opens=java.base/java.util=ALL-UNNAMED --add-opens=java.prefs/java.util.prefs=ALL-UNNAMED --add-opens=java.prefs/java.util.prefs=ALL-UNNAMED --add-opens=java.base/java.nio.charset=ALL-UNNAMED --add-opens=java.base/java.net=ALL-UNNAMED --add-opens=java.base/java.util.concurrent.atomic=ALL-UNNAMED -Xmx2048m -Dfile.encoding=windows-1252 -Duser.country=US -Duser.language=en -Duser.variant org.gradle.launcher.daemon.bootstrap.GradleDaemon 7.5.1

Host: 11th Gen Intel(R) Core(TM) i7-1165G7 @ 2.80GHz, 8 cores, 15G,  Windows 10 , 64 bit Build 19041 (10.0.19041.1)
Time: Fri Jan 19 20:07:46 2024 Pakistan Standard Time elapsed time: 92.432591 seconds (0d 0h 1m 32s)

---------------  T H R E A D  ---------------

Current thread (0x0000014e346d2000):  JavaThread "C2 CompilerThread0" daemon [_thread_in_native, id=24688, stack(0x00000007d8400000,0x00000007d8500000)]


Current CompileTask:
C2:  92432 5149       4       groovy.lang.MetaClassImpl$1MOPIter::methodNameAction (325 bytes)

Stack: [0x00000007d8400000,0x00000007d8500000]
Native frames: (J=compiled Java code, j=interpreted, Vv=VM code, C=native code)
V  [jvm.dll+0x65fe1a]
V  [jvm.dll+0x7a2bbf]
V  [jvm.dll+0x7a4289]
V  [jvm.dll+0x7a4923]
V  [jvm.dll+0x258a25]
V  [jvm.dll+0xb29cc]
V  [jvm.dll+0xb2f8c]
V  [jvm.dll+0x2ca132]
V  [jvm.dll+0x56f1dc]
V  [jvm.dll+0x21a5d1]
V  [jvm.dll+0x213db5]
V  [jvm.dll+0x2105e4]
V  [jvm.dll+0x18c841]
V  [jvm.dll+0x220989]
V  [jvm.dll+0x21ecac]
V  [jvm.dll+0x766921]
V  [jvm.dll+0x75f2e4]
V  [jvm.dll+0x65ecc5]
C  [ucrtbase.dll+0x21542]
C  [KERNEL32.DLL+0x16fd4]
C  [ntdll.dll+0x4cf31]


---------------  P R O C E S S  ---------------

Threads class SMR info:
_java_thread_list=0x0000014e39fbc220, length=75, elements={
0x0000014e15de1800, 0x0000014e33e8b000, 0x0000014e33e8c800, 0x0000014e346cc000,
0x0000014e346d0000, 0x0000014e346d1000, 0x0000014e346d2000, 0x0000014e3471e000,
0x0000014e34724000, 0x0000014e34888800, 0x0000014e36c8e800, 0x0000014e34d37000,
0x0000014e37add800, 0x0000014e3614f800, 0x0000014e36ad6000, 0x0000014e36c04800,
0x0000014e37b1a800, 0x0000014e37b1b800, 0x0000014e36dcc000, 0x0000014e36dcd000,
0x0000014e36dcb800, 0x0000014e36dc7000, 0x0000014e36dce000, 0x0000014e36dca800,
0x0000014e36dc8000, 0x0000014e36dc9000, 0x0000014e36dc9800, 0x0000014e354b0800,
0x0000014e354ac000, 0x0000014e354ae800, 0x0000014e354af000, 0x0000014e354ab000,
0x0000014e354b2800, 0x0000014e354ad800, 0x0000014e354ac800, 0x0000014e354b5800,
0x0000014e354b6800, 0x0000014e354b5000, 0x0000014e354b3000, 0x0000014e354b7000,
0x0000014e354b8000, 0x0000014e354b9800, 0x0000014e354b4000, 0x0000014e354b9000,
0x0000014e371f9000, 0x0000014e371fa000, 0x0000014e371f7800, 0x0000014e371f8800,
0x0000014e371f6800, 0x0000014e371fb800, 0x0000014e371f6000, 0x0000014e371fb000,
0x0000014e371fc800, 0x0000014e37200800, 0x0000014e37203000, 0x0000014e371fd000,
0x0000014e371fe000, 0x0000014e371ff000, 0x0000014e37204800, 0x0000014e37201800,
0x0000014e371ff800, 0x0000014e37202000, 0x0000014e37203800, 0x0000014e3597d000,
0x0000014e35982800, 0x0000014e3597f800, 0x0000014e35981000, 0x0000014e3597e800,
0x0000014e35983800, 0x0000014e35981800, 0x0000014e3597d800, 0x0000014e35984000,
0x0000014e35985000, 0x0000014e35986000, 0x0000014e35980000
}

Java Threads: ( => current thread )
  0x0000014e15de1800 JavaThread "main" [_thread_blocked, id=23568, stack(0x00000007d7800000,0x00000007d7900000)]
  0x0000014e33e8b000 JavaThread "Reference Handler" daemon [_thread_blocked, id=22780, stack(0x00000007d7f00000,0x00000007d8000000)]
  0x0000014e33e8c800 JavaThread "Finalizer" daemon [_thread_blocked, id=18796, stack(0x00000007d8000000,0x00000007d8100000)]
  0x0000014e346cc000 JavaThread "Signal Dispatcher" daemon [_thread_blocked, id=24636, stack(0x00000007d8100000,0x00000007d8200000)]
  0x0000014e346d0000 JavaThread "Attach Listener" daemon [_thread_blocked, id=24680, stack(0x00000007d8200000,0x00000007d8300000)]
  0x0000014e346d1000 JavaThread "Service Thread" daemon [_thread_blocked, id=24684, stack(0x00000007d8300000,0x00000007d8400000)]
=>0x0000014e346d2000 JavaThread "C2 CompilerThread0" daemon [_thread_in_native, id=24688, stack(0x00000007d8400000,0x00000007d8500000)]
  0x0000014e3471e000 JavaThread "C1 CompilerThread0" daemon [_thread_blocked, id=14648, stack(0x00000007d8500000,0x00000007d8600000)]
  0x0000014e34724000 JavaThread "Sweeper thread" daemon [_thread_blocked, id=26372, stack(0x00000007d8600000,0x00000007d8700000)]
  0x0000014e34888800 JavaThread "Common-Cleaner" daemon [_thread_blocked, id=25764, stack(0x00000007d8700000,0x00000007d8800000)]
  0x0000014e36c8e800 JavaThread "Daemon health stats" [_thread_blocked, id=23832, stack(0x00000007d8f00000,0x00000007d9000000)]
  0x0000014e34d37000 JavaThread "Incoming local TCP Connector on port 63830" [_thread_in_native, id=16348, stack(0x00000007d8900000,0x00000007d8a00000)]
  0x0000014e37add800 JavaThread "Daemon periodic checks" [_thread_blocked, id=25052, stack(0x00000007d9000000,0x00000007d9100000)]
  0x0000014e3614f800 JavaThread "Daemon" [_thread_blocked, id=18824, stack(0x00000007d9100000,0x00000007d9200000)]
  0x0000014e36ad6000 JavaThread "Handler for socket connection from /127.0.0.1:63830 to /127.0.0.1:63831" [_thread_in_native, id=22848, stack(0x00000007d9200000,0x00000007d9300000)]
  0x0000014e36c04800 JavaThread "Cancel handler" [_thread_blocked, id=18160, stack(0x00000007d9300000,0x00000007d9400000)]
  0x0000014e37b1a800 JavaThread "Daemon worker" [_thread_in_vm, id=17712, stack(0x00000007d9400000,0x00000007d9500000)]
  0x0000014e37b1b800 JavaThread "Asynchronous log dispatcher for DefaultDaemonConnection: socket connection from /127.0.0.1:63830 to /127.0.0.1:63831" [_thread_blocked, id=23928, stack(0x00000007d9500000,0x00000007d9600000)]
  0x0000014e36dcc000 JavaThread "Daemon client event forwarder" [_thread_blocked, id=18928, stack(0x00000007d9700000,0x00000007d9800000)]
  0x0000014e36dcd000 JavaThread "Cache worker for journal cache (C:\Users\Ayaz khalid\.gradle\caches\journal-1)" [_thread_blocked, id=22832, stack(0x00000007d9800000,0x00000007d9900000)]
  0x0000014e36dcb800 JavaThread "File lock request listener" [_thread_in_native, id=24784, stack(0x00000007d9900000,0x00000007d9a00000)]
  0x0000014e36dc7000 JavaThread "File lock release action executor" [_thread_blocked, id=3600, stack(0x00000007d9a00000,0x00000007d9b00000)]
  0x0000014e36dce000 JavaThread "Cache worker for file hash cache (C:\Users\Ayaz khalid\.gradle\caches\7.5.1\fileHashes)" [_thread_blocked, id=11600, stack(0x00000007d9b00000,0x00000007d9c00000)]
  0x0000014e36dca800 JavaThread "File watcher server" daemon [_thread_in_native, id=19360, stack(0x00000007da100000,0x00000007da200000)]
  0x0000014e36dc8000 JavaThread "File watcher consumer" daemon [_thread_blocked, id=13172, stack(0x00000007da200000,0x00000007da300000)]
  0x0000014e36dc9000 JavaThread "Cache worker for checksums cache (D:\Ayaz Khalid\Live-Projects\BMServicesPlayStoreLive\android\.gradle\7.5.1\checksums)" [_thread_blocked, id=12416, stack(0x00000007da300000,0x00000007da400000)]
  0x0000014e36dc9800 JavaThread "Cache worker for cache directory md-rule (C:\Users\Ayaz khalid\.gradle\caches\7.5.1\md-rule)" [_thread_blocked, id=7344, stack(0x00000007da400000,0x00000007da500000)]
  0x0000014e354b0800 JavaThread "Cache worker for file content cache (C:\Users\Ayaz khalid\.gradle\caches\7.5.1\fileContent)" [_thread_blocked, id=21724, stack(0x00000007da500000,0x00000007da600000)]
  0x0000014e354ac000 JavaThread "Cache worker for file hash cache (D:\Ayaz Khalid\Live-Projects\BMServicesPlayStoreLive\android\.gradle\7.5.1\fileHashes)" [_thread_blocked, id=17352, stack(0x00000007da000000,0x00000007da100000)]
  0x0000014e354ae800 JavaThread "Cache worker for cache directory md-supplier (C:\Users\Ayaz khalid\.gradle\caches\7.5.1\md-supplier)" [_thread_blocked, id=16900, stack(0x00000007da600000,0x00000007da700000)]
  0x0000014e354af000 JavaThread "Cache worker for execution history cache (C:\Users\Ayaz khalid\.gradle\caches\7.5.1\executionHistory)" [_thread_blocked, id=24500, stack(0x00000007da700000,0x00000007da800000)]
  0x0000014e354ab000 JavaThread "jar transforms" [_thread_blocked, id=12688, stack(0x00000007da900000,0x00000007daa00000)]
  0x0000014e354b2800 JavaThread "jar transforms Thread 2" [_thread_blocked, id=11280, stack(0x00000007daa00000,0x00000007dab00000)]
  0x0000014e354ad800 JavaThread "jar transforms Thread 3" [_thread_blocked, id=16616, stack(0x00000007dab00000,0x00000007dac00000)]
  0x0000014e354ac800 JavaThread "jar transforms Thread 4" [_thread_blocked, id=24648, stack(0x00000007dac00000,0x00000007dad00000)]
  0x0000014e354b5800 JavaThread "Cache worker for kotlin-dsl (C:\Users\Ayaz khalid\.gradle\caches\7.5.1\kotlin-dsl)" [_thread_blocked, id=22804, stack(0x00000007daf00000,0x00000007db000000)]
  0x0000014e354b6800 JavaThread "jar transforms Thread 5" [_thread_blocked, id=8024, stack(0x00000007d7600000,0x00000007d7700000)]
  0x0000014e354b5000 JavaThread "jar transforms Thread 6" [_thread_blocked, id=19884, stack(0x00000007d7700000,0x00000007d7800000)]
  0x0000014e354b3000 JavaThread "Cache worker for dependencies-accessors (D:\Ayaz Khalid\Live-Projects\BMServicesPlayStoreLive\android\.gradle\7.5.1\dependencies-accessors)" [_thread_blocked, id=24876, stack(0x00000007d9600000,0x00000007d9700000)]
  0x0000014e354b7000 JavaThread "Cache worker for Build Output Cleanup Cache (D:\Ayaz Khalid\Live-Projects\BMServicesPlayStoreLive\node_modules\react-native-gradle-plugin\.gradle\buildOutputCleanup)" [_thread_blocked, id=25460, stack(0x00000007dae00000,0x00000007daf00000)]
  0x0000014e354b8000 JavaThread "jar transforms Thread 7" [_thread_blocked, id=20988, stack(0x00000007db000000,0x00000007db100000)]
  0x0000014e354b9800 JavaThread "Unconstrained build operations" [_thread_blocked, id=3744, stack(0x00000007db200000,0x00000007db300000)]
  0x0000014e354b4000 JavaThread "Unconstrained build operations Thread 2" [_thread_blocked, id=16860, stack(0x00000007db300000,0x00000007db400000)]
  0x0000014e354b9000 JavaThread "Unconstrained build operations Thread 3" [_thread_blocked, id=128, stack(0x00000007db400000,0x00000007db500000)]
  0x0000014e371f9000 JavaThread "Unconstrained build operations Thread 4" [_thread_blocked, id=15960, stack(0x00000007db500000,0x00000007db600000)]
  0x0000014e371fa000 JavaThread "Unconstrained build operations Thread 5" [_thread_blocked, id=16136, stack(0x00000007db100000,0x00000007db200000)]
  0x0000014e371f7800 JavaThread "Unconstrained build operations Thread 6" [_thread_blocked, id=12468, stack(0x00000007db600000,0x00000007db700000)]
  0x0000014e371f8800 JavaThread "Unconstrained build operations Thread 7" [_thread_blocked, id=22072, stack(0x00000007db700000,0x00000007db800000)]
  0x0000014e371f6800 JavaThread "Unconstrained build operations Thread 8" [_thread_blocked, id=23192, stack(0x00000007db800000,0x00000007db900000)]
  0x0000014e371fb800 JavaThread "Unconstrained build operations Thread 9" [_thread_blocked, id=19744, stack(0x00000007db900000,0x00000007dba00000)]
  0x0000014e371f6000 JavaThread "Unconstrained build operations Thread 10" [_thread_blocked, id=4240, stack(0x00000007dba00000,0x00000007dbb00000)]
  0x0000014e371fb000 JavaThread "Unconstrained build operations Thread 11" [_thread_blocked, id=6448, stack(0x00000007dbb00000,0x00000007dbc00000)]
  0x0000014e371fc800 JavaThread "Unconstrained build operations Thread 12" [_thread_blocked, id=9280, stack(0x00000007dbc00000,0x00000007dbd00000)]
  0x0000014e37200800 JavaThread "Unconstrained build operations Thread 13" [_thread_blocked, id=26108, stack(0x00000007dbd00000,0x00000007dbe00000)]
  0x0000014e37203000 JavaThread "Unconstrained build operations Thread 14" [_thread_blocked, id=16764, stack(0x00000007dbe00000,0x00000007dbf00000)]
  0x0000014e371fd000 JavaThread "Unconstrained build operations Thread 15" [_thread_blocked, id=16480, stack(0x00000007dbf00000,0x00000007dc000000)]
  0x0000014e371fe000 JavaThread "Unconstrained build operations Thread 16" [_thread_blocked, id=12848, stack(0x00000007dc000000,0x00000007dc100000)]
  0x0000014e371ff000 JavaThread "Unconstrained build operations Thread 17" [_thread_blocked, id=19888, stack(0x00000007dc100000,0x00000007dc200000)]
  0x0000014e37204800 JavaThread "Unconstrained build operations Thread 18" [_thread_blocked, id=6828, stack(0x00000007dc200000,0x00000007dc300000)]
  0x0000014e37201800 JavaThread "Unconstrained build operations Thread 19" [_thread_blocked, id=14372, stack(0x00000007dc300000,0x00000007dc400000)]
  0x0000014e371ff800 JavaThread "Unconstrained build operations Thread 20" [_thread_blocked, id=18592, stack(0x00000007dc400000,0x00000007dc500000)]
  0x0000014e37202000 JavaThread "Unconstrained build operations Thread 21" [_thread_blocked, id=26424, stack(0x00000007dc500000,0x00000007dc600000)]
  0x0000014e37203800 JavaThread "Unconstrained build operations Thread 22" [_thread_blocked, id=11032, stack(0x00000007dc600000,0x00000007dc700000)]
  0x0000014e3597d000 JavaThread "Unconstrained build operations Thread 23" [_thread_blocked, id=8700, stack(0x00000007dc700000,0x00000007dc800000)]
  0x0000014e35982800 JavaThread "Unconstrained build operations Thread 24" [_thread_blocked, id=20100, stack(0x00000007dc800000,0x00000007dc900000)]
  0x0000014e3597f800 JavaThread "Unconstrained build operations Thread 25" [_thread_blocked, id=23376, stack(0x00000007dc900000,0x00000007dca00000)]
  0x0000014e35981000 JavaThread "Unconstrained build operations Thread 26" [_thread_blocked, id=23176, stack(0x00000007dca00000,0x00000007dcb00000)]
  0x0000014e3597e800 JavaThread "Unconstrained build operations Thread 27" [_thread_blocked, id=15632, stack(0x00000007dcb00000,0x00000007dcc00000)]
  0x0000014e35983800 JavaThread "Unconstrained build operations Thread 28" [_thread_blocked, id=7980, stack(0x00000007dcc00000,0x00000007dcd00000)]
  0x0000014e35981800 JavaThread "Unconstrained build operations Thread 29" [_thread_blocked, id=24504, stack(0x00000007dcd00000,0x00000007dce00000)]
  0x0000014e3597d800 JavaThread "Unconstrained build operations Thread 30" [_thread_blocked, id=15052, stack(0x00000007dce00000,0x00000007dcf00000)]
  0x0000014e35984000 JavaThread "Unconstrained build operations Thread 31" [_thread_blocked, id=5024, stack(0x00000007dcf00000,0x00000007dd000000)]
  0x0000014e35985000 JavaThread "Unconstrained build operations Thread 32" [_thread_blocked, id=22760, stack(0x00000007dd000000,0x00000007dd100000)]
  0x0000014e35986000 JavaThread "Unconstrained build operations Thread 33" [_thread_blocked, id=16896, stack(0x00000007dd100000,0x00000007dd200000)]
  0x0000014e35980000 JavaThread "jar transforms Thread 8" [_thread_blocked, id=22644, stack(0x00000007dd200000,0x00000007dd300000)]

Other Threads:
  0x0000014e346c1800 VMThread "VM Thread" [stack: 0x00000007d7e00000,0x00000007d7f00000] [id=24176]
  0x0000014e348c1000 WatcherThread [stack: 0x00000007d8800000,0x00000007d8900000] [id=26104]
  0x0000014e15df9000 GCTaskThread "GC Thread#0" [stack: 0x00000007d7900000,0x00000007d7a00000] [id=13348]
  0x0000014e35578800 GCTaskThread "GC Thread#1" [stack: 0x00000007d8a00000,0x00000007d8b00000] [id=9308]
  0x0000014e35450000 GCTaskThread "GC Thread#2" [stack: 0x00000007d8b00000,0x00000007d8c00000] [id=5976]
  0x0000014e35492000 GCTaskThread "GC Thread#3" [stack: 0x00000007d8c00000,0x00000007d8d00000] [id=20448]
  0x0000014e35695000 GCTaskThread "GC Thread#4" [stack: 0x00000007d8d00000,0x00000007d8e00000] [id=19324]
  0x0000014e3539e000 GCTaskThread "GC Thread#5" [stack: 0x00000007d8e00000,0x00000007d8f00000] [id=15884]
  0x0000014e36881800 GCTaskThread "GC Thread#6" [stack: 0x00000007d9c00000,0x00000007d9d00000] [id=24704]
  0x0000014e34ff0800 GCTaskThread "GC Thread#7" [stack: 0x00000007d9d00000,0x00000007d9e00000] [id=448]
  0x0000014e15e2b000 ConcurrentGCThread "G1 Main Marker" [stack: 0x00000007d7a00000,0x00000007d7b00000] [id=17184]
  0x0000014e15e2c800 ConcurrentGCThread "G1 Conc#0" [stack: 0x00000007d7b00000,0x00000007d7c00000] [id=10860]
  0x0000014e3559f000 ConcurrentGCThread "G1 Conc#1" [stack: 0x00000007d9e00000,0x00000007d9f00000] [id=6524]
  0x0000014e33d18800 ConcurrentGCThread "G1 Refine#0" [stack: 0x00000007d7c00000,0x00000007d7d00000] [id=23728]
  0x0000014e34e76000 ConcurrentGCThread "G1 Refine#1" [stack: 0x00000007d9f00000,0x00000007da000000] [id=16996]
  0x0000014e33d19800 ConcurrentGCThread "G1 Young RemSet Sampling" [stack: 0x00000007d7d00000,0x00000007d7e00000] [id=16080]

Threads with active compile tasks:
C2 CompilerThread0    92457 5149       4       groovy.lang.MetaClassImpl$1MOPIter::methodNameAction (325 bytes)

VM state:not at safepoint (normal execution)

VM Mutex/Monitor currently owned by a thread: None

Heap address: 0x0000000080000000, size: 2048 MB, Compressed Oops mode: 32-bit
Narrow klass base: 0x0000000000000000, Narrow klass shift: 3
Compressed class space size: 528482304 Address: 0x0000000100000000

Heap:
 garbage-first heap   total 260096K, used 153788K [0x0000000080000000, 0x0000000100000000)
  region size 1024K, 131 young (134144K), 13 survivors (13312K)
 Metaspace       used 50664K, capacity 52034K, committed 52300K, reserved 561152K
  class space    used 6581K, capacity 7183K, committed 7296K, reserved 516096K
Heap Regions: E=young(eden), S=young(survivor), O=old, HS=humongous(starts), HC=humongous(continues), CS=collection set, F=free, A=archive, TAMS=top-at-mark-start (previous, next)
|   0|0x0000000080000000, 0x0000000080100000, 0x0000000080100000|100%| O|  |TAMS 0x0000000080100000, 0x0000000080000000| Untracked 
|   1|0x0000000080100000, 0x0000000080200000, 0x0000000080200000|100%| O|  |TAMS 0x0000000080200000, 0x0000000080100000| Untracked 
|   2|0x0000000080200000, 0x0000000080300000, 0x0000000080300000|100%| O|  |TAMS 0x0000000080300000, 0x0000000080200000| Untracked 
|   3|0x0000000080300000, 0x0000000080400000, 0x0000000080400000|100%|HS|  |TAMS 0x0000000080400000, 0x0000000080300000| Complete 
|   4|0x0000000080400000, 0x0000000080500000, 0x0000000080500000|100%|HC|  |TAMS 0x0000000080500000, 0x0000000080400000| Complete 
|   5|0x0000000080500000, 0x0000000080600000, 0x0000000080600000|100%|HC|  |TAMS 0x0000000080600000, 0x0000000080500000| Complete 
|   6|0x0000000080600000, 0x0000000080700000, 0x0000000080700000|100%| O|  |TAMS 0x0000000080700000, 0x0000000080600000| Untracked 
|   7|0x0000000080700000, 0x0000000080800000, 0x0000000080800000|100%| O|  |TAMS 0x0000000080800000, 0x0000000080700000| Untracked 
|   8|0x0000000080800000, 0x0000000080900000, 0x0000000080900000|100%| O|  |TAMS 0x0000000080900000, 0x0000000080800000| Untracked 
|   9|0x0000000080900000, 0x0000000080a00000, 0x0000000080a00000|100%| O|  |TAMS 0x0000000080a00000, 0x0000000080900000| Untracked 
|  10|0x0000000080a00000, 0x0000000080b00000, 0x0000000080b00000|100%| O|  |TAMS 0x0000000080b00000, 0x0000000080a00000| Untracked 
|  11|0x0000000080b00000, 0x0000000080c00000, 0x0000000080c00000|100%| O|  |TAMS 0x0000000080c00000, 0x0000000080b00000| Untracked 
|  12|0x0000000080c00000, 0x0000000080d00000, 0x0000000080d00000|100%| O|  |TAMS 0x0000000080d00000, 0x0000000080c00000| Untracked 
|  13|0x0000000080d00000, 0x0000000080e00000, 0x0000000080e00000|100%| O|  |TAMS 0x0000000080e00000, 0x0000000080d00000| Untracked 
|  14|0x0000000080e00000, 0x0000000080f00000, 0x0000000080f00000|100%| O|  |TAMS 0x0000000080f00000, 0x0000000080e00000| Untracked 
|  15|0x0000000080f00000, 0x0000000081000000, 0x0000000081000000|100%| O|  |TAMS 0x0000000081000000, 0x0000000080f00000| Untracked 
|  16|0x0000000081000000, 0x00000000810b9200, 0x0000000081100000| 72%| O|  |TAMS 0x00000000810b9200, 0x0000000081000000| Untracked 
|  17|0x0000000081100000, 0x0000000081200000, 0x0000000081200000|100%|HS|  |TAMS 0x0000000081100000, 0x0000000081100000| Complete 
|  18|0x0000000081200000, 0x0000000081300000, 0x0000000081300000|100%|HS|  |TAMS 0x0000000081200000, 0x0000000081200000| Complete 
|  19|0x0000000081300000, 0x0000000081400000, 0x0000000081400000|100%|HC|  |TAMS 0x0000000081300000, 0x0000000081300000| Complete 
|  20|0x0000000081400000, 0x0000000081500000, 0x0000000081500000|100%|HC|  |TAMS 0x0000000081400000, 0x0000000081400000| Complete 
|  21|0x0000000081500000, 0x0000000081500000, 0x0000000081600000|  0%| F|  |TAMS 0x0000000081500000, 0x0000000081500000| Untracked 
|  22|0x0000000081600000, 0x0000000081600000, 0x0000000081700000|  0%| F|  |TAMS 0x0000000081600000, 0x0000000081600000| Untracked 
|  23|0x0000000081700000, 0x0000000081700000, 0x0000000081800000|  0%| F|  |TAMS 0x0000000081700000, 0x0000000081700000| Untracked 
|  24|0x0000000081800000, 0x0000000081800000, 0x0000000081900000|  0%| F|  |TAMS 0x0000000081800000, 0x0000000081800000| Untracked 
|  25|0x0000000081900000, 0x0000000081900000, 0x0000000081a00000|  0%| F|  |TAMS 0x0000000081900000, 0x0000000081900000| Untracked 
|  26|0x0000000081a00000, 0x0000000081a00000, 0x0000000081b00000|  0%| F|  |TAMS 0x0000000081a00000, 0x0000000081a00000| Untracked 
|  27|0x0000000081b00000, 0x0000000081b00000, 0x0000000081c00000|  0%| F|  |TAMS 0x0000000081b00000, 0x0000000081b00000| Untracked 
|  28|0x0000000081c00000, 0x0000000081c00000, 0x0000000081d00000|  0%| F|  |TAMS 0x0000000081c00000, 0x0000000081c00000| Untracked 
|  29|0x0000000081d00000, 0x0000000081d00000, 0x0000000081e00000|  0%| F|  |TAMS 0x0000000081d00000, 0x0000000081d00000| Untracked 
|  30|0x0000000081e00000, 0x0000000081e00000, 0x0000000081f00000|  0%| F|  |TAMS 0x0000000081e00000, 0x0000000081e00000| Untracked 
|  31|0x0000000081f00000, 0x0000000081f00000, 0x0000000082000000|  0%| F|  |TAMS 0x0000000081f00000, 0x0000000081f00000| Untracked 
|  32|0x0000000082000000, 0x0000000082000000, 0x0000000082100000|  0%| F|  |TAMS 0x0000000082000000, 0x0000000082000000| Untracked 
|  33|0x0000000082100000, 0x0000000082100000, 0x0000000082200000|  0%| F|  |TAMS 0x0000000082100000, 0x0000000082100000| Untracked 
|  34|0x0000000082200000, 0x0000000082200000, 0x0000000082300000|  0%| F|  |TAMS 0x0000000082200000, 0x0000000082200000| Untracked 
|  35|0x0000000082300000, 0x0000000082300000, 0x0000000082400000|  0%| F|  |TAMS 0x0000000082300000, 0x0000000082300000| Untracked 
|  36|0x0000000082400000, 0x0000000082400000, 0x0000000082500000|  0%| F|  |TAMS 0x0000000082400000, 0x0000000082400000| Untracked 
|  37|0x0000000082500000, 0x0000000082500000, 0x0000000082600000|  0%| F|  |TAMS 0x0000000082500000, 0x0000000082500000| Untracked 
|  38|0x0000000082600000, 0x0000000082600000, 0x0000000082700000|  0%| F|  |TAMS 0x0000000082600000, 0x0000000082600000| Untracked 
|  39|0x0000000082700000, 0x0000000082700000, 0x0000000082800000|  0%| F|  |TAMS 0x0000000082700000, 0x0000000082700000| Untracked 
|  40|0x0000000082800000, 0x0000000082800000, 0x0000000082900000|  0%| F|  |TAMS 0x0000000082800000, 0x0000000082800000| Untracked 
|  41|0x0000000082900000, 0x0000000082900000, 0x0000000082a00000|  0%| F|  |TAMS 0x0000000082900000, 0x0000000082900000| Untracked 
|  42|0x0000000082a00000, 0x0000000082a00000, 0x0000000082b00000|  0%| F|  |TAMS 0x0000000082a00000, 0x0000000082a00000| Untracked 
|  43|0x0000000082b00000, 0x0000000082b00000, 0x0000000082c00000|  0%| F|  |TAMS 0x0000000082b00000, 0x0000000082b00000| Untracked 
|  44|0x0000000082c00000, 0x0000000082c00000, 0x0000000082d00000|  0%| F|  |TAMS 0x0000000082c00000, 0x0000000082c00000| Untracked 
|  45|0x0000000082d00000, 0x0000000082d00000, 0x0000000082e00000|  0%| F|  |TAMS 0x0000000082d00000, 0x0000000082d00000| Untracked 
|  46|0x0000000082e00000, 0x0000000082e00000, 0x0000000082f00000|  0%| F|  |TAMS 0x0000000082e00000, 0x0000000082e00000| Untracked 
|  47|0x0000000082f00000, 0x0000000082f00000, 0x0000000083000000|  0%| F|  |TAMS 0x0000000082f00000, 0x0000000082f00000| Untracked 
|  48|0x0000000083000000, 0x0000000083000000, 0x0000000083100000|  0%| F|  |TAMS 0x0000000083000000, 0x0000000083000000| Untracked 
|  49|0x0000000083100000, 0x0000000083100000, 0x0000000083200000|  0%| F|  |TAMS 0x0000000083100000, 0x0000000083100000| Untracked 
|  50|0x0000000083200000, 0x0000000083200000, 0x0000000083300000|  0%| F|  |TAMS 0x0000000083200000, 0x0000000083200000| Untracked 
|  51|0x0000000083300000, 0x0000000083300000, 0x0000000083400000|  0%| F|  |TAMS 0x0000000083300000, 0x0000000083300000| Untracked 
|  52|0x0000000083400000, 0x0000000083400000, 0x0000000083500000|  0%| F|  |TAMS 0x0000000083400000, 0x0000000083400000| Untracked 
|  53|0x0000000083500000, 0x0000000083500000, 0x0000000083600000|  0%| F|  |TAMS 0x0000000083500000, 0x0000000083500000| Untracked 
|  54|0x0000000083600000, 0x0000000083600000, 0x0000000083700000|  0%| F|  |TAMS 0x0000000083600000, 0x0000000083600000| Untracked 
|  55|0x0000000083700000, 0x0000000083700000, 0x0000000083800000|  0%| F|  |TAMS 0x0000000083700000, 0x0000000083700000| Untracked 
|  56|0x0000000083800000, 0x0000000083800000, 0x0000000083900000|  0%| F|  |TAMS 0x0000000083800000, 0x0000000083800000| Untracked 
|  57|0x0000000083900000, 0x0000000083900000, 0x0000000083a00000|  0%| F|  |TAMS 0x0000000083900000, 0x0000000083900000| Untracked 
|  58|0x0000000083a00000, 0x0000000083a00000, 0x0000000083b00000|  0%| F|  |TAMS 0x0000000083a00000, 0x0000000083a00000| Untracked 
|  59|0x0000000083b00000, 0x0000000083b00000, 0x0000000083c00000|  0%| F|  |TAMS 0x0000000083b00000, 0x0000000083b00000| Untracked 
|  60|0x0000000083c00000, 0x0000000083c00000, 0x0000000083d00000|  0%| F|  |TAMS 0x0000000083c00000, 0x0000000083c00000| Untracked 
|  61|0x0000000083d00000, 0x0000000083d00000, 0x0000000083e00000|  0%| F|  |TAMS 0x0000000083d00000, 0x0000000083d00000| Untracked 
|  62|0x0000000083e00000, 0x0000000083e00000, 0x0000000083f00000|  0%| F|  |TAMS 0x0000000083e00000, 0x0000000083e00000| Untracked 
|  63|0x0000000083f00000, 0x0000000083f00000, 0x0000000084000000|  0%| F|  |TAMS 0x0000000083f00000, 0x0000000083f00000| Untracked 
|  64|0x0000000084000000, 0x0000000084000000, 0x0000000084100000|  0%| F|  |TAMS 0x0000000084000000, 0x0000000084000000| Untracked 
|  65|0x0000000084100000, 0x0000000084100000, 0x0000000084200000|  0%| F|  |TAMS 0x0000000084100000, 0x0000000084100000| Untracked 
|  66|0x0000000084200000, 0x0000000084200000, 0x0000000084300000|  0%| F|  |TAMS 0x0000000084200000, 0x0000000084200000| Untracked 
|  67|0x0000000084300000, 0x0000000084300000, 0x0000000084400000|  0%| F|  |TAMS 0x0000000084300000, 0x0000000084300000| Untracked 
|  68|0x0000000084400000, 0x0000000084400000, 0x0000000084500000|  0%| F|  |TAMS 0x0000000084400000, 0x0000000084400000| Untracked 
|  69|0x0000000084500000, 0x0000000084500000, 0x0000000084600000|  0%| F|  |TAMS 0x0000000084500000, 0x0000000084500000| Untracked 
|  70|0x0000000084600000, 0x0000000084600000, 0x0000000084700000|  0%| F|  |TAMS 0x0000000084600000, 0x0000000084600000| Untracked 
|  71|0x0000000084700000, 0x0000000084700000, 0x0000000084800000|  0%| F|  |TAMS 0x0000000084700000, 0x0000000084700000| Untracked 
|  72|0x0000000084800000, 0x0000000084800000, 0x0000000084900000|  0%| F|  |TAMS 0x0000000084800000, 0x0000000084800000| Untracked 
|  73|0x0000000084900000, 0x0000000084900000, 0x0000000084a00000|  0%| F|  |TAMS 0x0000000084900000, 0x0000000084900000| Untracked 
|  74|0x0000000084a00000, 0x0000000084a00000, 0x0000000084b00000|  0%| F|  |TAMS 0x0000000084a00000, 0x0000000084a00000| Untracked 
|  75|0x0000000084b00000, 0x0000000084b00000, 0x0000000084c00000|  0%| F|  |TAMS 0x0000000084b00000, 0x0000000084b00000| Untracked 
|  76|0x0000000084c00000, 0x0000000084c00000, 0x0000000084d00000|  0%| F|  |TAMS 0x0000000084c00000, 0x0000000084c00000| Untracked 
|  77|0x0000000084d00000, 0x0000000084d00000, 0x0000000084e00000|  0%| F|  |TAMS 0x0000000084d00000, 0x0000000084d00000| Untracked 
|  78|0x0000000084e00000, 0x0000000084e00000, 0x0000000084f00000|  0%| F|  |TAMS 0x0000000084e00000, 0x0000000084e00000| Untracked 
|  79|0x0000000084f00000, 0x0000000084f00000, 0x0000000085000000|  0%| F|  |TAMS 0x0000000084f00000, 0x0000000084f00000| Untracked 
|  80|0x0000000085000000, 0x0000000085000000, 0x0000000085100000|  0%| F|  |TAMS 0x0000000085000000, 0x0000000085000000| Untracked 
|  81|0x0000000085100000, 0x0000000085100000, 0x0000000085200000|  0%| F|  |TAMS 0x0000000085100000, 0x0000000085100000| Untracked 
|  82|0x0000000085200000, 0x0000000085200000, 0x0000000085300000|  0%| F|  |TAMS 0x0000000085200000, 0x0000000085200000| Untracked 
|  83|0x0000000085300000, 0x0000000085300000, 0x0000000085400000|  0%| F|  |TAMS 0x0000000085300000, 0x0000000085300000| Untracked 
|  84|0x0000000085400000, 0x0000000085400000, 0x0000000085500000|  0%| F|  |TAMS 0x0000000085400000, 0x0000000085400000| Untracked 
|  85|0x0000000085500000, 0x0000000085500000, 0x0000000085600000|  0%| F|  |TAMS 0x0000000085500000, 0x0000000085500000| Untracked 
|  86|0x0000000085600000, 0x0000000085600000, 0x0000000085700000|  0%| F|  |TAMS 0x0000000085600000, 0x0000000085600000| Untracked 
|  87|0x0000000085700000, 0x0000000085700000, 0x0000000085800000|  0%| F|  |TAMS 0x0000000085700000, 0x0000000085700000| Untracked 
|  88|0x0000000085800000, 0x0000000085800000, 0x0000000085900000|  0%| F|  |TAMS 0x0000000085800000, 0x0000000085800000| Untracked 
|  89|0x0000000085900000, 0x0000000085900000, 0x0000000085a00000|  0%| F|  |TAMS 0x0000000085900000, 0x0000000085900000| Untracked 
|  90|0x0000000085a00000, 0x0000000085a00000, 0x0000000085b00000|  0%| F|  |TAMS 0x0000000085a00000, 0x0000000085a00000| Untracked 
|  91|0x0000000085b00000, 0x0000000085b00000, 0x0000000085c00000|  0%| F|  |TAMS 0x0000000085b00000, 0x0000000085b00000| Untracked 
|  92|0x0000000085c00000, 0x0000000085c00000, 0x0000000085d00000|  0%| F|  |TAMS 0x0000000085c00000, 0x0000000085c00000| Untracked 
|  93|0x0000000085d00000, 0x0000000085d00000, 0x0000000085e00000|  0%| F|  |TAMS 0x0000000085d00000, 0x0000000085d00000| Untracked 
|  94|0x0000000085e00000, 0x0000000085e00000, 0x0000000085f00000|  0%| F|  |TAMS 0x0000000085e00000, 0x0000000085e00000| Untracked 
|  95|0x0000000085f00000, 0x0000000085f00000, 0x0000000086000000|  0%| F|  |TAMS 0x0000000085f00000, 0x0000000085f00000| Untracked 
|  96|0x0000000086000000, 0x0000000086000000, 0x0000000086100000|  0%| F|  |TAMS 0x0000000086000000, 0x0000000086000000| Untracked 
|  97|0x0000000086100000, 0x0000000086100000, 0x0000000086200000|  0%| F|  |TAMS 0x0000000086100000, 0x0000000086100000| Untracked 
|  98|0x0000000086200000, 0x0000000086200000, 0x0000000086300000|  0%| F|  |TAMS 0x0000000086200000, 0x0000000086200000| Untracked 
|  99|0x0000000086300000, 0x0000000086300000, 0x0000000086400000|  0%| F|  |TAMS 0x0000000086300000, 0x0000000086300000| Untracked 
| 100|0x0000000086400000, 0x0000000086400000, 0x0000000086500000|  0%| F|  |TAMS 0x0000000086400000, 0x0000000086400000| Untracked 
| 101|0x0000000086500000, 0x0000000086500000, 0x0000000086600000|  0%| F|  |TAMS 0x0000000086500000, 0x0000000086500000| Untracked 
| 102|0x0000000086600000, 0x0000000086600000, 0x0000000086700000|  0%| F|  |TAMS 0x0000000086600000, 0x0000000086600000| Untracked 
| 103|0x0000000086700000, 0x0000000086700000, 0x0000000086800000|  0%| F|  |TAMS 0x0000000086700000, 0x0000000086700000| Untracked 
| 104|0x0000000086800000, 0x0000000086800000, 0x0000000086900000|  0%| F|  |TAMS 0x0000000086800000, 0x0000000086800000| Untracked 
| 105|0x0000000086900000, 0x0000000086900000, 0x0000000086a00000|  0%| F|  |TAMS 0x0000000086900000, 0x0000000086900000| Untracked 
| 106|0x0000000086a00000, 0x0000000086a00000, 0x0000000086b00000|  0%| F|  |TAMS 0x0000000086a00000, 0x0000000086a00000| Untracked 
| 107|0x0000000086b00000, 0x0000000086b00000, 0x0000000086c00000|  0%| F|  |TAMS 0x0000000086b00000, 0x0000000086b00000| Untracked 
| 108|0x0000000086c00000, 0x0000000086c00000, 0x0000000086d00000|  0%| F|  |TAMS 0x0000000086c00000, 0x0000000086c00000| Untracked 
| 109|0x0000000086d00000, 0x0000000086d00000, 0x0000000086e00000|  0%| F|  |TAMS 0x0000000086d00000, 0x0000000086d00000| Untracked 
| 110|0x0000000086e00000, 0x0000000086e00000, 0x0000000086f00000|  0%| F|  |TAMS 0x0000000086e00000, 0x0000000086e00000| Untracked 
| 111|0x0000000086f00000, 0x0000000086f00000, 0x0000000087000000|  0%| F|  |TAMS 0x0000000086f00000, 0x0000000086f00000| Untracked 
| 112|0x0000000087000000, 0x0000000087000000, 0x0000000087100000|  0%| F|  |TAMS 0x0000000087000000, 0x0000000087000000| Untracked 
| 113|0x0000000087100000, 0x0000000087100000, 0x0000000087200000|  0%| F|  |TAMS 0x0000000087100000, 0x0000000087100000| Untracked 
| 114|0x0000000087200000, 0x0000000087200000, 0x0000000087300000|  0%| F|  |TAMS 0x0000000087200000, 0x0000000087200000| Untracked 
| 115|0x0000000087300000, 0x0000000087300000, 0x0000000087400000|  0%| F|  |TAMS 0x0000000087300000, 0x0000000087300000| Untracked 
| 116|0x0000000087400000, 0x0000000087400000, 0x0000000087500000|  0%| F|  |TAMS 0x0000000087400000, 0x0000000087400000| Untracked 
| 117|0x0000000087500000, 0x0000000087500000, 0x0000000087600000|  0%| F|  |TAMS 0x0000000087500000, 0x0000000087500000| Untracked 
| 118|0x0000000087600000, 0x0000000087600000, 0x0000000087700000|  0%| F|  |TAMS 0x0000000087600000, 0x0000000087600000| Untracked 
| 119|0x0000000087700000, 0x0000000087700000, 0x0000000087800000|  0%| F|  |TAMS 0x0000000087700000, 0x0000000087700000| Untracked 
| 120|0x0000000087800000, 0x0000000087800000, 0x0000000087900000|  0%| F|  |TAMS 0x0000000087800000, 0x0000000087800000| Untracked 
| 121|0x0000000087900000, 0x0000000087900000, 0x0000000087a00000|  0%| F|  |TAMS 0x0000000087900000, 0x0000000087900000| Untracked 
| 122|0x0000000087a00000, 0x0000000087a80800, 0x0000000087b00000| 50%| E|  |TAMS 0x0000000087a00000, 0x0000000087a00000| Complete 
| 123|0x0000000087b00000, 0x0000000087c00000, 0x0000000087c00000|100%| E|CS|TAMS 0x0000000087b00000, 0x0000000087b00000| Complete 
| 124|0x0000000087c00000, 0x0000000087c75e28, 0x0000000087d00000| 46%| S|CS|TAMS 0x0000000087c00000, 0x0000000087c00000| Complete 
| 125|0x0000000087d00000, 0x0000000087e00000, 0x0000000087e00000|100%| S|CS|TAMS 0x0000000087d00000, 0x0000000087d00000| Complete 
| 126|0x0000000087e00000, 0x0000000087f00000, 0x0000000087f00000|100%| S|CS|TAMS 0x0000000087e00000, 0x0000000087e00000| Complete 
| 127|0x0000000087f00000, 0x0000000088000000, 0x0000000088000000|100%| S|CS|TAMS 0x0000000087f00000, 0x0000000087f00000| Complete 
| 128|0x0000000088000000, 0x0000000088100000, 0x0000000088100000|100%| S|CS|TAMS 0x0000000088000000, 0x0000000088000000| Complete 
| 129|0x0000000088100000, 0x0000000088200000, 0x0000000088200000|100%| S|CS|TAMS 0x0000000088100000, 0x0000000088100000| Complete 
| 130|0x0000000088200000, 0x0000000088300000, 0x0000000088300000|100%| S|CS|TAMS 0x0000000088200000, 0x0000000088200000| Complete 
| 131|0x0000000088300000, 0x0000000088400000, 0x0000000088400000|100%| S|CS|TAMS 0x0000000088300000, 0x0000000088300000| Complete 
| 132|0x0000000088400000, 0x0000000088500000, 0x0000000088500000|100%| S|CS|TAMS 0x0000000088400000, 0x0000000088400000| Complete 
| 133|0x0000000088500000, 0x0000000088600000, 0x0000000088600000|100%| S|CS|TAMS 0x0000000088500000, 0x0000000088500000| Complete 
| 134|0x0000000088600000, 0x0000000088700000, 0x0000000088700000|100%| S|CS|TAMS 0x0000000088600000, 0x0000000088600000| Complete 
| 135|0x0000000088700000, 0x0000000088800000, 0x0000000088800000|100%| S|CS|TAMS 0x0000000088700000, 0x0000000088700000| Complete 
| 136|0x0000000088800000, 0x0000000088900000, 0x0000000088900000|100%| S|CS|TAMS 0x0000000088800000, 0x0000000088800000| Complete 
| 137|0x0000000088900000, 0x0000000088a00000, 0x0000000088a00000|100%| E|CS|TAMS 0x0000000088900000, 0x0000000088900000| Complete 
| 138|0x0000000088a00000, 0x0000000088b00000, 0x0000000088b00000|100%| E|CS|TAMS 0x0000000088a00000, 0x0000000088a00000| Complete 
| 139|0x0000000088b00000, 0x0000000088c00000, 0x0000000088c00000|100%| E|CS|TAMS 0x0000000088b00000, 0x0000000088b00000| Complete 
| 140|0x0000000088c00000, 0x0000000088d00000, 0x0000000088d00000|100%| E|CS|TAMS 0x0000000088c00000, 0x0000000088c00000| Complete 
| 141|0x0000000088d00000, 0x0000000088e00000, 0x0000000088e00000|100%| E|CS|TAMS 0x0000000088d00000, 0x0000000088d00000| Complete 
| 142|0x0000000088e00000, 0x0000000088f00000, 0x0000000088f00000|100%| E|CS|TAMS 0x0000000088e00000, 0x0000000088e00000| Complete 
| 143|0x0000000088f00000, 0x0000000089000000, 0x0000000089000000|100%| E|CS|TAMS 0x0000000088f00000, 0x0000000088f00000| Complete 
| 144|0x0000000089000000, 0x0000000089100000, 0x0000000089100000|100%| E|CS|TAMS 0x0000000089000000, 0x0000000089000000| Complete 
| 145|0x0000000089100000, 0x0000000089200000, 0x0000000089200000|100%| E|CS|TAMS 0x0000000089100000, 0x0000000089100000| Complete 
| 146|0x0000000089200000, 0x0000000089300000, 0x0000000089300000|100%| E|CS|TAMS 0x0000000089200000, 0x0000000089200000| Complete 
| 147|0x0000000089300000, 0x0000000089400000, 0x0000000089400000|100%| E|CS|TAMS 0x0000000089300000, 0x0000000089300000| Complete 
| 148|0x0000000089400000, 0x0000000089500000, 0x0000000089500000|100%| E|CS|TAMS 0x0000000089400000, 0x0000000089400000| Complete 
| 149|0x0000000089500000, 0x0000000089600000, 0x0000000089600000|100%| E|CS|TAMS 0x0000000089500000, 0x0000000089500000| Complete 
| 150|0x0000000089600000, 0x0000000089700000, 0x0000000089700000|100%| E|CS|TAMS 0x0000000089600000, 0x0000000089600000| Complete 
| 151|0x0000000089700000, 0x0000000089800000, 0x0000000089800000|100%| E|CS|TAMS 0x0000000089700000, 0x0000000089700000| Complete 
| 152|0x0000000089800000, 0x0000000089900000, 0x0000000089900000|100%| E|CS|TAMS 0x0000000089800000, 0x0000000089800000| Complete 
| 153|0x0000000089900000, 0x0000000089a00000, 0x0000000089a00000|100%| E|CS|TAMS 0x0000000089900000, 0x0000000089900000| Complete 
| 154|0x0000000089a00000, 0x0000000089b00000, 0x0000000089b00000|100%| E|CS|TAMS 0x0000000089a00000, 0x0000000089a00000| Complete 
| 155|0x0000000089b00000, 0x0000000089c00000, 0x0000000089c00000|100%| E|CS|TAMS 0x0000000089b00000, 0x0000000089b00000| Complete 
| 156|0x0000000089c00000, 0x0000000089d00000, 0x0000000089d00000|100%| E|CS|TAMS 0x0000000089c00000, 0x0000000089c00000| Complete 
| 157|0x0000000089d00000, 0x0000000089e00000, 0x0000000089e00000|100%| E|CS|TAMS 0x0000000089d00000, 0x0000000089d00000| Complete 
| 158|0x0000000089e00000, 0x0000000089f00000, 0x0000000089f00000|100%| E|CS|TAMS 0x0000000089e00000, 0x0000000089e00000| Complete 
| 159|0x0000000089f00000, 0x000000008a000000, 0x000000008a000000|100%| E|CS|TAMS 0x0000000089f00000, 0x0000000089f00000| Complete 
| 160|0x000000008a000000, 0x000000008a100000, 0x000000008a100000|100%| E|CS|TAMS 0x000000008a000000, 0x000000008a000000| Complete 
| 161|0x000000008a100000, 0x000000008a200000, 0x000000008a200000|100%| E|CS|TAMS 0x000000008a100000, 0x000000008a100000| Complete 
| 162|0x000000008a200000, 0x000000008a300000, 0x000000008a300000|100%| E|CS|TAMS 0x000000008a200000, 0x000000008a200000| Complete 
| 163|0x000000008a300000, 0x000000008a400000, 0x000000008a400000|100%| E|CS|TAMS 0x000000008a300000, 0x000000008a300000| Complete 
| 164|0x000000008a400000, 0x000000008a500000, 0x000000008a500000|100%| E|CS|TAMS 0x000000008a400000, 0x000000008a400000| Complete 
| 165|0x000000008a500000, 0x000000008a600000, 0x000000008a600000|100%| E|CS|TAMS 0x000000008a500000, 0x000000008a500000| Complete 
| 166|0x000000008a600000, 0x000000008a700000, 0x000000008a700000|100%| E|CS|TAMS 0x000000008a600000, 0x000000008a600000| Complete 
| 167|0x000000008a700000, 0x000000008a800000, 0x000000008a800000|100%| E|CS|TAMS 0x000000008a700000, 0x000000008a700000| Complete 
| 168|0x000000008a800000, 0x000000008a900000, 0x000000008a900000|100%| E|CS|TAMS 0x000000008a800000, 0x000000008a800000| Complete 
| 169|0x000000008a900000, 0x000000008aa00000, 0x000000008aa00000|100%| E|CS|TAMS 0x000000008a900000, 0x000000008a900000| Complete 
| 170|0x000000008aa00000, 0x000000008ab00000, 0x000000008ab00000|100%| E|CS|TAMS 0x000000008aa00000, 0x000000008aa00000| Complete 
| 171|0x000000008ab00000, 0x000000008ac00000, 0x000000008ac00000|100%| E|CS|TAMS 0x000000008ab00000, 0x000000008ab00000| Complete 
| 172|0x000000008ac00000, 0x000000008ad00000, 0x000000008ad00000|100%| E|CS|TAMS 0x000000008ac00000, 0x000000008ac00000| Complete 
| 173|0x000000008ad00000, 0x000000008ae00000, 0x000000008ae00000|100%| E|CS|TAMS 0x000000008ad00000, 0x000000008ad00000| Complete 
| 174|0x000000008ae00000, 0x000000008af00000, 0x000000008af00000|100%| E|CS|TAMS 0x000000008ae00000, 0x000000008ae00000| Complete 
| 175|0x000000008af00000, 0x000000008b000000, 0x000000008b000000|100%| E|CS|TAMS 0x000000008af00000, 0x000000008af00000| Complete 
| 176|0x000000008b000000, 0x000000008b100000, 0x000000008b100000|100%| E|CS|TAMS 0x000000008b000000, 0x000000008b000000| Complete 
| 177|0x000000008b100000, 0x000000008b200000, 0x000000008b200000|100%| E|CS|TAMS 0x000000008b100000, 0x000000008b100000| Complete 
| 178|0x000000008b200000, 0x000000008b300000, 0x000000008b300000|100%| E|CS|TAMS 0x000000008b200000, 0x000000008b200000| Complete 
| 179|0x000000008b300000, 0x000000008b400000, 0x000000008b400000|100%| E|CS|TAMS 0x000000008b300000, 0x000000008b300000| Complete 
| 180|0x000000008b400000, 0x000000008b500000, 0x000000008b500000|100%| E|CS|TAMS 0x000000008b400000, 0x000000008b400000| Complete 
| 181|0x000000008b500000, 0x000000008b600000, 0x000000008b600000|100%| E|CS|TAMS 0x000000008b500000, 0x000000008b500000| Complete 
| 182|0x000000008b600000, 0x000000008b700000, 0x000000008b700000|100%| E|CS|TAMS 0x000000008b600000, 0x000000008b600000| Complete 
| 183|0x000000008b700000, 0x000000008b800000, 0x000000008b800000|100%| E|CS|TAMS 0x000000008b700000, 0x000000008b700000| Complete 
| 184|0x000000008b800000, 0x000000008b900000, 0x000000008b900000|100%| E|CS|TAMS 0x000000008b800000, 0x000000008b800000| Complete 
| 185|0x000000008b900000, 0x000000008ba00000, 0x000000008ba00000|100%| E|CS|TAMS 0x000000008b900000, 0x000000008b900000| Complete 
| 186|0x000000008ba00000, 0x000000008bb00000, 0x000000008bb00000|100%| E|CS|TAMS 0x000000008ba00000, 0x000000008ba00000| Complete 
| 187|0x000000008bb00000, 0x000000008bc00000, 0x000000008bc00000|100%| E|CS|TAMS 0x000000008bb00000, 0x000000008bb00000| Complete 
| 188|0x000000008bc00000, 0x000000008bd00000, 0x000000008bd00000|100%| E|CS|TAMS 0x000000008bc00000, 0x000000008bc00000| Complete 
| 189|0x000000008bd00000, 0x000000008be00000, 0x000000008be00000|100%| E|CS|TAMS 0x000000008bd00000, 0x000000008bd00000| Complete 
| 190|0x000000008be00000, 0x000000008bf00000, 0x000000008bf00000|100%| E|CS|TAMS 0x000000008be00000, 0x000000008be00000| Complete 
| 191|0x000000008bf00000, 0x000000008c000000, 0x000000008c000000|100%| E|CS|TAMS 0x000000008bf00000, 0x000000008bf00000| Complete 
| 192|0x000000008c000000, 0x000000008c100000, 0x000000008c100000|100%| E|CS|TAMS 0x000000008c000000, 0x000000008c000000| Complete 
| 193|0x000000008c100000, 0x000000008c200000, 0x000000008c200000|100%| E|CS|TAMS 0x000000008c100000, 0x000000008c100000| Complete 
| 194|0x000000008c200000, 0x000000008c300000, 0x000000008c300000|100%| E|CS|TAMS 0x000000008c200000, 0x000000008c200000| Complete 
| 195|0x000000008c300000, 0x000000008c400000, 0x000000008c400000|100%| E|CS|TAMS 0x000000008c300000, 0x000000008c300000| Complete 
| 196|0x000000008c400000, 0x000000008c500000, 0x000000008c500000|100%| E|CS|TAMS 0x000000008c400000, 0x000000008c400000| Complete 
| 197|0x000000008c500000, 0x000000008c600000, 0x000000008c600000|100%| E|CS|TAMS 0x000000008c500000, 0x000000008c500000| Complete 
| 198|0x000000008c600000, 0x000000008c700000, 0x000000008c700000|100%| E|CS|TAMS 0x000000008c600000, 0x000000008c600000| Complete 
| 199|0x000000008c700000, 0x000000008c800000, 0x000000008c800000|100%| E|CS|TAMS 0x000000008c700000, 0x000000008c700000| Complete 
| 200|0x000000008c800000, 0x000000008c900000, 0x000000008c900000|100%| E|CS|TAMS 0x000000008c800000, 0x000000008c800000| Complete 
| 201|0x000000008c900000, 0x000000008ca00000, 0x000000008ca00000|100%| E|CS|TAMS 0x000000008c900000, 0x000000008c900000| Complete 
| 202|0x000000008ca00000, 0x000000008cb00000, 0x000000008cb00000|100%| E|CS|TAMS 0x000000008ca00000, 0x000000008ca00000| Complete 
| 203|0x000000008cb00000, 0x000000008cc00000, 0x000000008cc00000|100%| E|CS|TAMS 0x000000008cb00000, 0x000000008cb00000| Complete 
| 204|0x000000008cc00000, 0x000000008cd00000, 0x000000008cd00000|100%| E|CS|TAMS 0x000000008cc00000, 0x000000008cc00000| Complete 
| 205|0x000000008cd00000, 0x000000008ce00000, 0x000000008ce00000|100%| E|CS|TAMS 0x000000008cd00000, 0x000000008cd00000| Complete 
| 206|0x000000008ce00000, 0x000000008cf00000, 0x000000008cf00000|100%| E|CS|TAMS 0x000000008ce00000, 0x000000008ce00000| Complete 
| 207|0x000000008cf00000, 0x000000008d000000, 0x000000008d000000|100%| E|CS|TAMS 0x000000008cf00000, 0x000000008cf00000| Complete 
| 208|0x000000008d000000, 0x000000008d100000, 0x000000008d100000|100%| E|CS|TAMS 0x000000008d000000, 0x000000008d000000| Complete 
| 209|0x000000008d100000, 0x000000008d200000, 0x000000008d200000|100%| E|CS|TAMS 0x000000008d100000, 0x000000008d100000| Complete 
| 210|0x000000008d200000, 0x000000008d300000, 0x000000008d300000|100%| E|CS|TAMS 0x000000008d200000, 0x000000008d200000| Complete 
| 211|0x000000008d300000, 0x000000008d400000, 0x000000008d400000|100%| E|CS|TAMS 0x000000008d300000, 0x000000008d300000| Complete 
| 212|0x000000008d400000, 0x000000008d500000, 0x000000008d500000|100%| E|CS|TAMS 0x000000008d400000, 0x000000008d400000| Complete 
| 213|0x000000008d500000, 0x000000008d600000, 0x000000008d600000|100%| E|CS|TAMS 0x000000008d500000, 0x000000008d500000| Complete 
| 214|0x000000008d600000, 0x000000008d700000, 0x000000008d700000|100%| E|CS|TAMS 0x000000008d600000, 0x000000008d600000| Complete 
| 215|0x000000008d700000, 0x000000008d800000, 0x000000008d800000|100%| E|CS|TAMS 0x000000008d700000, 0x000000008d700000| Complete 
| 216|0x000000008d800000, 0x000000008d900000, 0x000000008d900000|100%| E|CS|TAMS 0x000000008d800000, 0x000000008d800000| Complete 
| 217|0x000000008d900000, 0x000000008da00000, 0x000000008da00000|100%| E|CS|TAMS 0x000000008d900000, 0x000000008d900000| Complete 
| 218|0x000000008da00000, 0x000000008db00000, 0x000000008db00000|100%| E|CS|TAMS 0x000000008da00000, 0x000000008da00000| Complete 
| 219|0x000000008db00000, 0x000000008dc00000, 0x000000008dc00000|100%| E|CS|TAMS 0x000000008db00000, 0x000000008db00000| Complete 
| 220|0x000000008dc00000, 0x000000008dd00000, 0x000000008dd00000|100%| E|CS|TAMS 0x000000008dc00000, 0x000000008dc00000| Complete 
| 221|0x000000008dd00000, 0x000000008de00000, 0x000000008de00000|100%| E|CS|TAMS 0x000000008dd00000, 0x000000008dd00000| Complete 
| 222|0x000000008de00000, 0x000000008df00000, 0x000000008df00000|100%| E|CS|TAMS 0x000000008de00000, 0x000000008de00000| Complete 
| 223|0x000000008df00000, 0x000000008e000000, 0x000000008e000000|100%| E|CS|TAMS 0x000000008df00000, 0x000000008df00000| Complete 
| 224|0x000000008e000000, 0x000000008e100000, 0x000000008e100000|100%| E|CS|TAMS 0x000000008e000000, 0x000000008e000000| Complete 
| 225|0x000000008e100000, 0x000000008e200000, 0x000000008e200000|100%| E|CS|TAMS 0x000000008e100000, 0x000000008e100000| Complete 
| 226|0x000000008e200000, 0x000000008e300000, 0x000000008e300000|100%| E|CS|TAMS 0x000000008e200000, 0x000000008e200000| Complete 
| 227|0x000000008e300000, 0x000000008e400000, 0x000000008e400000|100%| E|CS|TAMS 0x000000008e300000, 0x000000008e300000| Complete 
| 228|0x000000008e400000, 0x000000008e500000, 0x000000008e500000|100%| E|CS|TAMS 0x000000008e400000, 0x000000008e400000| Complete 
| 229|0x000000008e500000, 0x000000008e600000, 0x000000008e600000|100%| E|CS|TAMS 0x000000008e500000, 0x000000008e500000| Complete 
| 230|0x000000008e600000, 0x000000008e700000, 0x000000008e700000|100%| E|CS|TAMS 0x000000008e600000, 0x000000008e600000| Complete 
| 231|0x000000008e700000, 0x000000008e800000, 0x000000008e800000|100%| E|CS|TAMS 0x000000008e700000, 0x000000008e700000| Complete 
| 232|0x000000008e800000, 0x000000008e900000, 0x000000008e900000|100%| E|CS|TAMS 0x000000008e800000, 0x000000008e800000| Complete 
| 233|0x000000008e900000, 0x000000008ea00000, 0x000000008ea00000|100%| E|CS|TAMS 0x000000008e900000, 0x000000008e900000| Complete 
| 234|0x000000008ea00000, 0x000000008eb00000, 0x000000008eb00000|100%| E|CS|TAMS 0x000000008ea00000, 0x000000008ea00000| Complete 
| 235|0x000000008eb00000, 0x000000008ec00000, 0x000000008ec00000|100%| E|CS|TAMS 0x000000008eb00000, 0x000000008eb00000| Complete 
| 236|0x000000008ec00000, 0x000000008ed00000, 0x000000008ed00000|100%| E|CS|TAMS 0x000000008ec00000, 0x000000008ec00000| Complete 
| 237|0x000000008ed00000, 0x000000008ee00000, 0x000000008ee00000|100%| E|CS|TAMS 0x000000008ed00000, 0x000000008ed00000| Complete 
| 238|0x000000008ee00000, 0x000000008ef00000, 0x000000008ef00000|100%| E|CS|TAMS 0x000000008ee00000, 0x000000008ee00000| Complete 
| 239|0x000000008ef00000, 0x000000008f000000, 0x000000008f000000|100%| E|CS|TAMS 0x000000008ef00000, 0x000000008ef00000| Complete 
| 240|0x000000008f000000, 0x000000008f100000, 0x000000008f100000|100%| E|CS|TAMS 0x000000008f000000, 0x000000008f000000| Complete 
| 241|0x000000008f100000, 0x000000008f200000, 0x000000008f200000|100%| E|CS|TAMS 0x000000008f100000, 0x000000008f100000| Complete 
| 242|0x000000008f200000, 0x000000008f300000, 0x000000008f300000|100%| E|CS|TAMS 0x000000008f200000, 0x000000008f200000| Complete 
| 243|0x000000008f300000, 0x000000008f400000, 0x000000008f400000|100%| E|CS|TAMS 0x000000008f300000, 0x000000008f300000| Complete 
| 244|0x000000008f400000, 0x000000008f500000, 0x000000008f500000|100%| E|CS|TAMS 0x000000008f400000, 0x000000008f400000| Complete 
| 245|0x000000008f500000, 0x000000008f600000, 0x000000008f600000|100%| E|CS|TAMS 0x000000008f500000, 0x000000008f500000| Complete 
| 246|0x000000008f600000, 0x000000008f700000, 0x000000008f700000|100%| E|CS|TAMS 0x000000008f600000, 0x000000008f600000| Complete 
| 247|0x000000008f700000, 0x000000008f800000, 0x000000008f800000|100%| E|CS|TAMS 0x000000008f700000, 0x000000008f700000| Complete 
| 248|0x000000008f800000, 0x000000008f900000, 0x000000008f900000|100%| E|CS|TAMS 0x000000008f800000, 0x000000008f800000| Complete 
| 249|0x000000008f900000, 0x000000008fa00000, 0x000000008fa00000|100%| E|CS|TAMS 0x000000008f900000, 0x000000008f900000| Complete 
| 250|0x000000008fa00000, 0x000000008fb00000, 0x000000008fb00000|100%| E|CS|TAMS 0x000000008fa00000, 0x000000008fa00000| Complete 
| 251|0x000000008fb00000, 0x000000008fc00000, 0x000000008fc00000|100%| E|CS|TAMS 0x000000008fb00000, 0x000000008fb00000| Complete 
| 252|0x000000008fc00000, 0x000000008fd00000, 0x000000008fd00000|100%| E|CS|TAMS 0x000000008fc00000, 0x000000008fc00000| Complete 
| 253|0x000000008fd00000, 0x000000008fe00000, 0x000000008fe00000|100%| E|CS|TAMS 0x000000008fd00000, 0x000000008fd00000| Complete 

Card table byte_map: [0x0000014e2cc00000,0x0000014e2d000000] _byte_map_base: 0x0000014e2c800000

Marking Bits (Prev, Next): (CMBitMap*) 0x0000014e15e22658, (CMBitMap*) 0x0000014e15e22690
 Prev Bits: [0x0000014e2d400000, 0x0000014e2f400000)
 Next Bits: [0x0000014e2f400000, 0x0000014e31400000)

Polling page: 0x0000014e13da0000

Metaspace:

Usage:
  Non-class:     43.87 MB capacity,    43.08 MB ( 98%) used,   661.30 KB (  1%) free+waste,   144.62 KB ( <1%) overhead. 
      Class:      7.02 MB capacity,     6.43 MB ( 92%) used,   524.66 KB (  7%) free+waste,    73.25 KB (  1%) overhead. 
       Both:     50.89 MB capacity,    49.51 MB ( 97%) used,     1.16 MB (  2%) free+waste,   217.88 KB ( <1%) overhead. 

Virtual space:
  Non-class space:       44.00 MB reserved,      43.95 MB (>99%) committed 
      Class space:      504.00 MB reserved,       7.12 MB (  1%) committed 
             Both:      548.00 MB reserved,      51.07 MB (  9%) committed 

Chunk freelists:
   Non-Class:  2.50 KB
       Class:  1.62 KB
        Both:  4.12 KB

CodeHeap 'non-profiled nmethods': size=120000Kb used=3058Kb max_used=3058Kb free=116941Kb
 bounds [0x0000014e24f90000, 0x0000014e25290000, 0x0000014e2c4c0000]
CodeHeap 'profiled nmethods': size=120000Kb used=10848Kb max_used=10848Kb free=109151Kb
 bounds [0x0000014e1da60000, 0x0000014e1e500000, 0x0000014e24f90000]
CodeHeap 'non-nmethods': size=5760Kb used=2246Kb max_used=2282Kb free=3513Kb
 bounds [0x0000014e1d4c0000, 0x0000014e1d730000, 0x0000014e1da60000]
 total_blobs=5989 nmethods=5175 adapters=725
 compilation: enabled
              stopped_count=0, restarted_count=0
 full_count=0

Compilation events (10 events):
Event: 92.431 Thread 0x0000014e3471e000 5181       1       org.apache.tools.ant.AntTypeDefinition::setClassName (6 bytes)
Event: 92.431 Thread 0x0000014e3471e000 nmethod 5181 0x0000014e2528b610 code [0x0000014e2528b7a0, 0x0000014e2528b898]
Event: 92.431 Thread 0x0000014e3471e000 5182       1       org.apache.tools.ant.AntTypeDefinition::setClassLoader (6 bytes)
Event: 92.431 Thread 0x0000014e3471e000 nmethod 5182 0x0000014e2528b910 code [0x0000014e2528baa0, 0x0000014e2528bb98]
Event: 92.431 Thread 0x0000014e3471e000 5183       1       org.apache.tools.ant.AntTypeDefinition::setAdaptToClass (6 bytes)
Event: 92.431 Thread 0x0000014e3471e000 nmethod 5183 0x0000014e2528bc10 code [0x0000014e2528bda0, 0x0000014e2528be98]
Event: 92.431 Thread 0x0000014e3471e000 5184       1       org.apache.tools.ant.AntTypeDefinition::setAdapterClass (6 bytes)
Event: 92.431 Thread 0x0000014e3471e000 nmethod 5184 0x0000014e2528bf10 code [0x0000014e2528c0a0, 0x0000014e2528c198]
Event: 92.431 Thread 0x0000014e3471e000 5185       3       org.apache.tools.ant.AntTypeDefinition::<init> (10 bytes)
Event: 92.431 Thread 0x0000014e3471e000 nmethod 5185 0x0000014e1e4f2c10 code [0x0000014e1e4f2da0, 0x0000014e1e4f2ef8]

GC Heap History (10 events):
Event: 15.189 GC heap before
{Heap before GC invocations=1 (full 0):
 garbage-first heap   total 260096K, used 106675K [0x0000000080000000, 0x0000000100000000)
  region size 1024K, 98 young (100352K), 3 survivors (3072K)
 Metaspace       used 20587K, capacity 21089K, committed 21248K, reserved 534528K
  class space    used 2518K, capacity 2700K, committed 2816K, reserved 516096K
}
Event: 15.326 GC heap after
{Heap after GC invocations=2 (full 0):
 garbage-first heap   total 260096K, used 17384K [0x0000000080000000, 0x0000000100000000)
  region size 1024K, 11 young (11264K), 11 survivors (11264K)
 Metaspace       used 20587K, capacity 21089K, committed 21248K, reserved 534528K
  class space    used 2518K, capacity 2700K, committed 2816K, reserved 516096K
}
Event: 15.680 GC heap before
{Heap before GC invocations=3 (full 0):
 garbage-first heap   total 260096K, used 38888K [0x0000000080000000, 0x0000000100000000)
  region size 1024K, 32 young (32768K), 11 survivors (11264K)
 Metaspace       used 22359K, capacity 22862K, committed 23040K, reserved 536576K
  class space    used 2837K, capacity 3038K, committed 3072K, reserved 516096K
}
Event: 15.687 GC heap after
{Heap after GC invocations=4 (full 0):
 garbage-first heap   total 260096K, used 18147K [0x0000000080000000, 0x0000000100000000)
  region size 1024K, 1 young (1024K), 1 survivors (1024K)
 Metaspace       used 22359K, capacity 22862K, committed 23040K, reserved 536576K
  class space    used 2837K, capacity 3038K, committed 3072K, reserved 516096K
}
Event: 17.908 GC heap before
{Heap before GC invocations=4 (full 0):
 garbage-first heap   total 260096K, used 91875K [0x0000000080000000, 0x0000000100000000)
  region size 1024K, 73 young (74752K), 1 survivors (1024K)
 Metaspace       used 29804K, capacity 30558K, committed 30720K, reserved 542720K
  class space    used 4002K, capacity 4254K, committed 4352K, reserved 516096K
}
Event: 17.913 GC heap after
{Heap after GC invocations=5 (full 0):
 garbage-first heap   total 260096K, used 20490K [0x0000000080000000, 0x0000000100000000)
  region size 1024K, 4 young (4096K), 4 survivors (4096K)
 Metaspace       used 29804K, capacity 30558K, committed 30720K, reserved 542720K
  class space    used 4002K, capacity 4254K, committed 4352K, reserved 516096K
}
Event: 19.070 GC heap before
{Heap before GC invocations=5 (full 0):
 garbage-first heap   total 260096K, used 40970K [0x0000000080000000, 0x0000000100000000)
  region size 1024K, 25 young (25600K), 4 survivors (4096K)
 Metaspace       used 34910K, capacity 35702K, committed 35840K, reserved 548864K
  class space    used 4548K, capacity 4864K, committed 4864K, reserved 516096K
}
Event: 19.077 GC heap after
{Heap after GC invocations=6 (full 0):
 garbage-first heap   total 260096K, used 22831K [0x0000000080000000, 0x0000000100000000)
  region size 1024K, 6 young (6144K), 6 survivors (6144K)
 Metaspace       used 34910K, capacity 35702K, committed 35840K, reserved 548864K
  class space    used 4548K, capacity 4864K, committed 4864K, reserved 516096K
}
Event: 64.292 GC heap before
{Heap before GC invocations=7 (full 0):
 garbage-first heap   total 260096K, used 140591K [0x0000000080000000, 0x0000000100000000)
  region size 1024K, 117 young (119808K), 6 survivors (6144K)
 Metaspace       used 42985K, capacity 44090K, committed 44364K, reserved 555008K
  class space    used 5462K, capacity 5925K, committed 6016K, reserved 516096K
}
Event: 64.305 GC heap after
{Heap after GC invocations=8 (full 0):
 garbage-first heap   total 260096K, used 29884K [0x0000000080000000, 0x0000000100000000)
  region size 1024K, 13 young (13312K), 13 survivors (13312K)
 Metaspace       used 42985K, capacity 44090K, committed 44364K, reserved 555008K
  class space    used 5462K, capacity 5925K, committed 6016K, reserved 516096K
}

Deoptimization events (10 events):
Event: 89.781 Thread 0x0000014e37b1a800 Uncommon trap: reason=bimorphic_or_optimized_type_check action=maybe_recompile pc=0x0000014e2526db5c method=java.util.HashMap.computeIfAbsent(Ljava/lang/Object;Ljava/util/function/Function;)Ljava/lang/Object; @ 142 c2
Event: 89.783 Thread 0x0000014e37b1a800 Uncommon trap: reason=bimorphic_or_optimized_type_check action=maybe_recompile pc=0x0000014e2526db5c method=java.util.HashMap.computeIfAbsent(Ljava/lang/Object;Ljava/util/function/Function;)Ljava/lang/Object; @ 142 c2
Event: 89.784 Thread 0x0000014e37b1a800 Uncommon trap: reason=bimorphic_or_optimized_type_check action=maybe_recompile pc=0x0000014e2526db5c method=java.util.HashMap.computeIfAbsent(Ljava/lang/Object;Ljava/util/function/Function;)Ljava/lang/Object; @ 142 c2
Event: 89.967 Thread 0x0000014e371ff000 Uncommon trap: reason=unstable_if action=reinterpret pc=0x0000014e2522eacc method=java.util.concurrent.ConcurrentHashMap.addCount(JI)V @ 34 c2
Event: 89.969 Thread 0x0000014e354b9000 Uncommon trap: reason=unstable_if action=reinterpret pc=0x0000014e2505078c method=java.util.concurrent.ConcurrentHashMap.addCount(JI)V @ 7 c2
Event: 92.197 Thread 0x0000014e37b1a800 Uncommon trap: reason=unstable_if action=reinterpret pc=0x0000014e251ffccc method=org.gradle.internal.snapshot.PathUtil.equalChars(CCLorg/gradle/internal/snapshot/CaseSensitivity;)Z @ 11 c2
Event: 92.226 Thread 0x0000014e354ab000 Uncommon trap: reason=unstable_if action=reinterpret pc=0x0000014e25279ea8 method=java.util.concurrent.locks.ReentrantLock$Sync.nonfairTryAcquire(I)Z @ 19 c2
Event: 92.227 Thread 0x0000014e354b5000 Uncommon trap: reason=unstable_if action=reinterpret pc=0x0000014e25278aac method=java.util.concurrent.locks.ReentrantLock$Sync.nonfairTryAcquire(I)Z @ 19 c2
Event: 92.275 Thread 0x0000014e37b1a800 Uncommon trap: reason=unstable_if action=reinterpret pc=0x0000014e24fe275c method=java.util.jar.Manifest$FastInputStream.readLine([BII)I @ 130 c2
Event: 92.337 Thread 0x0000014e37b1a800 Uncommon trap: reason=unstable_if action=reinterpret pc=0x0000014e2519db64 method=java.lang.StringCoding.newStringUTF8NoRepl([BII)Ljava/lang/String; @ 12 c2

Classes redefined (0 events):
No events

Internal exceptions (10 events):
Event: 69.663 Thread 0x0000014e37b1a800 Exception <a 'java/lang/NoSuchMethodError'{0x000000008ecbee00}: java.lang.invoke.DirectMethodHandle$Holder.invokeStatic(Ljava/lang/Object;ILjava/lang/Object;)Ljava/lang/Object;> (0x000000008ecbee00) thrown at [./open/src/hotspot/share/interpreter/linkReso
Event: 80.746 Thread 0x0000014e37b1a800 Implicit null exception at 0x0000014e25093454 to 0x0000014e25093664
Event: 89.379 Thread 0x0000014e37b1a800 Exception <a 'java/lang/IncompatibleClassChangeError'{0x000000008b601990}: Found class java.lang.Object, but interface was expected> (0x000000008b601990) thrown at [./open/src/hotspot/share/interpreter/linkResolver.cpp, line 838]
Event: 89.576 Thread 0x0000014e37b1a800 Exception <a 'java/lang/NoSuchMethodError'{0x000000008ae77ce8}: java.lang.invoke.DirectMethodHandle$Holder.invokeStaticInit(Ljava/lang/Object;)I> (0x000000008ae77ce8) thrown at [./open/src/hotspot/share/interpreter/linkResolver.cpp, line 772]
Event: 89.631 Thread 0x0000014e37b1a800 Exception <a 'java/lang/NoSuchMethodError'{0x000000008ac7d1e8}: java.lang.invoke.DirectMethodHandle$Holder.invokeStatic(Ljava/lang/Object;Ljava/lang/Object;Ljava/lang/Object;ILjava/lang/Object;)V> (0x000000008ac7d1e8) thrown at [./open/src/hotspot/share/i
Event: 92.357 Thread 0x0000014e37b1a800 Exception <a 'java/lang/ClassNotFoundException'{0x000000008908a868}: org/gradle/api/internal/project/DefaultProject_DecoratedBeanInfo> (0x000000008908a868) thrown at [./open/src/hotspot/share/classfile/systemDictionary.cpp, line 226]
Event: 92.360 Thread 0x0000014e37b1a800 Exception <a 'java/lang/ClassNotFoundException'{0x00000000890d14c0}: org/gradle/api/internal/project/DefaultProjectBeanInfo> (0x00000000890d14c0) thrown at [./open/src/hotspot/share/classfile/systemDictionary.cpp, line 226]
Event: 92.360 Thread 0x0000014e37b1a800 Exception <a 'java/lang/ClassNotFoundException'{0x00000000890fd450}: org/gradle/api/internal/project/DefaultProjectCustomizer> (0x00000000890fd450) thrown at [./open/src/hotspot/share/classfile/systemDictionary.cpp, line 226]
Event: 92.368 Thread 0x0000014e37b1a800 Exception <a 'java/lang/ClassNotFoundException'{0x0000000088fbf638}: org/gradle/api/internal/project/DefaultProject_DecoratedCustomizer> (0x0000000088fbf638) thrown at [./open/src/hotspot/share/classfile/systemDictionary.cpp, line 226]
Event: 92.400 Thread 0x0000014e37b1a800 Exception <a 'java/lang/IncompatibleClassChangeError'{0x0000000088d7a428}: Found class java.lang.Object, but interface was expected> (0x0000000088d7a428) thrown at [./open/src/hotspot/share/interpreter/linkResolver.cpp, line 838]

Events (10 events):
Event: 92.429 Thread 0x0000014e37b1a800 DEOPT PACKING pc=0x0000014e1e03df76 sp=0x00000007d94f6510
Event: 92.429 Thread 0x0000014e37b1a800 DEOPT UNPACKING pc=0x0000014e1d4e7b8e sp=0x00000007d94f5a28 mode 0
Event: 92.429 loading class org/apache/tools/ant/AntTypeDefinition
Event: 92.429 loading class org/apache/tools/ant/AntTypeDefinition done
Event: 92.430 loading class org/apache/tools/ant/TaskAdapter
Event: 92.430 loading class org/apache/tools/ant/TaskAdapter done
Event: 92.430 loading class org/apache/tools/ant/TypeAdapter
Event: 92.430 loading class org/apache/tools/ant/TypeAdapter done
Event: 92.431 loading class org/apache/tools/ant/DefaultDefinitions
Event: 92.431 loading class org/apache/tools/ant/DefaultDefinitions done


Dynamic libraries:
0x00007ff683920000 - 0x00007ff683930000 	C:\Program Files\Java\jdk-11\bin\java.exe
0x00007ffac1e30000 - 0x00007ffac2024000 	C:\WINDOWS\SYSTEM32\ntdll.dll
0x00007ffac06c0000 - 0x00007ffac077d000 	C:\WINDOWS\System32\KERNEL32.DLL
0x00007ffabfb60000 - 0x00007ffabfe27000 	C:\WINDOWS\System32\KERNELBASE.dll
0x00007ffabf890000 - 0x00007ffabf990000 	C:\WINDOWS\System32\ucrtbase.dll
0x00007ffaad850000 - 0x00007ffaad869000 	C:\Program Files\Java\jdk-11\bin\jli.dll
0x00007ffac1030000 - 0x00007ffac10da000 	C:\WINDOWS\System32\ADVAPI32.dll
0x00007ffac1470000 - 0x00007ffac150e000 	C:\WINDOWS\System32\msvcrt.dll
0x00007ffac0f90000 - 0x00007ffac102b000 	C:\WINDOWS\System32\sechost.dll
0x00007ffac0570000 - 0x00007ffac0693000 	C:\WINDOWS\System32\RPCRT4.dll
0x00007ffac12c0000 - 0x00007ffac1460000 	C:\WINDOWS\System32\USER32.dll
0x00007ffabf990000 - 0x00007ffabf9b2000 	C:\WINDOWS\System32\win32u.dll
0x00007ffac03b0000 - 0x00007ffac03da000 	C:\WINDOWS\System32\GDI32.dll
0x00007ffabf6d0000 - 0x00007ffabf7da000 	C:\WINDOWS\System32\gdi32full.dll
0x00007ffabfa70000 - 0x00007ffabfb0d000 	C:\WINDOWS\System32\msvcp_win.dll
0x00007ffab3af0000 - 0x00007ffab3b0b000 	C:\Program Files\Java\jdk-11\bin\VCRUNTIME140.dll
0x00007ffabea80000 - 0x00007ffabed1a000 	C:\WINDOWS\WinSxS\amd64_microsoft.windows.common-controls_6595b64144ccf1df_6.0.19041.1_none_b555e41d4684ddec\COMCTL32.dll
0x00007ffab5ce0000 - 0x00007ffab5cea000 	C:\WINDOWS\SYSTEM32\VERSION.dll
0x00007ffac10e0000 - 0x00007ffac1110000 	C:\WINDOWS\System32\IMM32.DLL
0x00007ffab66c0000 - 0x00007ffab66cc000 	C:\Program Files\Java\jdk-11\bin\vcruntime140_1.dll
0x00007ffaad7c0000 - 0x00007ffaad84e000 	C:\Program Files\Java\jdk-11\bin\msvcp140.dll
0x00007ffa72780000 - 0x00007ffa732ec000 	C:\Program Files\Java\jdk-11\bin\server\jvm.dll
0x00007ffac0bc0000 - 0x00007ffac0bc8000 	C:\WINDOWS\System32\PSAPI.DLL
0x00007ffab4260000 - 0x00007ffab4269000 	C:\WINDOWS\SYSTEM32\WSOCK32.dll
0x00007ffaa5ec0000 - 0x00007ffaa5ee7000 	C:\WINDOWS\SYSTEM32\WINMM.dll
0x00007ffac0f10000 - 0x00007ffac0f7b000 	C:\WINDOWS\System32\WS2_32.dll
0x00007ffabcf20000 - 0x00007ffabcf33000 	C:\WINDOWS\SYSTEM32\kernel.appcore.dll
0x00007ffab40e0000 - 0x00007ffab40f0000 	C:\Program Files\Java\jdk-11\bin\verify.dll
0x00007ffabefd0000 - 0x00007ffabf1b4000 	C:\WINDOWS\SYSTEM32\DBGHELP.DLL
0x00007ffabeee0000 - 0x00007ffabef0c000 	C:\WINDOWS\SYSTEM32\dbgcore.DLL
0x00007ffabf9c0000 - 0x00007ffabfa3f000 	C:\WINDOWS\System32\bcryptPrimitives.dll
0x00007ffaad790000 - 0x00007ffaad7b8000 	C:\Program Files\Java\jdk-11\bin\java.dll
0x00007ffab3560000 - 0x00007ffab356a000 	C:\Program Files\Java\jdk-11\bin\jimage.dll
0x00007ffaad770000 - 0x00007ffaad787000 	C:\Program Files\Java\jdk-11\bin\zip.dll
0x00007ffac1510000 - 0x00007ffac1c41000 	C:\WINDOWS\System32\SHELL32.dll
0x00007ffabd0b0000 - 0x00007ffabd83a000 	C:\WINDOWS\SYSTEM32\windows.storage.dll
0x00007ffac0780000 - 0x00007ffac0ad4000 	C:\WINDOWS\System32\combase.dll
0x00007ffabe8e0000 - 0x00007ffabe90b000 	C:\WINDOWS\SYSTEM32\Wldp.dll
0x00007ffac0bd0000 - 0x00007ffac0c7e000 	C:\WINDOWS\System32\SHCORE.dll
0x00007ffac03e0000 - 0x00007ffac0435000 	C:\WINDOWS\System32\shlwapi.dll
0x00007ffabf4b0000 - 0x00007ffabf4cf000 	C:\WINDOWS\SYSTEM32\profapi.dll
0x00007ffaad750000 - 0x00007ffaad769000 	C:\Program Files\Java\jdk-11\bin\net.dll
0x00007ffab9b30000 - 0x00007ffab9c32000 	C:\WINDOWS\SYSTEM32\WINHTTP.dll
0x00007ffabe680000 - 0x00007ffabe6ea000 	C:\WINDOWS\system32\mswsock.dll
0x00007ffaad730000 - 0x00007ffaad742000 	C:\Program Files\Java\jdk-11\bin\nio.dll
0x00007ffaad700000 - 0x00007ffaad727000 	C:\Users\Ayaz khalid\.gradle\native\e1d6ef7f7dcc3fd88c89a11ec53ec762bb8ba0a96d01ffa2cd45eb1d1d8dd5c5\windows-amd64\native-platform.dll
0x00007ffa7fd60000 - 0x00007ffa7fea4000 	C:\Users\Ayaz khalid\.gradle\native\0d407fdbe67a94daf76414ababcb853783967236a71b16ec16e742cd7a986fd3\windows-amd64\native-platform-file-events.dll
0x00007ffaad6f0000 - 0x00007ffaad6f9000 	C:\Program Files\Java\jdk-11\bin\management.dll
0x00007ffaad6e0000 - 0x00007ffaad6eb000 	C:\Program Files\Java\jdk-11\bin\management_ext.dll
0x00007ffabf1c0000 - 0x00007ffabf1d8000 	C:\WINDOWS\SYSTEM32\CRYPTSP.dll
0x00007ffabdfd0000 - 0x00007ffabe004000 	C:\WINDOWS\system32\rsaenh.dll
0x00007ffabfa40000 - 0x00007ffabfa67000 	C:\WINDOWS\System32\bcrypt.dll
0x00007ffabf430000 - 0x00007ffabf45e000 	C:\WINDOWS\SYSTEM32\USERENV.dll
0x00007ffabe850000 - 0x00007ffabe85c000 	C:\WINDOWS\SYSTEM32\CRYPTBASE.dll
0x00007ffabe310000 - 0x00007ffabe34b000 	C:\WINDOWS\SYSTEM32\IPHLPAPI.DLL
0x00007ffac1460000 - 0x00007ffac1469000 	C:\WINDOWS\System32\NSI.dll
0x00007ffab77c0000 - 0x00007ffab77d7000 	C:\WINDOWS\SYSTEM32\dhcpcsvc6.DLL
0x00007ffab76f0000 - 0x00007ffab770d000 	C:\WINDOWS\SYSTEM32\dhcpcsvc.DLL
0x00007ffabe360000 - 0x00007ffabe42a000 	C:\WINDOWS\SYSTEM32\DNSAPI.dll

dbghelp: loaded successfully - version: 4.0.5 - missing functions: none
symbol engine: initialized successfully - sym options: 0x614 - pdb path: .;C:\Program Files\Java\jdk-11\bin;C:\WINDOWS\SYSTEM32;C:\WINDOWS\WinSxS\amd64_microsoft.windows.common-controls_6595b64144ccf1df_6.0.19041.1_none_b555e41d4684ddec;C:\Program Files\Java\jdk-11\bin\server;C:\Users\Ayaz khalid\.gradle\native\e1d6ef7f7dcc3fd88c89a11ec53ec762bb8ba0a96d01ffa2cd45eb1d1d8dd5c5\windows-amd64;C:\Users\Ayaz khalid\.gradle\native\0d407fdbe67a94daf76414ababcb853783967236a71b16ec16e742cd7a986fd3\windows-amd64

VM Arguments:
jvm_args: -XX:MaxMetaspaceSize=512m --add-opens=java.base/java.util=ALL-UNNAMED --add-opens=java.base/java.lang=ALL-UNNAMED --add-opens=java.base/java.lang.invoke=ALL-UNNAMED --add-opens=java.base/java.util=ALL-UNNAMED --add-opens=java.prefs/java.util.prefs=ALL-UNNAMED --add-opens=java.prefs/java.util.prefs=ALL-UNNAMED --add-opens=java.base/java.nio.charset=ALL-UNNAMED --add-opens=java.base/java.net=ALL-UNNAMED --add-opens=java.base/java.util.concurrent.atomic=ALL-UNNAMED -Xmx2048m -Dfile.encoding=windows-1252 -Duser.country=US -Duser.language=en -Duser.variant 
java_command: org.gradle.launcher.daemon.bootstrap.GradleDaemon 7.5.1
java_class_path (initial): C:\Users\Ayaz khalid\.gradle\wrapper\dists\gradle-7.5.1-all\1ehga6e77gqps5uk2kc5kf1vc\gradle-7.5.1\lib\gradle-launcher-7.5.1.jar
Launcher Type: SUN_STANDARD

[Global flags]
     intx CICompilerCount                          = 4                                         {product} {ergonomic}
   size_t CompressedClassSpaceSize                 = 528482304                                 {product} {ergonomic}
     uint ConcGCThreads                            = 2                                         {product} {ergonomic}
     uint G1ConcRefinementThreads                  = 8                                         {product} {ergonomic}
   size_t G1HeapRegionSize                         = 1048576                                   {product} {ergonomic}
    uintx GCDrainStackTargetSize                   = 64                                        {product} {ergonomic}
   size_t InitialHeapSize                          = 266338304                                 {product} {ergonomic}
   size_t MarkStackSize                            = 4194304                                   {product} {ergonomic}
   size_t MaxHeapSize                              = 2147483648                                {product} {command line}
   size_t MaxMetaspaceSize                         = 536870912                                 {product} {command line}
   size_t MaxNewSize                               = 1287651328                                {product} {ergonomic}
   size_t MinHeapDeltaBytes                        = 1048576                                   {product} {ergonomic}
    uintx NonNMethodCodeHeapSize                   = 5836300                                {pd product} {ergonomic}
    uintx NonProfiledCodeHeapSize                  = 122910970                              {pd product} {ergonomic}
    uintx ProfiledCodeHeapSize                     = 122910970                              {pd product} {ergonomic}
    uintx ReservedCodeCacheSize                    = 251658240                              {pd product} {ergonomic}
     bool SegmentedCodeCache                       = true                                      {product} {ergonomic}
     bool UseCompressedClassPointers               = true                                 {lp64_product} {ergonomic}
     bool UseCompressedOops                        = true                                 {lp64_product} {ergonomic}
     bool UseG1GC                                  = true                                      {product} {ergonomic}
     bool UseLargePagesIndividualAllocation        = false                                  {pd product} {ergonomic}

Logging:
Log output configuration:
 #0: stdout all=warning uptime,level,tags
 #1: stderr all=off uptime,level,tags

Environment Variables:
JAVA_HOME=C:\Program Files\Java\jdk-11
CLASSPATH=D:\Ayaz Khalid\Live-Projects\BMServicesPlayStoreLive\android\\gradle\wrapper\gradle-wrapper.jar
PATH=D:\Ayaz Khalid\Live-Projects\BMServicesPlayStoreLive\node_modules\.bin;D:\Ayaz Khalid\Live-Projects\BMServicesPlayStoreLive\node_modules\.bin;D:\Ayaz Khalid\Live-Projects\node_modules\.bin;D:\Ayaz Khalid\node_modules\.bin;D:\node_modules\.bin;C:\Program Files\nodejs\node_modules\npm\node_modules\@npmcli\run-script\lib\node-gyp-bin;D:\Ayaz Khalid\Live-Projects\BMServicesPlayStoreLive\node_modules\.bin;D:\Ayaz Khalid\Live-Projects\BMServicesPlayStoreLive\node_modules\.bin;D:\Ayaz Khalid\Live-Projects\node_modules\.bin;D:\Ayaz Khalid\node_modules\.bin;D:\node_modules\.bin;C:\Program Files\nodejs\node_modules\npm\node_modules\@npmcli\run-script\lib\node-gyp-bin;C:\Program Files (x86)\Common Files\Oracle\Java\javapath;C:\Program Files\Common Files\Oracle\Java\javapath;C:\WINDOWS\system32;C:\WINDOWS;C:\WINDOWS\System32\Wbem;C:\WINDOWS\System32\WindowsPowerShell\v1.0\;C:\WINDOWS\System32\OpenSSH\;C:\ProgramData\ComposerSetup\bin;C:\Program Files\nodejs\;C:\Program Files (x86)\Java\jre1.8.0_251\bin;C:\Program Files\PuTTY\;C:\Program Files\Git\cmd;C:\Users\Ayaz khalid\AppData\Local\Microsoft\WindowsApps;C:\Users\Ayaz khalid\AppData\Local\Programs\Microsoft VS Code\bin;C:\Users\Ayaz khalid\AppData\Local\Android\Sdk\platform-tools;C:\xampp\php;C:\Users\Ayaz khalid\AppData\Roaming\Composer\vendor\bin;C:\Users\Ayaz khalid\AppData\Local\GitHubDesktop\bin;C:\Users\Ayaz khalid\AppData\Roaming\npm;
USERNAME=Ayaz khalid
OS=Windows_NT
PROCESSOR_IDENTIFIER=Intel64 Family 6 Model 140 Stepping 1, GenuineIntel



---------------  S Y S T E M  ---------------

OS: Windows 10 , 64 bit Build 19041 (10.0.19041.1)

CPU:total 8 (initial active 8) (4 cores per cpu, 2 threads per core) family 6 model 140 stepping 1 microcode 0x66, cmov, cx8, fxsr, mmx, sse, sse2, sse3, ssse3, sse4.1, sse4.2, popcnt, avx, avx2, aes, clmul, erms, 3dnowpref, lzcnt, ht, tsc, tscinvbit, bmi1, bmi2, adx, evex, sha, fma

Memory: 4k page, system-wide physical 16183M (300M free)
TotalPageFile size 22543M (AvailPageFile size 5M)
current process WorkingSet (physical memory assigned to process): 308M, peak: 311M
current process commit charge ("private bytes"): 455M, peak: 463M

vm_info: Java HotSpot(TM) 64-Bit Server VM (11.0.19+9-LTS-224) for windows-amd64 JRE (11.0.19+9-LTS-224), built on Mar 27 2023 08:48:55 by "mach5one" with MS VC++ 17.1 (VS2022)

END.
